python script
[[-0.7071067811865475, 0.7071067811865475], [0.7071067811865475, 0.7071067811865475]]
----- N 2 segNum 10 -----
2022-04-15 15:16:06.595794: I tensorflow/compiler/jit/xla_cpu_device.cc:41] Not creating XLA devices, tf_xla_enable_xla_devices not set
2022-04-15 15:16:06.597094: I tensorflow/core/platform/cpu_feature_guard.cc:142] This TensorFlow binary is optimized with oneAPI Deep Neural Network Library (oneDNN) to use the following CPU instructions in performance-critical operations:  SSE4.1 SSE4.2 AVX AVX2 FMA
To enable them in other operations, rebuild TensorFlow with the appropriate compiler flags.
2022-04-15 15:16:06.598940: I tensorflow/core/common_runtime/process_util.cc:146] Creating new thread pool with default inter op setting: 2. Tune using inter_op_parallelism_threads for best performance.
detuning [-0.03815759905437846, 0.03815759905437846]
tau 150.0
mode [[-0.70710678  0.70710678]
 [ 0.70710678  0.70710678]]
k_list [0, 1]
this ions should have laser shined:  [0 1]
>>>>>>>>>> P and G calculate time used is: 0.6675117015838623 seconds
error: 2.4102808187762943e-07
constrain_error 2.256320700944059e-06
>>>>>>>>>> optimization time used is: 21.522546768188477 seconds
alpha max are: [1, 1]  for phonon cut-off in simulation
./calculation results/data/
segnum 10 (array([-0.47502435,  0.30956661,  0.47555304,  0.22467141, -0.49204552,
       -0.49239392,  0.19078295,  0.49872894,  0.30860051, -0.46816934]), array([-0.47502435,  0.30956661,  0.47555304,  0.22467141, -0.49204552,
       -0.49239392,  0.19078295,  0.49872894,  0.30860051, -0.46816934]))
test theta tf.Tensor(
[[0.        +0.j 0.39269795+0.j]
 [0.39269795+0.j 0.        +0.j]], shape=(2, 2), dtype=complex128)
----- break -----
[[0.4082482904638644, 0.7071067811865471, 0.5773502691896253], [-0.8164965809277256, 1.1180418011691705e-15, 0.5773502691896264], [0.40824829046386263, -0.7071067811865478, 0.5773502691896258]]
----- N 3 segNum 15 -----
detuning [-0.03407674048500508, 0.034076740485005544, 0.08145368634073809]
tau 225.0
mode [[ 4.08248290e-01 -8.16496581e-01  4.08248290e-01]
 [ 7.07106781e-01  1.11804180e-15 -7.07106781e-01]
 [ 5.77350269e-01  5.77350269e-01  5.77350269e-01]]
k_list [0, 1, 2]
this ions should have laser shined:  [0 1]
>>>>>>>>>> P and G calculate time used is: 4.953052282333374 seconds
error: 3.568732171547345e-06
constrain_error 7.469610875388e-07
>>>>>>>>>> optimization time used is: 17.58099603652954 seconds
alpha max are: [1, 1, 1]  for phonon cut-off in simulation
./calculation results/data/
segnum 15 (array([ 0.33030847, -0.49556739,  0.1201352 ,  0.49941438, -0.09793579,
       -0.49958241,  0.01779326,  0.49930436, -0.01321467, -0.49957099,
        0.26869814,  0.49993299, -0.39026071, -0.49682916,  0.49445164]), array([ 0.33030847, -0.49556739,  0.1201352 ,  0.49941438, -0.09793579,
       -0.49958241,  0.01779326,  0.49930436, -0.01321467, -0.49957099,
        0.26869814,  0.49993299, -0.39026071, -0.49682916,  0.49445164]))
test theta tf.Tensor(
[[0.39269871+0.j 0.39269871+0.j 0.        +0.j]
 [0.39269871+0.j 0.17104674+0.j 0.        +0.j]
 [0.        +0.j 0.        +0.j 0.        +0.j]], shape=(3, 3), dtype=complex128)
----- break -----
[[-0.25490142421265566, 0.500000000000002, 0.6595644501747807, 0.4999999999999972], [0.6595644501747805, -0.49999999999999833, 0.2549014242126576, 0.5000000000000004], [-0.6595644501747797, -0.49999999999999944, -0.25490142421265316, 0.5000000000000019], [0.25490142421265516, 0.5000000000000003, -0.6595644501747796, 0.5000000000000006]]
----- N 4 segNum 17 -----
detuning [-0.07466400128208613, -0.0267661166632534, 0.026766116663253865, 0.05928403581849113]
tau 254.99999999999997
mode [[-0.25490142  0.65956445 -0.65956445  0.25490142]
 [ 0.5        -0.5        -0.5         0.5       ]
 [ 0.65956445  0.25490142 -0.25490142 -0.65956445]
 [ 0.5         0.5         0.5         0.5       ]]
k_list [0, 1, 2, 3]
this ions should have laser shined:  [1 2]
>>>>>>>>>> P and G calculate time used is: 14.969291687011719 seconds
error: 0.158916282418292
constrain_error 8.622353409037942e-08
>>>>>>>>>> optimization time used is: 11.877235889434814 seconds
alpha max are: [1, 2, 1, 1]  for phonon cut-off in simulation
./calculation results/data/
segnum 17 (array([ 0.5       , -0.00472415,  0.5       ,  0.5       ,  0.5       ,
        0.5       ,  0.46770324,  0.5       ,  0.5       ,  0.5       ,
        0.46761354,  0.5       ,  0.5       ,  0.5       ,  0.5       ,
       -0.00464303,  0.5       ]), array([ 0.5       , -0.00472415,  0.5       ,  0.5       ,  0.5       ,
        0.5       ,  0.46770324,  0.5       ,  0.5       ,  0.5       ,
        0.46761354,  0.5       ,  0.5       ,  0.5       ,  0.5       ,
       -0.00464303,  0.5       ]))
test theta tf.Tensor(
[[0.        +0.j 0.        +0.j 0.        +0.j 0.        +0.j]
 [0.        +0.j 1.13101742+0.j 0.39269904+0.j 0.        +0.j]
 [0.        +0.j 0.39269904+0.j 1.13101742+0.j 0.        +0.j]
 [0.        +0.j 0.        +0.j 0.        +0.j 0.        +0.j]], shape=(4, 4), dtype=complex128)
----- N 4 segNum 18 -----
detuning [-0.07466400128208613, -0.0267661166632534, 0.026766116663253865, 0.05928403581849113]
tau 269.99999999999994
mode [[-0.25490142  0.65956445 -0.65956445  0.25490142]
 [ 0.5        -0.5        -0.5         0.5       ]
 [ 0.65956445  0.25490142 -0.25490142 -0.65956445]
 [ 0.5         0.5         0.5         0.5       ]]
k_list [0, 1, 2, 3]
this ions should have laser shined:  [1 2]
>>>>>>>>>> P and G calculate time used is: 16.703017711639404 seconds
error: 0.02987817772775565
constrain_error 1.0826025220733726e-07
>>>>>>>>>> optimization time used is: 13.430765390396118 seconds
alpha max are: [1, 2, 1, 1]  for phonon cut-off in simulation
./calculation results/data/
segnum 18 (array([ 0.5       , -0.08188638,  0.47777061,  0.5       ,  0.5       ,
        0.5       ,  0.5       ,  0.5       ,  0.49592467,  0.49647937,
        0.5       ,  0.5       ,  0.5       ,  0.5       ,  0.5       ,
        0.47773787, -0.08236806,  0.5       ]), array([ 0.5       , -0.08188638,  0.47777061,  0.5       ,  0.5       ,
        0.5       ,  0.5       ,  0.5       ,  0.49592467,  0.49647937,
        0.5       ,  0.5       ,  0.5       ,  0.5       ,  0.5       ,
        0.47773787, -0.08236806,  0.5       ]))
test theta tf.Tensor(
[[0.        +0.j 0.        +0.j 0.        +0.j 0.        +0.j]
 [0.        +0.j 1.16791661+0.j 0.39269914+0.j 0.        +0.j]
 [0.        +0.j 0.39269914+0.j 1.16791661+0.j 0.        +0.j]
 [0.        +0.j 0.        +0.j 0.        +0.j 0.        +0.j]], shape=(4, 4), dtype=complex128)
----- N 4 segNum 19 -----
detuning [-0.07466400128208613, -0.0267661166632534, 0.026766116663253865, 0.05928403581849113]
tau 285.0
mode [[-0.25490142  0.65956445 -0.65956445  0.25490142]
 [ 0.5        -0.5        -0.5         0.5       ]
 [ 0.65956445  0.25490142 -0.25490142 -0.65956445]
 [ 0.5         0.5         0.5         0.5       ]]
k_list [0, 1, 2, 3]
this ions should have laser shined:  [1 2]
>>>>>>>>>> P and G calculate time used is: 18.541382312774658 seconds
error: 3.920406245998134e-06
constrain_error 3.2011371126627886e-05
>>>>>>>>>> optimization time used is: 115.23472952842712 seconds
alpha max are: [1, 2, 1, 1]  for phonon cut-off in simulation
./calculation results/data/
segnum 19 (array([0.43339295, 0.13296308, 0.12204031, 0.46916331, 0.4704194 ,
       0.44653773, 0.39334829, 0.49829703, 0.49972483, 0.4994882 ,
       0.49952144, 0.49706242, 0.39716005, 0.44155992, 0.47333949,
       0.46987673, 0.11657953, 0.13801385, 0.43032692]), array([0.43339295, 0.13296308, 0.12204031, 0.46916331, 0.4704194 ,
       0.44653773, 0.39334829, 0.49829703, 0.49972483, 0.4994882 ,
       0.49952144, 0.49706242, 0.39716005, 0.44155992, 0.47333949,
       0.46987673, 0.11657953, 0.13801385, 0.43032692]))
test theta tf.Tensor(
[[0.        +0.j 0.        +0.j 0.        +0.j 0.        +0.j]
 [0.        +0.j 1.00800889+0.j 0.39268308+0.j 0.        +0.j]
 [0.        +0.j 0.39268308+0.j 1.00800889+0.j 0.        +0.j]
 [0.        +0.j 0.        +0.j 0.        +0.j 0.        +0.j]], shape=(4, 4), dtype=complex128)
----- break -----
[[-0.17230893891831756, -0.3557281850836529, 0.5199130980931763, 0.611111657831111, -0.4472135954999583], [0.5023929691884956, 0.6111116578311125, -0.21817723187804444, 0.3557281850836525, -0.4472135954999592], [-0.6601680605403586, -2.261639967052279e-15, -0.6034717324302619, -2.1241612726540853e-16, -0.44721359549995776], [0.5023929691884984, -0.6111116578311121, -0.2181772318780434, -0.35572818508365306, -0.44721359549995726], [-0.17230893891831875, 0.3557281850836527, 0.5199130980931738, -0.6111116578311134, -0.44721359549995743]]
----- N 5 segNum 19 -----
detuning [-0.05578529897892941, -0.021588718082650796, 0.021588718082650563, 0.06406451048991503, 0.0879164644071306]
tau 285.0
mode [[-1.72308939e-01  5.02392969e-01 -6.60168061e-01  5.02392969e-01
  -1.72308939e-01]
 [-3.55728185e-01  6.11111658e-01 -2.26163997e-15 -6.11111658e-01
   3.55728185e-01]
 [ 5.19913098e-01 -2.18177232e-01 -6.03471732e-01 -2.18177232e-01
   5.19913098e-01]
 [ 6.11111658e-01  3.55728185e-01 -2.12416127e-16 -3.55728185e-01
  -6.11111658e-01]
 [-4.47213595e-01 -4.47213595e-01 -4.47213595e-01 -4.47213595e-01
  -4.47213595e-01]]
k_list [0, 1, 2, 3, 4]
this ions should have laser shined:  [1 3]
>>>>>>>>>> P and G calculate time used is: 36.27512979507446 seconds
error: 0.22795898236916795
constrain_error 5.082661037603131e-07
>>>>>>>>>> optimization time used is: 55.43825054168701 seconds
alpha max are: [1, 1, 1, 1, 1]  for phonon cut-off in simulation
./calculation results/data/
segnum 19 (array([-0.5       ,  0.5       ,  0.48725984, -0.5       ,  0.39305916,
        0.5       ,  0.29685311, -0.5       , -0.17083303,  0.5       ,
       -0.1722256 , -0.5       ,  0.2960407 ,  0.5       ,  0.39177226,
       -0.5       ,  0.49000503,  0.5       , -0.5       ]), array([-0.5       ,  0.5       ,  0.48725984, -0.5       ,  0.39305916,
        0.5       ,  0.29685311, -0.5       , -0.17083303,  0.5       ,
       -0.1722256 , -0.5       ,  0.2960407 ,  0.5       ,  0.39177226,
       -0.5       ,  0.49000503,  0.5       , -0.5       ]))
test theta tf.Tensor(
[[0.        +0.j 0.        +0.j 0.        +0.j 0.        +0.j
  0.        +0.j]
 [0.        +0.j 0.28186942+0.j 0.        +0.j 0.39269934+0.j
  0.        +0.j]
 [0.        +0.j 0.        +0.j 0.        +0.j 0.        +0.j
  0.        +0.j]
 [0.        +0.j 0.39269934+0.j 0.        +0.j 0.28186942+0.j
  0.        +0.j]
 [0.        +0.j 0.        +0.j 0.        +0.j 0.        +0.j
  0.        +0.j]], shape=(5, 5), dtype=complex128)
----- N 5 segNum 20 -----
detuning [-0.05578529897892941, -0.021588718082650796, 0.021588718082650563, 0.06406451048991503, 0.0879164644071306]
tau 300.0
mode [[-1.72308939e-01  5.02392969e-01 -6.60168061e-01  5.02392969e-01
  -1.72308939e-01]
 [-3.55728185e-01  6.11111658e-01 -2.26163997e-15 -6.11111658e-01
   3.55728185e-01]
 [ 5.19913098e-01 -2.18177232e-01 -6.03471732e-01 -2.18177232e-01
   5.19913098e-01]
 [ 6.11111658e-01  3.55728185e-01 -2.12416127e-16 -3.55728185e-01
  -6.11111658e-01]
 [-4.47213595e-01 -4.47213595e-01 -4.47213595e-01 -4.47213595e-01
  -4.47213595e-01]]
k_list [0, 1, 2, 3, 4]
this ions should have laser shined:  [1 3]
>>>>>>>>>> P and G calculate time used is: 40.517327070236206 seconds
error: 0.06459998333481815
constrain_error 7.314371287536758e-07
>>>>>>>>>> optimization time used is: 50.56234431266785 seconds
alpha max are: [1, 1, 1, 1, 1]  for phonon cut-off in simulation
./calculation results/data/
segnum 20 (array([-0.5       ,  0.5       ,  0.5       , -0.27035147, -0.15929698,
        0.5       ,  0.49445812, -0.5       , -0.46235158,  0.5       ,
        0.01869632, -0.5       ,  0.07908413,  0.5       ,  0.48025548,
       -0.5       ,  0.00136089,  0.5       , -0.01409001, -0.5       ]), array([-0.5       ,  0.5       ,  0.5       , -0.27035147, -0.15929698,
        0.5       ,  0.49445812, -0.5       , -0.46235158,  0.5       ,
        0.01869632, -0.5       ,  0.07908413,  0.5       ,  0.48025548,
       -0.5       ,  0.00136089,  0.5       , -0.01409001, -0.5       ]))
test theta tf.Tensor(
[[0.        +0.j 0.        +0.j 0.        +0.j 0.        +0.j
  0.        +0.j]
 [0.        +0.j 0.30935721+0.j 0.        +0.j 0.39269872+0.j
  0.        +0.j]
 [0.        +0.j 0.        +0.j 0.        +0.j 0.        +0.j
  0.        +0.j]
 [0.        +0.j 0.39269872+0.j 0.        +0.j 0.30935721+0.j
  0.        +0.j]
 [0.        +0.j 0.        +0.j 0.        +0.j 0.        +0.j
  0.        +0.j]], shape=(5, 5), dtype=complex128)
----- N 5 segNum 21 -----
detuning [-0.05578529897892941, -0.021588718082650796, 0.021588718082650563, 0.06406451048991503, 0.0879164644071306]
tau 315.0
mode [[-1.72308939e-01  5.02392969e-01 -6.60168061e-01  5.02392969e-01
  -1.72308939e-01]
 [-3.55728185e-01  6.11111658e-01 -2.26163997e-15 -6.11111658e-01
   3.55728185e-01]
 [ 5.19913098e-01 -2.18177232e-01 -6.03471732e-01 -2.18177232e-01
   5.19913098e-01]
 [ 6.11111658e-01  3.55728185e-01 -2.12416127e-16 -3.55728185e-01
  -6.11111658e-01]
 [-4.47213595e-01 -4.47213595e-01 -4.47213595e-01 -4.47213595e-01
  -4.47213595e-01]]
k_list [0, 1, 2, 3, 4]
this ions should have laser shined:  [1 3]
>>>>>>>>>> P and G calculate time used is: 44.036028146743774 seconds
error: 2.714855996886047e-06
constrain_error 3.071143564392642e-05
>>>>>>>>>> optimization time used is: 181.82591891288757 seconds
alpha max are: [1, 1, 1, 1, 1]  for phonon cut-off in simulation
./calculation results/data/
segnum 21 (array([-0.49884195, -0.07993867,  0.49780926,  0.24861383, -0.499134  ,
        0.24670412,  0.49857696,  0.30088603, -0.49954099, -0.20896582,
        0.34729313, -0.21526951, -0.49951733,  0.25852438,  0.49832923,
        0.26898098, -0.49903861,  0.25313971,  0.49696139, -0.02692969,
       -0.4978396 ]), array([-0.49884195, -0.07993867,  0.49780926,  0.24861383, -0.499134  ,
        0.24670412,  0.49857696,  0.30088603, -0.49954099, -0.20896582,
        0.34729313, -0.21526951, -0.49951733,  0.25852438,  0.49832923,
        0.26898098, -0.49903861,  0.25313971,  0.49696139, -0.02692969,
       -0.4978396 ]))
test theta tf.Tensor(
[[0.        +0.j 0.        +0.j 0.        +0.j 0.        +0.j
  0.        +0.j]
 [0.        +0.j 0.23542465+0.j 0.        +0.j 0.39268373+0.j
  0.        +0.j]
 [0.        +0.j 0.        +0.j 0.        +0.j 0.        +0.j
  0.        +0.j]
 [0.        +0.j 0.39268373+0.j 0.        +0.j 0.23542465+0.j
  0.        +0.j]
 [0.        +0.j 0.        +0.j 0.        +0.j 0.        +0.j
  0.        +0.j]], shape=(5, 5), dtype=complex128)
----- break -----
[[0.12350251246970244, 0.26231938146549677, -0.4016526769640513, 0.5143169017647523, 0.5687022564587594, -0.4082482904638591], [-0.38498355983286997, -0.5765711932567338, 0.44185271856709846, -0.029983202628233358, 0.3956688435463069, -0.4082482904638592], [0.5801161849768298, 0.3142518117912379, 0.3787364547841608, -0.4843336991365167, 0.14150586470337065, -0.4082482904638662], [-0.5801161849768394, 0.3142518117912234, -0.3787364547841611, -0.4843336991365115, -0.14150586470337048, -0.40824829046386757], [0.38498355983288235, -0.5765711932567249, -0.4418527185670981, -0.029983202628230714, -0.3956688435463037, -0.4082482904638637], [-0.12350251246970649, 0.262319381465494, 0.4016526769640545, 0.5143169017647551, -0.5687022564587525, -0.40824829046386246]]
----- N 6 segNum 22 -----
detuning [-0.07788970062869181, -0.05256538524708524, -0.018800173781577962, 0.018800173781577962, 0.05319729623615742, 0.07152832774193957]
tau 330.0
mode [[ 0.12350251 -0.38498356  0.58011618 -0.58011618  0.38498356 -0.12350251]
 [ 0.26231938 -0.57657119  0.31425181  0.31425181 -0.57657119  0.26231938]
 [-0.40165268  0.44185272  0.37873645 -0.37873645 -0.44185272  0.40165268]
 [ 0.5143169  -0.0299832  -0.4843337  -0.4843337  -0.0299832   0.5143169 ]
 [ 0.56870226  0.39566884  0.14150586 -0.14150586 -0.39566884 -0.56870226]
 [-0.40824829 -0.40824829 -0.40824829 -0.40824829 -0.40824829 -0.40824829]]
k_list [0, 1, 2, 3, 4, 5]
this ions should have laser shined:  [1 4]
>>>>>>>>>> P and G calculate time used is: 83.81677556037903 seconds
error: 0.03160176682735543
constrain_error 0.0025888199700777603
----- N 6 segNum 23 -----
detuning [-0.07788970062869181, -0.05256538524708524, -0.018800173781577962, 0.018800173781577962, 0.05319729623615742, 0.07152832774193957]
tau 345.0
mode [[ 0.12350251 -0.38498356  0.58011618 -0.58011618  0.38498356 -0.12350251]
 [ 0.26231938 -0.57657119  0.31425181  0.31425181 -0.57657119  0.26231938]
 [-0.40165268  0.44185272  0.37873645 -0.37873645 -0.44185272  0.40165268]
 [ 0.5143169  -0.0299832  -0.4843337  -0.4843337  -0.0299832   0.5143169 ]
 [ 0.56870226  0.39566884  0.14150586 -0.14150586 -0.39566884 -0.56870226]
 [-0.40824829 -0.40824829 -0.40824829 -0.40824829 -0.40824829 -0.40824829]]
k_list [0, 1, 2, 3, 4, 5]
this ions should have laser shined:  [1 4]
>>>>>>>>>> P and G calculate time used is: 91.3923351764679 seconds
error: 0.01092198730364914
constrain_error 0.0005280980784340139
>>>>>>>>>> optimization time used is: 230.36889934539795 seconds
alpha max are: [1, 1, 1, 1, 1, 1]  for phonon cut-off in simulation
./calculation results/data/
segnum 23 (array([-0.5       ,  0.11597011,  0.12688741, -0.5       , -0.47975344,
        0.5       ,  0.5       , -0.5       ,  0.04475962,  0.5       ,
        0.5       , -0.35436395, -0.5       ,  0.05017545,  0.5       ,
       -0.5       , -0.5       ,  0.39002752,  0.49913394, -0.07939453,
        0.01468637,  0.38301071,  0.20585269]), array([-0.5       ,  0.11597011,  0.12688741, -0.5       , -0.47975344,
        0.5       ,  0.5       , -0.5       ,  0.04475962,  0.5       ,
        0.5       , -0.35436395, -0.5       ,  0.05017545,  0.5       ,
       -0.5       , -0.5       ,  0.39002752,  0.49913394, -0.07939453,
        0.01468637,  0.38301071,  0.20585269]))
test theta tf.Tensor(
[[ 0.        +0.j  0.        +0.j  0.        +0.j  0.        +0.j
   0.        +0.j  0.        +0.j]
 [ 0.        +0.j -0.134768  +0.j  0.        +0.j  0.        +0.j
   0.39296313+0.j  0.        +0.j]
 [ 0.        +0.j  0.        +0.j  0.        +0.j  0.        +0.j
   0.        +0.j  0.        +0.j]
 [ 0.        +0.j  0.        +0.j  0.        +0.j  0.        +0.j
   0.        +0.j  0.        +0.j]
 [ 0.        +0.j  0.39296313+0.j  0.        +0.j  0.        +0.j
  -0.134768  +0.j  0.        +0.j]
 [ 0.        +0.j  0.        +0.j  0.        +0.j  0.        +0.j
   0.        +0.j  0.        +0.j]], shape=(6, 6), dtype=complex128)
----- N 6 segNum 24 -----
detuning [-0.07788970062869181, -0.05256538524708524, -0.018800173781577962, 0.018800173781577962, 0.05319729623615742, 0.07152832774193957]
tau 360.0
mode [[ 0.12350251 -0.38498356  0.58011618 -0.58011618  0.38498356 -0.12350251]
 [ 0.26231938 -0.57657119  0.31425181  0.31425181 -0.57657119  0.26231938]
 [-0.40165268  0.44185272  0.37873645 -0.37873645 -0.44185272  0.40165268]
 [ 0.5143169  -0.0299832  -0.4843337  -0.4843337  -0.0299832   0.5143169 ]
 [ 0.56870226  0.39566884  0.14150586 -0.14150586 -0.39566884 -0.56870226]
 [-0.40824829 -0.40824829 -0.40824829 -0.40824829 -0.40824829 -0.40824829]]
k_list [0, 1, 2, 3, 4, 5]
this ions should have laser shined:  [1 4]
>>>>>>>>>> P and G calculate time used is: 103.0004985332489 seconds
error: 0.013661817984362334
constrain_error 0.0016422662540482857
----- N 6 segNum 25 -----
detuning [-0.07788970062869181, -0.05256538524708524, -0.018800173781577962, 0.018800173781577962, 0.05319729623615742, 0.07152832774193957]
tau 374.99999999999994
mode [[ 0.12350251 -0.38498356  0.58011618 -0.58011618  0.38498356 -0.12350251]
 [ 0.26231938 -0.57657119  0.31425181  0.31425181 -0.57657119  0.26231938]
 [-0.40165268  0.44185272  0.37873645 -0.37873645 -0.44185272  0.40165268]
 [ 0.5143169  -0.0299832  -0.4843337  -0.4843337  -0.0299832   0.5143169 ]
 [ 0.56870226  0.39566884  0.14150586 -0.14150586 -0.39566884 -0.56870226]
 [-0.40824829 -0.40824829 -0.40824829 -0.40824829 -0.40824829 -0.40824829]]
k_list [0, 1, 2, 3, 4, 5]
this ions should have laser shined:  [1 4]
>>>>>>>>>> P and G calculate time used is: 109.13324785232544 seconds
error: 0.0008073685816159609
constrain_error 2.3325794629158736e-08
>>>>>>>>>> optimization time used is: 215.08230209350586 seconds
alpha max are: [1, 1, 1, 1, 1, 1]  for phonon cut-off in simulation
./calculation results/data/
segnum 25 (array([ 0.5       , -0.28361469, -0.41600975,  0.5       ,  0.24398504,
       -0.5       , -0.5       ,  0.27287499,  0.5       , -0.30175252,
       -0.5       ,  0.42997008,  0.5       ,  0.26155334, -0.5       ,
       -0.27663618,  0.5       ,  0.18910456, -0.5       , -0.5       ,
        0.41221801,  0.5       , -0.5       , -0.10571238,  0.5       ]), array([ 0.5       , -0.28361469, -0.41600975,  0.5       ,  0.24398504,
       -0.5       , -0.5       ,  0.27287499,  0.5       , -0.30175252,
       -0.5       ,  0.42997008,  0.5       ,  0.26155334, -0.5       ,
       -0.27663618,  0.5       ,  0.18910456, -0.5       , -0.5       ,
        0.41221801,  0.5       , -0.5       , -0.10571238,  0.5       ]))
test theta tf.Tensor(
[[ 0.        +0.j  0.        +0.j  0.        +0.j  0.        +0.j
   0.        +0.j  0.        +0.j]
 [ 0.        +0.j -0.28384031+0.j  0.        +0.j  0.        +0.j
   0.39269909+0.j  0.        +0.j]
 [ 0.        +0.j  0.        +0.j  0.        +0.j  0.        +0.j
   0.        +0.j  0.        +0.j]
 [ 0.        +0.j  0.        +0.j  0.        +0.j  0.        +0.j
   0.        +0.j  0.        +0.j]
 [ 0.        +0.j  0.39269909+0.j  0.        +0.j  0.        +0.j
  -0.28384031+0.j  0.        +0.j]
 [ 0.        +0.j  0.        +0.j  0.        +0.j  0.        +0.j
   0.        +0.j  0.        +0.j]], shape=(6, 6), dtype=complex128)
----- N 6 segNum 26 -----
detuning [-0.07788970062869181, -0.05256538524708524, -0.018800173781577962, 0.018800173781577962, 0.05319729623615742, 0.07152832774193957]
tau 389.99999999999994
mode [[ 0.12350251 -0.38498356  0.58011618 -0.58011618  0.38498356 -0.12350251]
 [ 0.26231938 -0.57657119  0.31425181  0.31425181 -0.57657119  0.26231938]
 [-0.40165268  0.44185272  0.37873645 -0.37873645 -0.44185272  0.40165268]
 [ 0.5143169  -0.0299832  -0.4843337  -0.4843337  -0.0299832   0.5143169 ]
 [ 0.56870226  0.39566884  0.14150586 -0.14150586 -0.39566884 -0.56870226]
 [-0.40824829 -0.40824829 -0.40824829 -0.40824829 -0.40824829 -0.40824829]]
k_list [0, 1, 2, 3, 4, 5]
this ions should have laser shined:  [1 4]
>>>>>>>>>> P and G calculate time used is: 119.24296975135803 seconds
error: 1.8190280533992416e-05
constrain_error 1.4439574009483813e-05
>>>>>>>>>> optimization time used is: 305.42716574668884 seconds
alpha max are: [1, 1, 1, 1, 1, 1]  for phonon cut-off in simulation
./calculation results/data/
segnum 26 (array([ 0.49988958, -0.03367664, -0.4896467 ,  0.4437202 ,  0.14124988,
       -0.29737104, -0.49865382, -0.09429948,  0.18178238, -0.05914068,
       -0.28140072, -0.06978395,  0.43838901,  0.43625553, -0.07282792,
       -0.28310295, -0.05979408,  0.18067959, -0.09511586, -0.49917371,
       -0.29568486,  0.14922121,  0.44244087, -0.48976795, -0.02673703,
        0.4998132 ]), array([ 0.49988958, -0.03367664, -0.4896467 ,  0.4437202 ,  0.14124988,
       -0.29737104, -0.49865382, -0.09429948,  0.18178238, -0.05914068,
       -0.28140072, -0.06978395,  0.43838901,  0.43625553, -0.07282792,
       -0.28310295, -0.05979408,  0.18067959, -0.09511586, -0.49917371,
       -0.29568486,  0.14922121,  0.44244087, -0.48976795, -0.02673703,
        0.4998132 ]))
test theta tf.Tensor(
[[ 0.        +0.j  0.        +0.j  0.        +0.j  0.        +0.j
   0.        +0.j  0.        +0.j]
 [ 0.        +0.j -0.15261139+0.j  0.        +0.j  0.        +0.j
   0.39269186+0.j  0.        +0.j]
 [ 0.        +0.j  0.        +0.j  0.        +0.j  0.        +0.j
   0.        +0.j  0.        +0.j]
 [ 0.        +0.j  0.        +0.j  0.        +0.j  0.        +0.j
   0.        +0.j  0.        +0.j]
 [ 0.        +0.j  0.39269186+0.j  0.        +0.j  0.        +0.j
  -0.15261139+0.j  0.        +0.j]
 [ 0.        +0.j  0.        +0.j  0.        +0.j  0.        +0.j
   0.        +0.j  0.        +0.j]], shape=(6, 6), dtype=complex128)
----- break -----
[[-0.09260897093503079, -0.19992041717512843, 0.31475844416578014, -0.41999065869908236, 0.4994933007273954, -0.5325783260723587, -0.377964473009226], [0.30063183235827645, 0.5054295786388538, -0.5085536731966468, 0.27800738510936884, 0.09020266068118196, -0.4089655668410213, -0.37796447300922786], [-0.49091056091969193, -0.45229721183472377, -0.06850881714286436, 0.49630609549970817, -0.3338505957671161, -0.22160210228327756, -0.37796447300922603], [0.5657753989928854, -1.518512719342174e-15, 0.5246080923474687, 5.059415296926025e-15, -0.5116907312829188, 4.132565237973477e-16, -0.37796447300922736], [-0.4909105609196821, 0.4522972118347276, -0.06850881714287012, -0.4963060954997075, -0.33385059576712206, 0.22160210228327845, -0.3779644730092291], [0.30063183235827295, -0.5054295786388654, -0.5085536731966415, -0.2780073851093667, 0.09020266068118041, 0.40896556684101804, -0.37796447300922725], [-0.0926089709350298, 0.1999204171751325, 0.31475844416577525, 0.41999065869907654, 0.49949330072740145, 0.5325783260723579, -0.37796447300922725]]
----- N 7 segNum 26 -----
detuning [-0.06176556477053976, -0.04237116397730541, -0.01569707607323327, 0.01569707607323327, 0.04827110381790553, 0.07668505329148448, 0.09126696250936739]
tau 389.99999999999994
mode [[-9.26089709e-02  3.00631832e-01 -4.90910561e-01  5.65775399e-01
  -4.90910561e-01  3.00631832e-01 -9.26089709e-02]
 [-1.99920417e-01  5.05429579e-01 -4.52297212e-01 -1.51851272e-15
   4.52297212e-01 -5.05429579e-01  1.99920417e-01]
 [ 3.14758444e-01 -5.08553673e-01 -6.85088171e-02  5.24608092e-01
  -6.85088171e-02 -5.08553673e-01  3.14758444e-01]
 [-4.19990659e-01  2.78007385e-01  4.96306095e-01  5.05941530e-15
  -4.96306095e-01 -2.78007385e-01  4.19990659e-01]
 [ 4.99493301e-01  9.02026607e-02 -3.33850596e-01 -5.11690731e-01
  -3.33850596e-01  9.02026607e-02  4.99493301e-01]
 [-5.32578326e-01 -4.08965567e-01 -2.21602102e-01  4.13256524e-16
   2.21602102e-01  4.08965567e-01  5.32578326e-01]
 [-3.77964473e-01 -3.77964473e-01 -3.77964473e-01 -3.77964473e-01
  -3.77964473e-01 -3.77964473e-01 -3.77964473e-01]]
k_list [0, 1, 2, 3, 4, 5, 6]
this ions should have laser shined:  [1 4]
>>>>>>>>>> P and G calculate time used is: 187.72755122184753 seconds
error: 6.507487927943987e-07
constrain_error 1.0899541713960126e-05
>>>>>>>>>> optimization time used is: 403.6133029460907 seconds
alpha max are: [1, 1, 1, 1, 1, 1, 1]  for phonon cut-off in simulation
./calculation results/data/
segnum 26 (array([0.13412394, 0.11017926, 0.10653868, 0.22008966, 0.17484961,
       0.27533649, 0.2328414 , 0.20249964, 0.18668504, 0.22865413,
       0.10150443, 0.06433164, 0.12281918, 0.12343943, 0.06542454,
       0.09997415, 0.22753678, 0.18809861, 0.20239098, 0.23199119,
       0.2749684 , 0.1760466 , 0.2205714 , 0.10598876, 0.11003386,
       0.13532655]), array([0.13412394, 0.11017926, 0.10653868, 0.22008966, 0.17484961,
       0.27533649, 0.2328414 , 0.20249964, 0.18668504, 0.22865413,
       0.10150443, 0.06433164, 0.12281918, 0.12343943, 0.06542454,
       0.09997415, 0.22753678, 0.18809861, 0.20239098, 0.23199119,
       0.2749684 , 0.1760466 , 0.2205714 , 0.10598876, 0.11003386,
       0.13532655]))
test theta tf.Tensor(
[[ 0.        +0.j  0.        +0.j  0.        +0.j  0.        +0.j
   0.        +0.j  0.        +0.j  0.        +0.j]
 [ 0.        +0.j  0.41965484+0.j  0.        +0.j  0.        +0.j
   0.39270453+0.j  0.        +0.j  0.        +0.j]
 [ 0.        +0.j  0.        +0.j  0.        +0.j  0.        +0.j
   0.        +0.j  0.        +0.j  0.        +0.j]
 [ 0.        +0.j  0.        +0.j  0.        +0.j  0.        +0.j
   0.        +0.j  0.        +0.j  0.        +0.j]
 [ 0.        +0.j  0.39270453+0.j  0.        +0.j  0.        +0.j
  -0.24965216+0.j  0.        +0.j  0.        +0.j]
 [ 0.        +0.j  0.        +0.j  0.        +0.j  0.        +0.j
   0.        +0.j  0.        +0.j  0.        +0.j]
 [ 0.        +0.j  0.        +0.j  0.        +0.j  0.        +0.j
   0.        +0.j  0.        +0.j  0.        +0.j]], shape=(7, 7), dtype=complex128)
----- break -----
[[-0.07189136103769675, -0.15682750273502272, -0.2511711415168635, 0.34399251482754045, -0.4241984306852577, 0.48174088899378603, 0.5017971515278127, -0.3535533905932718], [0.23972116223421916, 0.4328800228192168, 0.5031876814112348, -0.39971340483196804, 0.14622342942289632, 0.16686545430875105, 0.4098226815842097, -0.3535533905932717], [-0.41199369908503475, -0.491521325996002, -0.16178175966710398, -0.30406268988658436, 0.48216221229069334, -0.20236765233126586, 0.26759569352324575, -0.3535533905932766], [0.5173263848862159, 0.2154688059118224, -0.39691545344585355, 0.3597835798910101, 0.2572819487078587, -0.446238690971264, 0.0929383300125039, -0.35355339059327473], [-0.5173263848862187, 0.2154688059117907, 0.3969154534458611, 0.3597835798910158, -0.25728194870786425, -0.4462386909712642, -0.09293833001249865, -0.35355339059327334], [0.4119936990850495, -0.49152132599599757, 0.1617817596670881, -0.30406268988658464, -0.4821622122906939, -0.20236765233126358, -0.26759569352324275, -0.35355339059327434], [-0.23972116223423484, 0.43288002281922655, -0.503187681411216, -0.39971340483196954, -0.14622342942289818, 0.1668654543087478, -0.40982268158421203, -0.35355339059327423], [0.07189136103770276, -0.1568275027350288, 0.25117114151685743, 0.3439925148275429, 0.4241984306852605, 0.4817408889937787, -0.501797151527815, -0.3535533905932737]]
----- N 8 segNum 29 -----
detuning [-0.07704385067114816, -0.06176382198929414, -0.04032912950804876, -0.014290155784339412, 0.014290155784339644, 0.042615940358822234, 0.06650044942685869, 0.07841103441669932]
tau 434.99999999999994
mode [[-0.07189136  0.23972116 -0.4119937   0.51732638 -0.51732638  0.4119937
  -0.23972116  0.07189136]
 [-0.1568275   0.43288002 -0.49152133  0.21546881  0.21546881 -0.49152133
   0.43288002 -0.1568275 ]
 [-0.25117114  0.50318768 -0.16178176 -0.39691545  0.39691545  0.16178176
  -0.50318768  0.25117114]
 [ 0.34399251 -0.3997134  -0.30406269  0.35978358  0.35978358 -0.30406269
  -0.3997134   0.34399251]
 [-0.42419843  0.14622343  0.48216221  0.25728195 -0.25728195 -0.48216221
  -0.14622343  0.42419843]
 [ 0.48174089  0.16686545 -0.20236765 -0.44623869 -0.44623869 -0.20236765
   0.16686545  0.48174089]
 [ 0.50179715  0.40982268  0.26759569  0.09293833 -0.09293833 -0.26759569
  -0.40982268 -0.50179715]
 [-0.35355339 -0.35355339 -0.35355339 -0.35355339 -0.35355339 -0.35355339
  -0.35355339 -0.35355339]]
k_list [0, 1, 2, 3, 4, 5, 6, 7]
this ions should have laser shined:  [2 5]
>>>>>>>>>> P and G calculate time used is: 331.9329822063446 seconds
error: 8.756015276758138e-07
constrain_error 2.849440583485574e-08
>>>>>>>>>> optimization time used is: 464.7057876586914 seconds
alpha max are: [1, 1, 1, 1, 1, 1, 1, 1]  for phonon cut-off in simulation
./calculation results/data/
segnum 29 (array([ 0.19393169, -0.14772255,  0.24956955,  0.14336976,  0.06997545,
        0.26177935,  0.11101989,  0.17799544,  0.27036815,  0.10578445,
        0.08988267,  0.15791064,  0.11714765,  0.07037188,  0.02452233,
        0.06946386,  0.11579809,  0.15898419,  0.09227027,  0.10288624,
        0.26927621,  0.17788949,  0.11871291,  0.2507256 ,  0.07573419,
        0.14433978,  0.24783563, -0.14756421,  0.19461992]), array([ 0.19393169, -0.14772255,  0.24956955,  0.14336976,  0.06997545,
        0.26177935,  0.11101989,  0.17799544,  0.27036815,  0.10578445,
        0.08988267,  0.15791064,  0.11714765,  0.07037188,  0.02452233,
        0.06946386,  0.11579809,  0.15898419,  0.09227027,  0.10288624,
        0.26927621,  0.17788949,  0.11871291,  0.2507256 ,  0.07573419,
        0.14433978,  0.24783563, -0.14756421,  0.19461992]))
test theta tf.Tensor(
[[ 0.        +0.j  0.        +0.j  0.        +0.j  0.        +0.j
   0.        +0.j  0.        +0.j  0.        +0.j  0.        +0.j]
 [ 0.        +0.j  0.        +0.j  0.        +0.j  0.        +0.j
   0.        +0.j  0.        +0.j  0.        +0.j  0.        +0.j]
 [ 0.        +0.j  0.        +0.j -0.11258579+0.j  0.        +0.j
   0.        +0.j  0.3926991 +0.j  0.        +0.j  0.        +0.j]
 [ 0.        +0.j  0.        +0.j  0.        +0.j  0.        +0.j
   0.        +0.j  0.        +0.j  0.        +0.j  0.        +0.j]
 [ 0.        +0.j  0.        +0.j  0.        +0.j  0.        +0.j
   0.        +0.j  0.        +0.j  0.        +0.j  0.        +0.j]
 [ 0.        +0.j  0.        +0.j  0.3926991 +0.j  0.        +0.j
   0.        +0.j -0.11258579+0.j  0.        +0.j  0.        +0.j]
 [ 0.        +0.j  0.        +0.j  0.        +0.j  0.        +0.j
   0.        +0.j  0.        +0.j  0.        +0.j  0.        +0.j]
 [ 0.        +0.j  0.        +0.j  0.        +0.j  0.        +0.j
   0.        +0.j  0.        +0.j  0.        +0.j  0.        +0.j]], shape=(8, 8), dtype=complex128)
----- break -----
[[0.0573741240320717, -0.12600513526227605, 0.20415395454673907, -0.2843440510702088, 0.359125743522028, 0.4210752472526365, -0.463623728861152, 0.47535965611276926, -0.333333333333333], [-0.19487599902990013, 0.3690847595329028, -0.46870080857673063, 0.4448394843020916, -0.2907634510540353, -0.046025917337602425, -0.21607499036597147, 0.40469233797987886, -0.33333333333333315], [0.34679964058912555, -0.4825953214780379, 0.3018363870480702, 0.09001974423072688, -0.4097449074669381, -0.41545313417655605, 0.09809589407729358, 0.29393348676021275, -0.33333333333333504], [-0.4606018574108992, 0.3391178288671536, 0.19620478468776756, -0.4616955051497351, 0.11082697212018632, -0.3846764151689594, 0.35490263813448997, 0.15446816591684526, -0.3333333333333318], [0.5026081836391949, 6.4068642319708295e-15, -0.4669886354116977, 9.546688786955757e-16, 0.46111128575752575, 8.351260827413263e-20, 0.45340037403068045, -1.9680193099699886e-17, -0.33333333333333265], [-0.46060185741088744, -0.33911782886716313, 0.1962047846877747, 0.46169550514973456, 0.11082697212018545, 0.38467641516895956, 0.3549026381344914, -0.15446816591684687, -0.3333333333333344], [0.34679964058911333, 0.48259532147804785, 0.30183638704806465, -0.09001974423073482, -0.4097449074669424, 0.4154531341765537, 0.0980958940772937, -0.2939334867602113, -0.33333333333333426], [-0.19487599902989217, -0.36908475953291203, -0.4687008085767334, -0.4448394843020856, -0.29076345105403256, 0.0460259173375998, -0.2160749903659732, -0.4046923379798783, -0.33333333333333315], [0.05737412403207116, 0.12600513526228185, 0.2041539545467426, 0.2843440510702069, 0.35912574352202786, -0.42107524725263445, -0.46362372886115355, -0.4753596561127682, -0.3333333333333327]]
----- N 9 segNum 32 -----
detuning [-0.06389097895862487, -0.05156573097799043, -0.03403984529624483, -0.012313603049552068, 0.012313603049552068, 0.03815409991567023, 0.06294878180883126, 0.08332829105293099, 0.09326286332716281]
tau 480.0
mode [[ 5.73741240e-02 -1.94875999e-01  3.46799641e-01 -4.60601857e-01
   5.02608184e-01 -4.60601857e-01  3.46799641e-01 -1.94875999e-01
   5.73741240e-02]
 [-1.26005135e-01  3.69084760e-01 -4.82595321e-01  3.39117829e-01
   6.40686423e-15 -3.39117829e-01  4.82595321e-01 -3.69084760e-01
   1.26005135e-01]
 [ 2.04153955e-01 -4.68700809e-01  3.01836387e-01  1.96204785e-01
  -4.66988635e-01  1.96204785e-01  3.01836387e-01 -4.68700809e-01
   2.04153955e-01]
 [-2.84344051e-01  4.44839484e-01  9.00197442e-02 -4.61695505e-01
   9.54668879e-16  4.61695505e-01 -9.00197442e-02 -4.44839484e-01
   2.84344051e-01]
 [ 3.59125744e-01 -2.90763451e-01 -4.09744907e-01  1.10826972e-01
   4.61111286e-01  1.10826972e-01 -4.09744907e-01 -2.90763451e-01
   3.59125744e-01]
 [ 4.21075247e-01 -4.60259173e-02 -4.15453134e-01 -3.84676415e-01
   8.35126083e-20  3.84676415e-01  4.15453134e-01  4.60259173e-02
  -4.21075247e-01]
 [-4.63623729e-01 -2.16074990e-01  9.80958941e-02  3.54902638e-01
   4.53400374e-01  3.54902638e-01  9.80958941e-02 -2.16074990e-01
  -4.63623729e-01]
 [ 4.75359656e-01  4.04692338e-01  2.93933487e-01  1.54468166e-01
  -1.96801931e-17 -1.54468166e-01 -2.93933487e-01 -4.04692338e-01
  -4.75359656e-01]
 [-3.33333333e-01 -3.33333333e-01 -3.33333333e-01 -3.33333333e-01
  -3.33333333e-01 -3.33333333e-01 -3.33333333e-01 -3.33333333e-01
  -3.33333333e-01]]
k_list [0, 1, 2, 3, 4, 5, 6, 7, 8]
this ions should have laser shined:  [2 6]
>>>>>>>>>> P and G calculate time used is: 550.8634316921234 seconds
error: 0.08809397842258558
constrain_error 6.858629109096626e-08
>>>>>>>>>> optimization time used is: 432.1624484062195 seconds
alpha max are: [1, 1, 1, 1, 1, 1, 1, 1, 1]  for phonon cut-off in simulation
./calculation results/data/
segnum 32 (array([-0.5       ,  0.34549264,  0.5       , -0.21284236, -0.5       ,
        0.26795717,  0.5       ,  0.12746215, -0.5       ,  0.48943799,
        0.5       , -0.5       , -0.2505815 ,  0.5       ,  0.3725055 ,
       -0.5       , -0.5       ,  0.27345102,  0.5       , -0.23132573,
       -0.5       ,  0.33863811,  0.5       , -0.37371154, -0.04065225,
        0.5       ,  0.42573657, -0.5       , -0.24109073,  0.5       ,
        0.45527224, -0.5       ]), array([-0.5       ,  0.34549264,  0.5       , -0.21284236, -0.5       ,
        0.26795717,  0.5       ,  0.12746215, -0.5       ,  0.48943799,
        0.5       , -0.5       , -0.2505815 ,  0.5       ,  0.3725055 ,
       -0.5       , -0.5       ,  0.27345102,  0.5       , -0.23132573,
       -0.5       ,  0.33863811,  0.5       , -0.37371154, -0.04065225,
        0.5       ,  0.42573657, -0.5       , -0.24109073,  0.5       ,
        0.45527224, -0.5       ]))
test theta tf.Tensor(
[[0.        +0.j 0.        +0.j 0.        +0.j 0.        +0.j
  0.        +0.j 0.        +0.j 0.        +0.j 0.        +0.j
  0.        +0.j]
 [0.        +0.j 0.        +0.j 0.        +0.j 0.        +0.j
  0.        +0.j 0.        +0.j 0.        +0.j 0.        +0.j
  0.        +0.j]
 [0.        +0.j 0.        +0.j 0.50127639+0.j 0.        +0.j
  0.        +0.j 0.        +0.j 0.39269905+0.j 0.        +0.j
  0.        +0.j]
 [0.        +0.j 0.        +0.j 0.        +0.j 0.        +0.j
  0.        +0.j 0.        +0.j 0.        +0.j 0.        +0.j
  0.        +0.j]
 [0.        +0.j 0.        +0.j 0.        +0.j 0.        +0.j
  0.        +0.j 0.        +0.j 0.        +0.j 0.        +0.j
  0.        +0.j]
 [0.        +0.j 0.        +0.j 0.        +0.j 0.        +0.j
  0.        +0.j 0.        +0.j 0.        +0.j 0.        +0.j
  0.        +0.j]
 [0.        +0.j 0.        +0.j 0.39269905+0.j 0.        +0.j
  0.        +0.j 0.        +0.j 0.50127639+0.j 0.        +0.j
  0.        +0.j]
 [0.        +0.j 0.        +0.j 0.        +0.j 0.        +0.j
  0.        +0.j 0.        +0.j 0.        +0.j 0.        +0.j
  0.        +0.j]
 [0.        +0.j 0.        +0.j 0.        +0.j 0.        +0.j
  0.        +0.j 0.        +0.j 0.        +0.j 0.        +0.j
  0.        +0.j]], shape=(9, 9), dtype=complex128)
----- N 9 segNum 33 -----
detuning [-0.06389097895862487, -0.05156573097799043, -0.03403984529624483, -0.012313603049552068, 0.012313603049552068, 0.03815409991567023, 0.06294878180883126, 0.08332829105293099, 0.09326286332716281]
tau 495.0
mode [[ 5.73741240e-02 -1.94875999e-01  3.46799641e-01 -4.60601857e-01
   5.02608184e-01 -4.60601857e-01  3.46799641e-01 -1.94875999e-01
   5.73741240e-02]
 [-1.26005135e-01  3.69084760e-01 -4.82595321e-01  3.39117829e-01
   6.40686423e-15 -3.39117829e-01  4.82595321e-01 -3.69084760e-01
   1.26005135e-01]
 [ 2.04153955e-01 -4.68700809e-01  3.01836387e-01  1.96204785e-01
  -4.66988635e-01  1.96204785e-01  3.01836387e-01 -4.68700809e-01
   2.04153955e-01]
 [-2.84344051e-01  4.44839484e-01  9.00197442e-02 -4.61695505e-01
   9.54668879e-16  4.61695505e-01 -9.00197442e-02 -4.44839484e-01
   2.84344051e-01]
 [ 3.59125744e-01 -2.90763451e-01 -4.09744907e-01  1.10826972e-01
   4.61111286e-01  1.10826972e-01 -4.09744907e-01 -2.90763451e-01
   3.59125744e-01]
 [ 4.21075247e-01 -4.60259173e-02 -4.15453134e-01 -3.84676415e-01
   8.35126083e-20  3.84676415e-01  4.15453134e-01  4.60259173e-02
  -4.21075247e-01]
 [-4.63623729e-01 -2.16074990e-01  9.80958941e-02  3.54902638e-01
   4.53400374e-01  3.54902638e-01  9.80958941e-02 -2.16074990e-01
  -4.63623729e-01]
 [ 4.75359656e-01  4.04692338e-01  2.93933487e-01  1.54468166e-01
  -1.96801931e-17 -1.54468166e-01 -2.93933487e-01 -4.04692338e-01
  -4.75359656e-01]
 [-3.33333333e-01 -3.33333333e-01 -3.33333333e-01 -3.33333333e-01
  -3.33333333e-01 -3.33333333e-01 -3.33333333e-01 -3.33333333e-01
  -3.33333333e-01]]
k_list [0, 1, 2, 3, 4, 5, 6, 7, 8]
this ions should have laser shined:  [2 6]
>>>>>>>>>> P and G calculate time used is: 617.3159773349762 seconds
error: 0.01988325189354656
constrain_error 4.183541028068838e-05
>>>>>>>>>> optimization time used is: 719.5616374015808 seconds
alpha max are: [1, 1, 1, 1, 1, 1, 1, 1, 1]  for phonon cut-off in simulation
./calculation results/data/
segnum 33 (array([ 0.5       , -0.5       ,  0.45024421,  0.5       , -0.35964927,
       -0.41145013,  0.5       ,  0.5       , -0.47490075, -0.5       ,
        0.48055578, -0.01706035, -0.5       , -0.3398636 ,  0.5       ,
       -0.03345881, -0.5       , -0.14282777,  0.5       ,  0.48221656,
       -0.5       , -0.12971534,  0.5       ,  0.32203391, -0.5       ,
       -0.13913673,  0.5       , -0.24232591, -0.5       , -0.12886986,
        0.5       , -0.28190595, -0.5       ]), array([ 0.5       , -0.5       ,  0.45024421,  0.5       , -0.35964927,
       -0.41145013,  0.5       ,  0.5       , -0.47490075, -0.5       ,
        0.48055578, -0.01706035, -0.5       , -0.3398636 ,  0.5       ,
       -0.03345881, -0.5       , -0.14282777,  0.5       ,  0.48221656,
       -0.5       , -0.12971534,  0.5       ,  0.32203391, -0.5       ,
       -0.13913673,  0.5       , -0.24232591, -0.5       , -0.12886986,
        0.5       , -0.28190595, -0.5       ]))
test theta tf.Tensor(
[[0.        +0.j 0.        +0.j 0.        +0.j 0.        +0.j
  0.        +0.j 0.        +0.j 0.        +0.j 0.        +0.j
  0.        +0.j]
 [0.        +0.j 0.        +0.j 0.        +0.j 0.        +0.j
  0.        +0.j 0.        +0.j 0.        +0.j 0.        +0.j
  0.        +0.j]
 [0.        +0.j 0.        +0.j 0.53176513+0.j 0.        +0.j
  0.        +0.j 0.        +0.j 0.39272   +0.j 0.        +0.j
  0.        +0.j]
 [0.        +0.j 0.        +0.j 0.        +0.j 0.        +0.j
  0.        +0.j 0.        +0.j 0.        +0.j 0.        +0.j
  0.        +0.j]
 [0.        +0.j 0.        +0.j 0.        +0.j 0.        +0.j
  0.        +0.j 0.        +0.j 0.        +0.j 0.        +0.j
  0.        +0.j]
 [0.        +0.j 0.        +0.j 0.        +0.j 0.        +0.j
  0.        +0.j 0.        +0.j 0.        +0.j 0.        +0.j
  0.        +0.j]
 [0.        +0.j 0.        +0.j 0.39272   +0.j 0.        +0.j
  0.        +0.j 0.        +0.j 0.53176513+0.j 0.        +0.j
  0.        +0.j]
 [0.        +0.j 0.        +0.j 0.        +0.j 0.        +0.j
  0.        +0.j 0.        +0.j 0.        +0.j 0.        +0.j
  0.        +0.j]
 [0.        +0.j 0.        +0.j 0.        +0.j 0.        +0.j
  0.        +0.j 0.        +0.j 0.        +0.j 0.        +0.j
  0.        +0.j]], shape=(9, 9), dtype=complex128)
----- N 9 segNum 34 -----
detuning [-0.06389097895862487, -0.05156573097799043, -0.03403984529624483, -0.012313603049552068, 0.012313603049552068, 0.03815409991567023, 0.06294878180883126, 0.08332829105293099, 0.09326286332716281]
tau 509.99999999999994
mode [[ 5.73741240e-02 -1.94875999e-01  3.46799641e-01 -4.60601857e-01
   5.02608184e-01 -4.60601857e-01  3.46799641e-01 -1.94875999e-01
   5.73741240e-02]
 [-1.26005135e-01  3.69084760e-01 -4.82595321e-01  3.39117829e-01
   6.40686423e-15 -3.39117829e-01  4.82595321e-01 -3.69084760e-01
   1.26005135e-01]
 [ 2.04153955e-01 -4.68700809e-01  3.01836387e-01  1.96204785e-01
  -4.66988635e-01  1.96204785e-01  3.01836387e-01 -4.68700809e-01
   2.04153955e-01]
 [-2.84344051e-01  4.44839484e-01  9.00197442e-02 -4.61695505e-01
   9.54668879e-16  4.61695505e-01 -9.00197442e-02 -4.44839484e-01
   2.84344051e-01]
 [ 3.59125744e-01 -2.90763451e-01 -4.09744907e-01  1.10826972e-01
   4.61111286e-01  1.10826972e-01 -4.09744907e-01 -2.90763451e-01
   3.59125744e-01]
 [ 4.21075247e-01 -4.60259173e-02 -4.15453134e-01 -3.84676415e-01
   8.35126083e-20  3.84676415e-01  4.15453134e-01  4.60259173e-02
  -4.21075247e-01]
 [-4.63623729e-01 -2.16074990e-01  9.80958941e-02  3.54902638e-01
   4.53400374e-01  3.54902638e-01  9.80958941e-02 -2.16074990e-01
  -4.63623729e-01]
 [ 4.75359656e-01  4.04692338e-01  2.93933487e-01  1.54468166e-01
  -1.96801931e-17 -1.54468166e-01 -2.93933487e-01 -4.04692338e-01
  -4.75359656e-01]
 [-3.33333333e-01 -3.33333333e-01 -3.33333333e-01 -3.33333333e-01
  -3.33333333e-01 -3.33333333e-01 -3.33333333e-01 -3.33333333e-01
  -3.33333333e-01]]
k_list [0, 1, 2, 3, 4, 5, 6, 7, 8]
this ions should have laser shined:  [2 6]
>>>>>>>>>> P and G calculate time used is: 663.5570116043091 seconds
error: 0.08308433822524601
constrain_error 4.75967056878801e-08
>>>>>>>>>> optimization time used is: 588.0696892738342 seconds
alpha max are: [1, 1, 1, 1, 1, 1, 1, 1, 1]  for phonon cut-off in simulation
./calculation results/data/
segnum 34 (array([-0.34372779,  0.06800256,  0.5       ,  0.5       , -0.03217606,
       -0.5       ,  0.5       ,  0.5       ,  0.5       , -0.41194688,
        0.5       ,  0.30596281, -0.5       , -0.06663336,  0.5       ,
        0.07229182, -0.5       , -0.5       ,  0.31693167,  0.5       ,
        0.152879  , -0.5       ,  0.42383458,  0.5       ,  0.05211029,
        0.14134372,  0.5       ,  0.36269442, -0.5       , -0.21598995,
        0.5       ,  0.5       , -0.3474014 , -0.5       ]), array([-0.34372779,  0.06800256,  0.5       ,  0.5       , -0.03217606,
       -0.5       ,  0.5       ,  0.5       ,  0.5       , -0.41194688,
        0.5       ,  0.30596281, -0.5       , -0.06663336,  0.5       ,
        0.07229182, -0.5       , -0.5       ,  0.31693167,  0.5       ,
        0.152879  , -0.5       ,  0.42383458,  0.5       ,  0.05211029,
        0.14134372,  0.5       ,  0.36269442, -0.5       , -0.21598995,
        0.5       ,  0.5       , -0.3474014 , -0.5       ]))
test theta tf.Tensor(
[[ 0.        +0.j  0.        +0.j  0.        +0.j  0.        +0.j
   0.        +0.j  0.        +0.j  0.        +0.j  0.        +0.j
   0.        +0.j]
 [ 0.        +0.j  0.        +0.j  0.        +0.j  0.        +0.j
   0.        +0.j  0.        +0.j  0.        +0.j  0.        +0.j
   0.        +0.j]
 [ 0.        +0.j  0.        +0.j -0.0554477 +0.j  0.        +0.j
   0.        +0.j  0.        +0.j  0.39269911+0.j  0.        +0.j
   0.        +0.j]
 [ 0.        +0.j  0.        +0.j  0.        +0.j  0.        +0.j
   0.        +0.j  0.        +0.j  0.        +0.j  0.        +0.j
   0.        +0.j]
 [ 0.        +0.j  0.        +0.j  0.        +0.j  0.        +0.j
   0.        +0.j  0.        +0.j  0.        +0.j  0.        +0.j
   0.        +0.j]
 [ 0.        +0.j  0.        +0.j  0.        +0.j  0.        +0.j
   0.        +0.j  0.        +0.j  0.        +0.j  0.        +0.j
   0.        +0.j]
 [ 0.        +0.j  0.        +0.j  0.39269911+0.j  0.        +0.j
   0.        +0.j  0.        +0.j -0.0554477 +0.j  0.        +0.j
   0.        +0.j]
 [ 0.        +0.j  0.        +0.j  0.        +0.j  0.        +0.j
   0.        +0.j  0.        +0.j  0.        +0.j  0.        +0.j
   0.        +0.j]
 [ 0.        +0.j  0.        +0.j  0.        +0.j  0.        +0.j
   0.        +0.j  0.        +0.j  0.        +0.j  0.        +0.j
   0.        +0.j]], shape=(9, 9), dtype=complex128)
----- N 9 segNum 35 -----
detuning [-0.06389097895862487, -0.05156573097799043, -0.03403984529624483, -0.012313603049552068, 0.012313603049552068, 0.03815409991567023, 0.06294878180883126, 0.08332829105293099, 0.09326286332716281]
tau 525.0
mode [[ 5.73741240e-02 -1.94875999e-01  3.46799641e-01 -4.60601857e-01
   5.02608184e-01 -4.60601857e-01  3.46799641e-01 -1.94875999e-01
   5.73741240e-02]
 [-1.26005135e-01  3.69084760e-01 -4.82595321e-01  3.39117829e-01
   6.40686423e-15 -3.39117829e-01  4.82595321e-01 -3.69084760e-01
   1.26005135e-01]
 [ 2.04153955e-01 -4.68700809e-01  3.01836387e-01  1.96204785e-01
  -4.66988635e-01  1.96204785e-01  3.01836387e-01 -4.68700809e-01
   2.04153955e-01]
 [-2.84344051e-01  4.44839484e-01  9.00197442e-02 -4.61695505e-01
   9.54668879e-16  4.61695505e-01 -9.00197442e-02 -4.44839484e-01
   2.84344051e-01]
 [ 3.59125744e-01 -2.90763451e-01 -4.09744907e-01  1.10826972e-01
   4.61111286e-01  1.10826972e-01 -4.09744907e-01 -2.90763451e-01
   3.59125744e-01]
 [ 4.21075247e-01 -4.60259173e-02 -4.15453134e-01 -3.84676415e-01
   8.35126083e-20  3.84676415e-01  4.15453134e-01  4.60259173e-02
  -4.21075247e-01]
 [-4.63623729e-01 -2.16074990e-01  9.80958941e-02  3.54902638e-01
   4.53400374e-01  3.54902638e-01  9.80958941e-02 -2.16074990e-01
  -4.63623729e-01]
 [ 4.75359656e-01  4.04692338e-01  2.93933487e-01  1.54468166e-01
  -1.96801931e-17 -1.54468166e-01 -2.93933487e-01 -4.04692338e-01
  -4.75359656e-01]
 [-3.33333333e-01 -3.33333333e-01 -3.33333333e-01 -3.33333333e-01
  -3.33333333e-01 -3.33333333e-01 -3.33333333e-01 -3.33333333e-01
  -3.33333333e-01]]
k_list [0, 1, 2, 3, 4, 5, 6, 7, 8]
this ions should have laser shined:  [2 6]
>>>>>>>>>> P and G calculate time used is: 710.4370775222778 seconds
error: 0.00035508602805715855
constrain_error 2.0667118408423946e-05
>>>>>>>>>> optimization time used is: 759.5643818378448 seconds
alpha max are: [1, 1, 1, 1, 1, 1, 1, 1, 1]  for phonon cut-off in simulation
./calculation results/data/
segnum 35 (array([-0.24965834, -0.05957929, -0.37366537,  0.31652807, -0.35497344,
       -0.38062934, -0.31042456,  0.49208333, -0.20024074, -0.49990157,
        0.00984491,  0.49987009, -0.04706162, -0.49990762,  0.42360203,
        0.49978405, -0.2585274 , -0.49989008,  0.19153036,  0.49740715,
       -0.49954848, -0.49978938, -0.14879741,  0.4998692 , -0.48627829,
       -0.49953188,  0.24885261,  0.46807712, -0.4991104 , -0.30396954,
        0.5       ,  0.5       , -0.46325177, -0.04258232,  0.5       ]), array([-0.24965834, -0.05957929, -0.37366537,  0.31652807, -0.35497344,
       -0.38062934, -0.31042456,  0.49208333, -0.20024074, -0.49990157,
        0.00984491,  0.49987009, -0.04706162, -0.49990762,  0.42360203,
        0.49978405, -0.2585274 , -0.49989008,  0.19153036,  0.49740715,
       -0.49954848, -0.49978938, -0.14879741,  0.4998692 , -0.48627829,
       -0.49953188,  0.24885261,  0.46807712, -0.4991104 , -0.30396954,
        0.5       ,  0.5       , -0.46325177, -0.04258232,  0.5       ]))
test theta tf.Tensor(
[[0.        +0.j 0.        +0.j 0.        +0.j 0.        +0.j
  0.        +0.j 0.        +0.j 0.        +0.j 0.        +0.j
  0.        +0.j]
 [0.        +0.j 0.        +0.j 0.        +0.j 0.        +0.j
  0.        +0.j 0.        +0.j 0.        +0.j 0.        +0.j
  0.        +0.j]
 [0.        +0.j 0.        +0.j 0.5674905 +0.j 0.        +0.j
  0.        +0.j 0.        +0.j 0.39268875+0.j 0.        +0.j
  0.        +0.j]
 [0.        +0.j 0.        +0.j 0.        +0.j 0.        +0.j
  0.        +0.j 0.        +0.j 0.        +0.j 0.        +0.j
  0.        +0.j]
 [0.        +0.j 0.        +0.j 0.        +0.j 0.        +0.j
  0.        +0.j 0.        +0.j 0.        +0.j 0.        +0.j
  0.        +0.j]
 [0.        +0.j 0.        +0.j 0.        +0.j 0.        +0.j
  0.        +0.j 0.        +0.j 0.        +0.j 0.        +0.j
  0.        +0.j]
 [0.        +0.j 0.        +0.j 0.39268875+0.j 0.        +0.j
  0.        +0.j 0.        +0.j 0.5674905 +0.j 0.        +0.j
  0.        +0.j]
 [0.        +0.j 0.        +0.j 0.        +0.j 0.        +0.j
  0.        +0.j 0.        +0.j 0.        +0.j 0.        +0.j
  0.        +0.j]
 [0.        +0.j 0.        +0.j 0.        +0.j 0.        +0.j
  0.        +0.j 0.        +0.j 0.        +0.j 0.        +0.j
  0.        +0.j]], shape=(9, 9), dtype=complex128)
----- N 9 segNum 36 -----
detuning [-0.06389097895862487, -0.05156573097799043, -0.03403984529624483, -0.012313603049552068, 0.012313603049552068, 0.03815409991567023, 0.06294878180883126, 0.08332829105293099, 0.09326286332716281]
tau 539.9999999999999
mode [[ 5.73741240e-02 -1.94875999e-01  3.46799641e-01 -4.60601857e-01
   5.02608184e-01 -4.60601857e-01  3.46799641e-01 -1.94875999e-01
   5.73741240e-02]
 [-1.26005135e-01  3.69084760e-01 -4.82595321e-01  3.39117829e-01
   6.40686423e-15 -3.39117829e-01  4.82595321e-01 -3.69084760e-01
   1.26005135e-01]
 [ 2.04153955e-01 -4.68700809e-01  3.01836387e-01  1.96204785e-01
  -4.66988635e-01  1.96204785e-01  3.01836387e-01 -4.68700809e-01
   2.04153955e-01]
 [-2.84344051e-01  4.44839484e-01  9.00197442e-02 -4.61695505e-01
   9.54668879e-16  4.61695505e-01 -9.00197442e-02 -4.44839484e-01
   2.84344051e-01]
 [ 3.59125744e-01 -2.90763451e-01 -4.09744907e-01  1.10826972e-01
   4.61111286e-01  1.10826972e-01 -4.09744907e-01 -2.90763451e-01
   3.59125744e-01]
 [ 4.21075247e-01 -4.60259173e-02 -4.15453134e-01 -3.84676415e-01
   8.35126083e-20  3.84676415e-01  4.15453134e-01  4.60259173e-02
  -4.21075247e-01]
 [-4.63623729e-01 -2.16074990e-01  9.80958941e-02  3.54902638e-01
   4.53400374e-01  3.54902638e-01  9.80958941e-02 -2.16074990e-01
  -4.63623729e-01]
 [ 4.75359656e-01  4.04692338e-01  2.93933487e-01  1.54468166e-01
  -1.96801931e-17 -1.54468166e-01 -2.93933487e-01 -4.04692338e-01
  -4.75359656e-01]
 [-3.33333333e-01 -3.33333333e-01 -3.33333333e-01 -3.33333333e-01
  -3.33333333e-01 -3.33333333e-01 -3.33333333e-01 -3.33333333e-01
  -3.33333333e-01]]
k_list [0, 1, 2, 3, 4, 5, 6, 7, 8]
this ions should have laser shined:  [2 6]
>>>>>>>>>> P and G calculate time used is: 750.791097164154 seconds
error: 0.05007347127922465
constrain_error 0.0006464026931801703
>>>>>>>>>> optimization time used is: 772.2241244316101 seconds
alpha max are: [1, 1, 1, 1, 2, 1, 1, 1, 1]  for phonon cut-off in simulation
./calculation results/data/
segnum 36 (array([-5.00000000e-01, -4.65067892e-01,  2.73938518e-01,  9.71083626e-03,
       -4.59647347e-05,  3.05014681e-01, -5.00000000e-01,  1.78724007e-01,
        4.31670333e-01,  3.82378099e-01,  2.74152615e-02,  5.00000000e-01,
        5.00000000e-01, -4.91207120e-01,  5.00000000e-01,  5.00000000e-01,
       -1.53330991e-01, -2.37465086e-01, -5.00000000e-01,  1.99250874e-01,
        2.44106334e-01, -5.00000000e-01, -2.55667661e-02,  4.43372470e-01,
       -2.55355739e-01,  2.01584235e-01,  5.00000000e-01,  5.00000000e-01,
        3.07851429e-01, -4.81939937e-01,  5.00000000e-01,  5.00000000e-01,
        4.08154552e-01, -2.57959719e-01,  5.00000000e-01, -4.26692348e-01]), array([-5.00000000e-01, -4.65067892e-01,  2.73938518e-01,  9.71083626e-03,
       -4.59647347e-05,  3.05014681e-01, -5.00000000e-01,  1.78724007e-01,
        4.31670333e-01,  3.82378099e-01,  2.74152615e-02,  5.00000000e-01,
        5.00000000e-01, -4.91207120e-01,  5.00000000e-01,  5.00000000e-01,
       -1.53330991e-01, -2.37465086e-01, -5.00000000e-01,  1.99250874e-01,
        2.44106334e-01, -5.00000000e-01, -2.55667661e-02,  4.43372470e-01,
       -2.55355739e-01,  2.01584235e-01,  5.00000000e-01,  5.00000000e-01,
        3.07851429e-01, -4.81939937e-01,  5.00000000e-01,  5.00000000e-01,
        4.08154552e-01, -2.57959719e-01,  5.00000000e-01, -4.26692348e-01]))
test theta tf.Tensor(
[[ 0.        +0.j  0.        +0.j  0.        +0.j  0.        +0.j
   0.        +0.j  0.        +0.j  0.        +0.j  0.        +0.j
   0.        +0.j]
 [ 0.        +0.j  0.        +0.j  0.        +0.j  0.        +0.j
   0.        +0.j  0.        +0.j  0.        +0.j  0.        +0.j
   0.        +0.j]
 [ 0.        +0.j  0.        +0.j -0.04799012+0.j  0.        +0.j
   0.        +0.j  0.        +0.j  0.39302228+0.j  0.        +0.j
   0.        +0.j]
 [ 0.        +0.j  0.        +0.j  0.        +0.j  0.        +0.j
   0.        +0.j  0.        +0.j  0.        +0.j  0.        +0.j
   0.        +0.j]
 [ 0.        +0.j  0.        +0.j  0.        +0.j  0.        +0.j
   0.        +0.j  0.        +0.j  0.        +0.j  0.        +0.j
   0.        +0.j]
 [ 0.        +0.j  0.        +0.j  0.        +0.j  0.        +0.j
   0.        +0.j  0.        +0.j  0.        +0.j  0.        +0.j
   0.        +0.j]
 [ 0.        +0.j  0.        +0.j  0.39302228+0.j  0.        +0.j
   0.        +0.j  0.        +0.j -0.04799012+0.j  0.        +0.j
   0.        +0.j]
 [ 0.        +0.j  0.        +0.j  0.        +0.j  0.        +0.j
   0.        +0.j  0.        +0.j  0.        +0.j  0.        +0.j
   0.        +0.j]
 [ 0.        +0.j  0.        +0.j  0.        +0.j  0.        +0.j
   0.        +0.j  0.        +0.j  0.        +0.j  0.        +0.j
   0.        +0.j]], shape=(9, 9), dtype=complex128)
----- N 9 segNum 37 -----
detuning [-0.06389097895862487, -0.05156573097799043, -0.03403984529624483, -0.012313603049552068, 0.012313603049552068, 0.03815409991567023, 0.06294878180883126, 0.08332829105293099, 0.09326286332716281]
tau 555.0
mode [[ 5.73741240e-02 -1.94875999e-01  3.46799641e-01 -4.60601857e-01
   5.02608184e-01 -4.60601857e-01  3.46799641e-01 -1.94875999e-01
   5.73741240e-02]
 [-1.26005135e-01  3.69084760e-01 -4.82595321e-01  3.39117829e-01
   6.40686423e-15 -3.39117829e-01  4.82595321e-01 -3.69084760e-01
   1.26005135e-01]
 [ 2.04153955e-01 -4.68700809e-01  3.01836387e-01  1.96204785e-01
  -4.66988635e-01  1.96204785e-01  3.01836387e-01 -4.68700809e-01
   2.04153955e-01]
 [-2.84344051e-01  4.44839484e-01  9.00197442e-02 -4.61695505e-01
   9.54668879e-16  4.61695505e-01 -9.00197442e-02 -4.44839484e-01
   2.84344051e-01]
 [ 3.59125744e-01 -2.90763451e-01 -4.09744907e-01  1.10826972e-01
   4.61111286e-01  1.10826972e-01 -4.09744907e-01 -2.90763451e-01
   3.59125744e-01]
 [ 4.21075247e-01 -4.60259173e-02 -4.15453134e-01 -3.84676415e-01
   8.35126083e-20  3.84676415e-01  4.15453134e-01  4.60259173e-02
  -4.21075247e-01]
 [-4.63623729e-01 -2.16074990e-01  9.80958941e-02  3.54902638e-01
   4.53400374e-01  3.54902638e-01  9.80958941e-02 -2.16074990e-01
  -4.63623729e-01]
 [ 4.75359656e-01  4.04692338e-01  2.93933487e-01  1.54468166e-01
  -1.96801931e-17 -1.54468166e-01 -2.93933487e-01 -4.04692338e-01
  -4.75359656e-01]
 [-3.33333333e-01 -3.33333333e-01 -3.33333333e-01 -3.33333333e-01
  -3.33333333e-01 -3.33333333e-01 -3.33333333e-01 -3.33333333e-01
  -3.33333333e-01]]
k_list [0, 1, 2, 3, 4, 5, 6, 7, 8]
this ions should have laser shined:  [2 6]
>>>>>>>>>> P and G calculate time used is: 799.4076571464539 seconds
error: 0.0001364820160235
constrain_error 0.00015247786098904204
>>>>>>>>>> optimization time used is: 809.0130908489227 seconds
alpha max are: [1, 1, 1, 1, 1, 1, 1, 1, 1]  for phonon cut-off in simulation
./calculation results/data/
segnum 37 (array([-4.99506213e-01,  4.01757158e-01,  4.91881882e-01, -3.33444576e-01,
       -3.08741042e-01,  4.96001617e-01,  4.94757188e-01, -1.01182403e-01,
       -2.95811497e-01,  3.94671541e-01,  3.08143379e-01, -4.93397295e-01,
        4.25802976e-01, -4.19412667e-01,  4.71218482e-01, -4.92802557e-01,
       -4.82399145e-01,  3.67266979e-02,  4.85627653e-01, -4.87449450e-01,
       -1.81142961e-01, -3.29493067e-04,  4.98226745e-01, -2.14497518e-01,
        4.30270989e-01, -2.55336379e-01,  3.82603599e-01,  1.90349931e-01,
       -4.96116884e-01,  1.17233792e-01,  4.83233777e-01, -2.25253867e-01,
       -4.85871179e-01, -2.48416421e-01,  4.90364006e-01, -2.21332575e-01,
       -4.98726687e-01]), array([-4.99506213e-01,  4.01757158e-01,  4.91881882e-01, -3.33444576e-01,
       -3.08741042e-01,  4.96001617e-01,  4.94757188e-01, -1.01182403e-01,
       -2.95811497e-01,  3.94671541e-01,  3.08143379e-01, -4.93397295e-01,
        4.25802976e-01, -4.19412667e-01,  4.71218482e-01, -4.92802557e-01,
       -4.82399145e-01,  3.67266979e-02,  4.85627653e-01, -4.87449450e-01,
       -1.81142961e-01, -3.29493067e-04,  4.98226745e-01, -2.14497518e-01,
        4.30270989e-01, -2.55336379e-01,  3.82603599e-01,  1.90349931e-01,
       -4.96116884e-01,  1.17233792e-01,  4.83233777e-01, -2.25253867e-01,
       -4.85871179e-01, -2.48416421e-01,  4.90364006e-01, -2.21332575e-01,
       -4.98726687e-01]))
test theta tf.Tensor(
[[0.        +0.j 0.        +0.j 0.        +0.j 0.        +0.j
  0.        +0.j 0.        +0.j 0.        +0.j 0.        +0.j
  0.        +0.j]
 [0.        +0.j 0.        +0.j 0.        +0.j 0.        +0.j
  0.        +0.j 0.        +0.j 0.        +0.j 0.        +0.j
  0.        +0.j]
 [0.        +0.j 0.        +0.j 0.44761349+0.j 0.        +0.j
  0.        +0.j 0.        +0.j 0.39277532+0.j 0.        +0.j
  0.        +0.j]
 [0.        +0.j 0.        +0.j 0.        +0.j 0.        +0.j
  0.        +0.j 0.        +0.j 0.        +0.j 0.        +0.j
  0.        +0.j]
 [0.        +0.j 0.        +0.j 0.        +0.j 0.        +0.j
  0.        +0.j 0.        +0.j 0.        +0.j 0.        +0.j
  0.        +0.j]
 [0.        +0.j 0.        +0.j 0.        +0.j 0.        +0.j
  0.        +0.j 0.        +0.j 0.        +0.j 0.        +0.j
  0.        +0.j]
 [0.        +0.j 0.        +0.j 0.39277532+0.j 0.        +0.j
  0.        +0.j 0.        +0.j 0.44761349+0.j 0.        +0.j
  0.        +0.j]
 [0.        +0.j 0.        +0.j 0.        +0.j 0.        +0.j
  0.        +0.j 0.        +0.j 0.        +0.j 0.        +0.j
  0.        +0.j]
 [0.        +0.j 0.        +0.j 0.        +0.j 0.        +0.j
  0.        +0.j 0.        +0.j 0.        +0.j 0.        +0.j
  0.        +0.j]], shape=(9, 9), dtype=complex128)
----- N 9 segNum 38 -----
detuning [-0.06389097895862487, -0.05156573097799043, -0.03403984529624483, -0.012313603049552068, 0.012313603049552068, 0.03815409991567023, 0.06294878180883126, 0.08332829105293099, 0.09326286332716281]
tau 570.0
mode [[ 5.73741240e-02 -1.94875999e-01  3.46799641e-01 -4.60601857e-01
   5.02608184e-01 -4.60601857e-01  3.46799641e-01 -1.94875999e-01
   5.73741240e-02]
 [-1.26005135e-01  3.69084760e-01 -4.82595321e-01  3.39117829e-01
   6.40686423e-15 -3.39117829e-01  4.82595321e-01 -3.69084760e-01
   1.26005135e-01]
 [ 2.04153955e-01 -4.68700809e-01  3.01836387e-01  1.96204785e-01
  -4.66988635e-01  1.96204785e-01  3.01836387e-01 -4.68700809e-01
   2.04153955e-01]
 [-2.84344051e-01  4.44839484e-01  9.00197442e-02 -4.61695505e-01
   9.54668879e-16  4.61695505e-01 -9.00197442e-02 -4.44839484e-01
   2.84344051e-01]
 [ 3.59125744e-01 -2.90763451e-01 -4.09744907e-01  1.10826972e-01
   4.61111286e-01  1.10826972e-01 -4.09744907e-01 -2.90763451e-01
   3.59125744e-01]
 [ 4.21075247e-01 -4.60259173e-02 -4.15453134e-01 -3.84676415e-01
   8.35126083e-20  3.84676415e-01  4.15453134e-01  4.60259173e-02
  -4.21075247e-01]
 [-4.63623729e-01 -2.16074990e-01  9.80958941e-02  3.54902638e-01
   4.53400374e-01  3.54902638e-01  9.80958941e-02 -2.16074990e-01
  -4.63623729e-01]
 [ 4.75359656e-01  4.04692338e-01  2.93933487e-01  1.54468166e-01
  -1.96801931e-17 -1.54468166e-01 -2.93933487e-01 -4.04692338e-01
  -4.75359656e-01]
 [-3.33333333e-01 -3.33333333e-01 -3.33333333e-01 -3.33333333e-01
  -3.33333333e-01 -3.33333333e-01 -3.33333333e-01 -3.33333333e-01
  -3.33333333e-01]]
k_list [0, 1, 2, 3, 4, 5, 6, 7, 8]
this ions should have laser shined:  [2 6]
>>>>>>>>>> P and G calculate time used is: 844.5561337471008 seconds
error: 9.752521173506403e-06
constrain_error 4.625831469740049e-05
>>>>>>>>>> optimization time used is: 904.0780954360962 seconds
alpha max are: [1, 1, 1, 1, 1, 1, 1, 1, 1]  for phonon cut-off in simulation
./calculation results/data/
segnum 38 (array([ 0.30395393,  0.23828315, -0.32093742, -0.19699551,  0.36334775,
        0.19204675, -0.39426813, -0.40416086,  0.00864709,  0.25888017,
       -0.40295227, -0.40995651,  0.09268445,  0.09046739, -0.4093964 ,
       -0.21702729,  0.41514476,  0.42372476, -0.29800852, -0.28870341,
        0.42352655,  0.41350408, -0.20272364, -0.40263974,  0.09173632,
        0.09663371, -0.40648081, -0.40385341,  0.25514425,  0.00818913,
       -0.4092872 , -0.395749  ,  0.17355591,  0.36426421, -0.20313709,
       -0.32466831,  0.22767243,  0.30236293]), array([ 0.30395393,  0.23828315, -0.32093742, -0.19699551,  0.36334775,
        0.19204675, -0.39426813, -0.40416086,  0.00864709,  0.25888017,
       -0.40295227, -0.40995651,  0.09268445,  0.09046739, -0.4093964 ,
       -0.21702729,  0.41514476,  0.42372476, -0.29800852, -0.28870341,
        0.42352655,  0.41350408, -0.20272364, -0.40263974,  0.09173632,
        0.09663371, -0.40648081, -0.40385341,  0.25514425,  0.00818913,
       -0.4092872 , -0.395749  ,  0.17355591,  0.36426421, -0.20313709,
       -0.32466831,  0.22767243,  0.30236293]))
test theta tf.Tensor(
[[0.        +0.j 0.        +0.j 0.        +0.j 0.        +0.j
  0.        +0.j 0.        +0.j 0.        +0.j 0.        +0.j
  0.        +0.j]
 [0.        +0.j 0.        +0.j 0.        +0.j 0.        +0.j
  0.        +0.j 0.        +0.j 0.        +0.j 0.        +0.j
  0.        +0.j]
 [0.        +0.j 0.        +0.j 0.44358825+0.j 0.        +0.j
  0.        +0.j 0.        +0.j 0.39267595+0.j 0.        +0.j
  0.        +0.j]
 [0.        +0.j 0.        +0.j 0.        +0.j 0.        +0.j
  0.        +0.j 0.        +0.j 0.        +0.j 0.        +0.j
  0.        +0.j]
 [0.        +0.j 0.        +0.j 0.        +0.j 0.        +0.j
  0.        +0.j 0.        +0.j 0.        +0.j 0.        +0.j
  0.        +0.j]
 [0.        +0.j 0.        +0.j 0.        +0.j 0.        +0.j
  0.        +0.j 0.        +0.j 0.        +0.j 0.        +0.j
  0.        +0.j]
 [0.        +0.j 0.        +0.j 0.39267595+0.j 0.        +0.j
  0.        +0.j 0.        +0.j 0.44358825+0.j 0.        +0.j
  0.        +0.j]
 [0.        +0.j 0.        +0.j 0.        +0.j 0.        +0.j
  0.        +0.j 0.        +0.j 0.        +0.j 0.        +0.j
  0.        +0.j]
 [0.        +0.j 0.        +0.j 0.        +0.j 0.        +0.j
  0.        +0.j 0.        +0.j 0.        +0.j 0.        +0.j
  0.        +0.j]], shape=(9, 9), dtype=complex128)
----- break -----
[[-0.046819865732041034, 0.10330985234828846, 0.16870564029404436, 0.23776560324522003, -0.30514687521006173, 0.36566377778149756, -0.41417233048413093, 0.4461889666271189, 0.4524300745050985, -0.31622776601683605], [0.16116683117678585, -0.31558962919107847, -0.42518803429475377, -0.44825846709582773, 0.3674702207978565, -0.1951550509434159, -0.028798419968163715, 0.24775398829324577, 0.3967072924148335, -0.31622776601683733], [-0.29400233356418526, 0.4528353432576381, 0.3753508533904618, 0.08292432694063853, 0.2563567880352602, -0.4332865782092759, 0.3342989134800796, -0.01806790087100217, 0.3085446457032433, -0.3162277660168383], [0.40603910757818124, -0.39932699211598466, 0.012507979235170033, 0.4010664609786154, -0.34147481336113966, -0.09876444629481036, 0.42441105421166475, -0.26444135719243045, 0.19556585201787288, -0.3162277660168411], [-0.4696041137779406, 0.15877142570114594, -0.3869222528364625, -0.2734979240686521, -0.2992109129770077, 0.3615422976660043, 0.1890804727560741, -0.4114336968569264, 0.0669667899826798, -0.31622776601684316], [0.4696041137779537, 0.15877142570111705, 0.38692225283646486, -0.27349792406863865, 0.29921091297702, 0.361542297666003, -0.18908047275607945, -0.4114336968569235, -0.06696678998268471, -0.3162277660168404], [-0.4060391075782122, -0.3993269921159662, -0.01250797923517186, 0.40106646097861925, 0.3414748133611277, -0.09876444629481139, -0.4244110542116627, -0.2644413571924236, -0.19556585201787682, -0.3162277660168391], [0.29400233356421507, 0.4528353432576208, -0.3753508533904608, 0.08292432694064038, -0.256356788035258, -0.43328657820927574, -0.33429891348008123, -0.01806790087099992, -0.3085446457032452, -0.31622776601683633], [-0.16116683117679972, -0.31558962919106465, 0.4251880342947548, -0.448258467095839, -0.3674702207978498, -0.19515505094341595, 0.028798419968163506, 0.24775398829324685, -0.396707292414834, -0.31622776601683455], [0.04681986573204605, 0.10330985234828534, -0.16870564029404425, 0.2377656032452241, 0.30514687521005573, 0.36566377778149695, 0.4141723304841349, 0.4461889666271204, -0.45243007450509887, -0.316227766016833]]
----- N 10 segNum 38 -----
detuning [-0.07566233264386119, -0.0655232078649071, -0.05096413675789465, -0.03266125266858284, -0.011480987773620756, 0.01148098777362099, 0.034823894217979164, 0.056686375206668395, 0.07429894600376673, 0.08272734565437864]
tau 570.0
mode [[-0.04681987  0.16116683 -0.29400233  0.40603911 -0.46960411  0.46960411
  -0.40603911  0.29400233 -0.16116683  0.04681987]
 [ 0.10330985 -0.31558963  0.45283534 -0.39932699  0.15877143  0.15877143
  -0.39932699  0.45283534 -0.31558963  0.10330985]
 [ 0.16870564 -0.42518803  0.37535085  0.01250798 -0.38692225  0.38692225
  -0.01250798 -0.37535085  0.42518803 -0.16870564]
 [ 0.2377656  -0.44825847  0.08292433  0.40106646 -0.27349792 -0.27349792
   0.40106646  0.08292433 -0.44825847  0.2377656 ]
 [-0.30514688  0.36747022  0.25635679 -0.34147481 -0.29921091  0.29921091
   0.34147481 -0.25635679 -0.36747022  0.30514688]
 [ 0.36566378 -0.19515505 -0.43328658 -0.09876445  0.3615423   0.3615423
  -0.09876445 -0.43328658 -0.19515505  0.36566378]
 [-0.41417233 -0.02879842  0.33429891  0.42441105  0.18908047 -0.18908047
  -0.42441105 -0.33429891  0.02879842  0.41417233]
 [ 0.44618897  0.24775399 -0.0180679  -0.26444136 -0.4114337  -0.4114337
  -0.26444136 -0.0180679   0.24775399  0.44618897]
 [ 0.45243007  0.39670729  0.30854465  0.19556585  0.06696679 -0.06696679
  -0.19556585 -0.30854465 -0.39670729 -0.45243007]
 [-0.31622777 -0.31622777 -0.31622777 -0.31622777 -0.31622777 -0.31622777
  -0.31622777 -0.31622777 -0.31622777 -0.31622777]]
k_list [0, 1, 2, 3, 4, 5, 6, 7, 8, 9]
this ions should have laser shined:  [2 7]
>>>>>>>>>> P and G calculate time used is: 1185.72567486763 seconds
error: 0.01659990112241151
constrain_error 3.5659549775246546e-06
>>>>>>>>>> optimization time used is: 1020.5514707565308 seconds
alpha max are: [1, 1, 1, 1, 1, 1, 1, 1, 1, 1]  for phonon cut-off in simulation
./calculation results/data/
segnum 38 (array([ 0.5       ,  0.17903971, -0.45999402,  0.5       ,  0.5       ,
       -0.23255455, -0.5       ,  0.34074922,  0.5       , -0.12464164,
       -0.5       , -0.22511668,  0.5       , -0.05908482, -0.5       ,
       -0.5       ,  0.49946411,  0.5       , -0.29916506, -0.38976432,
        0.5       ,  0.5       ,  0.30839765, -0.5       , -0.06596271,
        0.5       ,  0.26916301, -0.5       , -0.49816687,  0.44228893,
        0.40336423, -0.5       , -0.5       ,  0.09661681,  0.38296959,
       -0.5       , -0.23019963,  0.36388316]), array([ 0.5       ,  0.17903971, -0.45999402,  0.5       ,  0.5       ,
       -0.23255455, -0.5       ,  0.34074922,  0.5       , -0.12464164,
       -0.5       , -0.22511668,  0.5       , -0.05908482, -0.5       ,
       -0.5       ,  0.49946411,  0.5       , -0.29916506, -0.38976432,
        0.5       ,  0.5       ,  0.30839765, -0.5       , -0.06596271,
        0.5       ,  0.26916301, -0.5       , -0.49816687,  0.44228893,
        0.40336423, -0.5       , -0.5       ,  0.09661681,  0.38296959,
       -0.5       , -0.23019963,  0.36388316]))
test theta tf.Tensor(
[[0.        +0.j 0.        +0.j 0.        +0.j 0.        +0.j
  0.        +0.j 0.        +0.j 0.        +0.j 0.        +0.j
  0.        +0.j 0.        +0.j]
 [0.        +0.j 0.        +0.j 0.        +0.j 0.        +0.j
  0.        +0.j 0.        +0.j 0.        +0.j 0.        +0.j
  0.        +0.j 0.        +0.j]
 [0.        +0.j 0.        +0.j 0.12120897+0.j 0.        +0.j
  0.        +0.j 0.        +0.j 0.        +0.j 0.3926973 +0.j
  0.        +0.j 0.        +0.j]
 [0.        +0.j 0.        +0.j 0.        +0.j 0.        +0.j
  0.        +0.j 0.        +0.j 0.        +0.j 0.        +0.j
  0.        +0.j 0.        +0.j]
 [0.        +0.j 0.        +0.j 0.        +0.j 0.        +0.j
  0.        +0.j 0.        +0.j 0.        +0.j 0.        +0.j
  0.        +0.j 0.        +0.j]
 [0.        +0.j 0.        +0.j 0.        +0.j 0.        +0.j
  0.        +0.j 0.        +0.j 0.        +0.j 0.        +0.j
  0.        +0.j 0.        +0.j]
 [0.        +0.j 0.        +0.j 0.        +0.j 0.        +0.j
  0.        +0.j 0.        +0.j 0.        +0.j 0.        +0.j
  0.        +0.j 0.        +0.j]
 [0.        +0.j 0.        +0.j 0.3926973 +0.j 0.        +0.j
  0.        +0.j 0.        +0.j 0.        +0.j 0.12120897+0.j
  0.        +0.j 0.        +0.j]
 [0.        +0.j 0.        +0.j 0.        +0.j 0.        +0.j
  0.        +0.j 0.        +0.j 0.        +0.j 0.        +0.j
  0.        +0.j 0.        +0.j]
 [0.        +0.j 0.        +0.j 0.        +0.j 0.        +0.j
  0.        +0.j 0.        +0.j 0.        +0.j 0.        +0.j
  0.        +0.j 0.        +0.j]], shape=(10, 10), dtype=complex128)
----- N 10 segNum 39 -----
detuning [-0.07566233264386119, -0.0655232078649071, -0.05096413675789465, -0.03266125266858284, -0.011480987773620756, 0.01148098777362099, 0.034823894217979164, 0.056686375206668395, 0.07429894600376673, 0.08272734565437864]
tau 584.9999999999999
mode [[-0.04681987  0.16116683 -0.29400233  0.40603911 -0.46960411  0.46960411
  -0.40603911  0.29400233 -0.16116683  0.04681987]
 [ 0.10330985 -0.31558963  0.45283534 -0.39932699  0.15877143  0.15877143
  -0.39932699  0.45283534 -0.31558963  0.10330985]
 [ 0.16870564 -0.42518803  0.37535085  0.01250798 -0.38692225  0.38692225
  -0.01250798 -0.37535085  0.42518803 -0.16870564]
 [ 0.2377656  -0.44825847  0.08292433  0.40106646 -0.27349792 -0.27349792
   0.40106646  0.08292433 -0.44825847  0.2377656 ]
 [-0.30514688  0.36747022  0.25635679 -0.34147481 -0.29921091  0.29921091
   0.34147481 -0.25635679 -0.36747022  0.30514688]
 [ 0.36566378 -0.19515505 -0.43328658 -0.09876445  0.3615423   0.3615423
  -0.09876445 -0.43328658 -0.19515505  0.36566378]
 [-0.41417233 -0.02879842  0.33429891  0.42441105  0.18908047 -0.18908047
  -0.42441105 -0.33429891  0.02879842  0.41417233]
 [ 0.44618897  0.24775399 -0.0180679  -0.26444136 -0.4114337  -0.4114337
  -0.26444136 -0.0180679   0.24775399  0.44618897]
 [ 0.45243007  0.39670729  0.30854465  0.19556585  0.06696679 -0.06696679
  -0.19556585 -0.30854465 -0.39670729 -0.45243007]
 [-0.31622777 -0.31622777 -0.31622777 -0.31622777 -0.31622777 -0.31622777
  -0.31622777 -0.31622777 -0.31622777 -0.31622777]]
k_list [0, 1, 2, 3, 4, 5, 6, 7, 8, 9]
this ions should have laser shined:  [2 7]
>>>>>>>>>> P and G calculate time used is: 1255.6726768016815 seconds
error: 0.015109303216522202
constrain_error 0.012271452817558481
----- N 10 segNum 40 -----
detuning [-0.07566233264386119, -0.0655232078649071, -0.05096413675789465, -0.03266125266858284, -0.011480987773620756, 0.01148098777362099, 0.034823894217979164, 0.056686375206668395, 0.07429894600376673, 0.08272734565437864]
tau 600.0
mode [[-0.04681987  0.16116683 -0.29400233  0.40603911 -0.46960411  0.46960411
  -0.40603911  0.29400233 -0.16116683  0.04681987]
 [ 0.10330985 -0.31558963  0.45283534 -0.39932699  0.15877143  0.15877143
  -0.39932699  0.45283534 -0.31558963  0.10330985]
 [ 0.16870564 -0.42518803  0.37535085  0.01250798 -0.38692225  0.38692225
  -0.01250798 -0.37535085  0.42518803 -0.16870564]
 [ 0.2377656  -0.44825847  0.08292433  0.40106646 -0.27349792 -0.27349792
   0.40106646  0.08292433 -0.44825847  0.2377656 ]
 [-0.30514688  0.36747022  0.25635679 -0.34147481 -0.29921091  0.29921091
   0.34147481 -0.25635679 -0.36747022  0.30514688]
 [ 0.36566378 -0.19515505 -0.43328658 -0.09876445  0.3615423   0.3615423
  -0.09876445 -0.43328658 -0.19515505  0.36566378]
 [-0.41417233 -0.02879842  0.33429891  0.42441105  0.18908047 -0.18908047
  -0.42441105 -0.33429891  0.02879842  0.41417233]
 [ 0.44618897  0.24775399 -0.0180679  -0.26444136 -0.4114337  -0.4114337
  -0.26444136 -0.0180679   0.24775399  0.44618897]
 [ 0.45243007  0.39670729  0.30854465  0.19556585  0.06696679 -0.06696679
  -0.19556585 -0.30854465 -0.39670729 -0.45243007]
 [-0.31622777 -0.31622777 -0.31622777 -0.31622777 -0.31622777 -0.31622777
  -0.31622777 -0.31622777 -0.31622777 -0.31622777]]
k_list [0, 1, 2, 3, 4, 5, 6, 7, 8, 9]
this ions should have laser shined:  [2 7]
>>>>>>>>>> P and G calculate time used is: 1323.2770864963531 seconds
error: 0.022991755873266594
constrain_error 4.1115828031124124e-07
>>>>>>>>>> optimization time used is: 560.4693052768707 seconds
alpha max are: [1, 1, 1, 1, 1, 1, 1, 1, 1, 1]  for phonon cut-off in simulation
./calculation results/data/
segnum 40 (array([ 0.5       , -0.08132802,  0.03229657,  0.20233146,  0.04876465,
       -0.20882561, -0.25824966, -0.10939062, -0.01336102, -0.13688542,
       -0.23390311, -0.25633099, -0.19002738, -0.12411744, -0.20332755,
       -0.15968377,  0.02230611,  0.21077742,  0.25303149,  0.12205158,
        0.12322124,  0.255272  ,  0.21215885,  0.0230482 , -0.15772475,
       -0.19984573, -0.12154896, -0.19090205, -0.26043786, -0.2271    ,
       -0.14103095, -0.01538208, -0.10975779, -0.25886724, -0.21099254,
        0.04576097,  0.20011048,  0.03116297, -0.08302635,  0.5       ]), array([ 0.5       , -0.08132802,  0.03229657,  0.20233146,  0.04876465,
       -0.20882561, -0.25824966, -0.10939062, -0.01336102, -0.13688542,
       -0.23390311, -0.25633099, -0.19002738, -0.12411744, -0.20332755,
       -0.15968377,  0.02230611,  0.21077742,  0.25303149,  0.12205158,
        0.12322124,  0.255272  ,  0.21215885,  0.0230482 , -0.15772475,
       -0.19984573, -0.12154896, -0.19090205, -0.26043786, -0.2271    ,
       -0.14103095, -0.01538208, -0.10975779, -0.25886724, -0.21099254,
        0.04576097,  0.20011048,  0.03116297, -0.08302635,  0.5       ]))
test theta tf.Tensor(
[[0.        +0.j 0.        +0.j 0.        +0.j 0.        +0.j
  0.        +0.j 0.        +0.j 0.        +0.j 0.        +0.j
  0.        +0.j 0.        +0.j]
 [0.        +0.j 0.        +0.j 0.        +0.j 0.        +0.j
  0.        +0.j 0.        +0.j 0.        +0.j 0.        +0.j
  0.        +0.j 0.        +0.j]
 [0.        +0.j 0.        +0.j 0.21808957+0.j 0.        +0.j
  0.        +0.j 0.        +0.j 0.        +0.j 0.39269929+0.j
  0.        +0.j 0.        +0.j]
 [0.        +0.j 0.        +0.j 0.        +0.j 0.        +0.j
  0.        +0.j 0.        +0.j 0.        +0.j 0.        +0.j
  0.        +0.j 0.        +0.j]
 [0.        +0.j 0.        +0.j 0.        +0.j 0.        +0.j
  0.        +0.j 0.        +0.j 0.        +0.j 0.        +0.j
  0.        +0.j 0.        +0.j]
 [0.        +0.j 0.        +0.j 0.        +0.j 0.        +0.j
  0.        +0.j 0.        +0.j 0.        +0.j 0.        +0.j
  0.        +0.j 0.        +0.j]
 [0.        +0.j 0.        +0.j 0.        +0.j 0.        +0.j
  0.        +0.j 0.        +0.j 0.        +0.j 0.        +0.j
  0.        +0.j 0.        +0.j]
 [0.        +0.j 0.        +0.j 0.39269929+0.j 0.        +0.j
  0.        +0.j 0.        +0.j 0.        +0.j 0.21808957+0.j
  0.        +0.j 0.        +0.j]
 [0.        +0.j 0.        +0.j 0.        +0.j 0.        +0.j
  0.        +0.j 0.        +0.j 0.        +0.j 0.        +0.j
  0.        +0.j 0.        +0.j]
 [0.        +0.j 0.        +0.j 0.        +0.j 0.        +0.j
  0.        +0.j 0.        +0.j 0.        +0.j 0.        +0.j
  0.        +0.j 0.        +0.j]], shape=(10, 10), dtype=complex128)
----- N 10 segNum 41 -----
detuning [-0.07566233264386119, -0.0655232078649071, -0.05096413675789465, -0.03266125266858284, -0.011480987773620756, 0.01148098777362099, 0.034823894217979164, 0.056686375206668395, 0.07429894600376673, 0.08272734565437864]
tau 615.0
mode [[-0.04681987  0.16116683 -0.29400233  0.40603911 -0.46960411  0.46960411
  -0.40603911  0.29400233 -0.16116683  0.04681987]
 [ 0.10330985 -0.31558963  0.45283534 -0.39932699  0.15877143  0.15877143
  -0.39932699  0.45283534 -0.31558963  0.10330985]
 [ 0.16870564 -0.42518803  0.37535085  0.01250798 -0.38692225  0.38692225
  -0.01250798 -0.37535085  0.42518803 -0.16870564]
 [ 0.2377656  -0.44825847  0.08292433  0.40106646 -0.27349792 -0.27349792
   0.40106646  0.08292433 -0.44825847  0.2377656 ]
 [-0.30514688  0.36747022  0.25635679 -0.34147481 -0.29921091  0.29921091
   0.34147481 -0.25635679 -0.36747022  0.30514688]
 [ 0.36566378 -0.19515505 -0.43328658 -0.09876445  0.3615423   0.3615423
  -0.09876445 -0.43328658 -0.19515505  0.36566378]
 [-0.41417233 -0.02879842  0.33429891  0.42441105  0.18908047 -0.18908047
  -0.42441105 -0.33429891  0.02879842  0.41417233]
 [ 0.44618897  0.24775399 -0.0180679  -0.26444136 -0.4114337  -0.4114337
  -0.26444136 -0.0180679   0.24775399  0.44618897]
 [ 0.45243007  0.39670729  0.30854465  0.19556585  0.06696679 -0.06696679
  -0.19556585 -0.30854465 -0.39670729 -0.45243007]
 [-0.31622777 -0.31622777 -0.31622777 -0.31622777 -0.31622777 -0.31622777
  -0.31622777 -0.31622777 -0.31622777 -0.31622777]]
k_list [0, 1, 2, 3, 4, 5, 6, 7, 8, 9]
this ions should have laser shined:  [2 7]
>>>>>>>>>> P and G calculate time used is: 1383.1259005069733 seconds
error: 0.006663903245062271
constrain_error 0.0006280823741157127
>>>>>>>>>> optimization time used is: 1095.8294286727905 seconds
alpha max are: [1, 1, 1, 1, 1, 1, 1, 1, 1, 1]  for phonon cut-off in simulation
./calculation results/data/
segnum 41 (array([-0.5       ,  0.42074064,  0.00211451, -0.5       ,  0.012251  ,
        0.5       ,  0.24004016, -0.5       ,  0.06116042,  0.5       ,
        0.43465281, -0.5       , -0.14162338,  0.5       ,  0.5       ,
       -0.38214934, -0.5       ,  0.09328988,  0.5       , -0.48697757,
       -0.49860568, -0.32825304,  0.5       ,  0.14790278, -0.5       ,
       -0.15076326,  0.5       ,  0.5       , -0.11163803, -0.5       ,
        0.42916917,  0.5       , -0.07356187, -0.5       ,  0.15209955,
        0.5       , -0.23153979, -0.5       , -0.01238977,  0.29760395,
       -0.5       ]), array([-0.5       ,  0.42074064,  0.00211451, -0.5       ,  0.012251  ,
        0.5       ,  0.24004016, -0.5       ,  0.06116042,  0.5       ,
        0.43465281, -0.5       , -0.14162338,  0.5       ,  0.5       ,
       -0.38214934, -0.5       ,  0.09328988,  0.5       , -0.48697757,
       -0.49860568, -0.32825304,  0.5       ,  0.14790278, -0.5       ,
       -0.15076326,  0.5       ,  0.5       , -0.11163803, -0.5       ,
        0.42916917,  0.5       , -0.07356187, -0.5       ,  0.15209955,
        0.5       , -0.23153979, -0.5       , -0.01238977,  0.29760395,
       -0.5       ]))
test theta tf.Tensor(
[[0.        +0.j 0.        +0.j 0.        +0.j 0.        +0.j
  0.        +0.j 0.        +0.j 0.        +0.j 0.        +0.j
  0.        +0.j 0.        +0.j]
 [0.        +0.j 0.        +0.j 0.        +0.j 0.        +0.j
  0.        +0.j 0.        +0.j 0.        +0.j 0.        +0.j
  0.        +0.j 0.        +0.j]
 [0.        +0.j 0.        +0.j 0.1046229 +0.j 0.        +0.j
  0.        +0.j 0.        +0.j 0.        +0.j 0.39301312+0.j
  0.        +0.j 0.        +0.j]
 [0.        +0.j 0.        +0.j 0.        +0.j 0.        +0.j
  0.        +0.j 0.        +0.j 0.        +0.j 0.        +0.j
  0.        +0.j 0.        +0.j]
 [0.        +0.j 0.        +0.j 0.        +0.j 0.        +0.j
  0.        +0.j 0.        +0.j 0.        +0.j 0.        +0.j
  0.        +0.j 0.        +0.j]
 [0.        +0.j 0.        +0.j 0.        +0.j 0.        +0.j
  0.        +0.j 0.        +0.j 0.        +0.j 0.        +0.j
  0.        +0.j 0.        +0.j]
 [0.        +0.j 0.        +0.j 0.        +0.j 0.        +0.j
  0.        +0.j 0.        +0.j 0.        +0.j 0.        +0.j
  0.        +0.j 0.        +0.j]
 [0.        +0.j 0.        +0.j 0.39301312+0.j 0.        +0.j
  0.        +0.j 0.        +0.j 0.        +0.j 0.1046229 +0.j
  0.        +0.j 0.        +0.j]
 [0.        +0.j 0.        +0.j 0.        +0.j 0.        +0.j
  0.        +0.j 0.        +0.j 0.        +0.j 0.        +0.j
  0.        +0.j 0.        +0.j]
 [0.        +0.j 0.        +0.j 0.        +0.j 0.        +0.j
  0.        +0.j 0.        +0.j 0.        +0.j 0.        +0.j
  0.        +0.j 0.        +0.j]], shape=(10, 10), dtype=complex128)
----- N 10 segNum 42 -----
detuning [-0.07566233264386119, -0.0655232078649071, -0.05096413675789465, -0.03266125266858284, -0.011480987773620756, 0.01148098777362099, 0.034823894217979164, 0.056686375206668395, 0.07429894600376673, 0.08272734565437864]
tau 630.0
mode [[-0.04681987  0.16116683 -0.29400233  0.40603911 -0.46960411  0.46960411
  -0.40603911  0.29400233 -0.16116683  0.04681987]
 [ 0.10330985 -0.31558963  0.45283534 -0.39932699  0.15877143  0.15877143
  -0.39932699  0.45283534 -0.31558963  0.10330985]
 [ 0.16870564 -0.42518803  0.37535085  0.01250798 -0.38692225  0.38692225
  -0.01250798 -0.37535085  0.42518803 -0.16870564]
 [ 0.2377656  -0.44825847  0.08292433  0.40106646 -0.27349792 -0.27349792
   0.40106646  0.08292433 -0.44825847  0.2377656 ]
 [-0.30514688  0.36747022  0.25635679 -0.34147481 -0.29921091  0.29921091
   0.34147481 -0.25635679 -0.36747022  0.30514688]
 [ 0.36566378 -0.19515505 -0.43328658 -0.09876445  0.3615423   0.3615423
  -0.09876445 -0.43328658 -0.19515505  0.36566378]
 [-0.41417233 -0.02879842  0.33429891  0.42441105  0.18908047 -0.18908047
  -0.42441105 -0.33429891  0.02879842  0.41417233]
 [ 0.44618897  0.24775399 -0.0180679  -0.26444136 -0.4114337  -0.4114337
  -0.26444136 -0.0180679   0.24775399  0.44618897]
 [ 0.45243007  0.39670729  0.30854465  0.19556585  0.06696679 -0.06696679
  -0.19556585 -0.30854465 -0.39670729 -0.45243007]
 [-0.31622777 -0.31622777 -0.31622777 -0.31622777 -0.31622777 -0.31622777
  -0.31622777 -0.31622777 -0.31622777 -0.31622777]]
k_list [0, 1, 2, 3, 4, 5, 6, 7, 8, 9]
this ions should have laser shined:  [2 7]
>>>>>>>>>> P and G calculate time used is: 1448.9696214199066 seconds
error: 7.699942130656691e-06
constrain_error 6.966974145505844e-05
>>>>>>>>>> optimization time used is: 1148.9426970481873 seconds
alpha max are: [1, 1, 1, 1, 1, 1, 1, 1, 1, 1]  for phonon cut-off in simulation
./calculation results/data/
segnum 42 (array([-0.49122276,  0.24836987,  0.09792827, -0.42195048, -0.37284158,
        0.48807216,  0.29568593, -0.48737114, -0.16064587,  0.49810638,
        0.40433626, -0.21515624, -0.24883942,  0.29014668,  0.49871943,
        0.03715414, -0.42430027, -0.06659483,  0.25201562,  0.05553325,
       -0.47633693, -0.49054736,  0.03055387,  0.24243208, -0.06540511,
       -0.44572714,  0.00269331,  0.49744417,  0.27524335, -0.23016384,
       -0.21987836,  0.39415629,  0.4987888 , -0.11048589, -0.4675632 ,
        0.27712389,  0.49456168, -0.27530336, -0.46283272,  0.10367397,
        0.28730648, -0.49555705]), array([-0.49122276,  0.24836987,  0.09792827, -0.42195048, -0.37284158,
        0.48807216,  0.29568593, -0.48737114, -0.16064587,  0.49810638,
        0.40433626, -0.21515624, -0.24883942,  0.29014668,  0.49871943,
        0.03715414, -0.42430027, -0.06659483,  0.25201562,  0.05553325,
       -0.47633693, -0.49054736,  0.03055387,  0.24243208, -0.06540511,
       -0.44572714,  0.00269331,  0.49744417,  0.27524335, -0.23016384,
       -0.21987836,  0.39415629,  0.4987888 , -0.11048589, -0.4675632 ,
        0.27712389,  0.49456168, -0.27530336, -0.46283272,  0.10367397,
        0.28730648, -0.49555705]))
test theta tf.Tensor(
[[0.        +0.j 0.        +0.j 0.        +0.j 0.        +0.j
  0.        +0.j 0.        +0.j 0.        +0.j 0.        +0.j
  0.        +0.j 0.        +0.j]
 [0.        +0.j 0.        +0.j 0.        +0.j 0.        +0.j
  0.        +0.j 0.        +0.j 0.        +0.j 0.        +0.j
  0.        +0.j 0.        +0.j]
 [0.        +0.j 0.        +0.j 0.12794713+0.j 0.        +0.j
  0.        +0.j 0.        +0.j 0.        +0.j 0.39273392+0.j
  0.        +0.j 0.        +0.j]
 [0.        +0.j 0.        +0.j 0.        +0.j 0.        +0.j
  0.        +0.j 0.        +0.j 0.        +0.j 0.        +0.j
  0.        +0.j 0.        +0.j]
 [0.        +0.j 0.        +0.j 0.        +0.j 0.        +0.j
  0.        +0.j 0.        +0.j 0.        +0.j 0.        +0.j
  0.        +0.j 0.        +0.j]
 [0.        +0.j 0.        +0.j 0.        +0.j 0.        +0.j
  0.        +0.j 0.        +0.j 0.        +0.j 0.        +0.j
  0.        +0.j 0.        +0.j]
 [0.        +0.j 0.        +0.j 0.        +0.j 0.        +0.j
  0.        +0.j 0.        +0.j 0.        +0.j 0.        +0.j
  0.        +0.j 0.        +0.j]
 [0.        +0.j 0.        +0.j 0.39273392+0.j 0.        +0.j
  0.        +0.j 0.        +0.j 0.        +0.j 0.12794713+0.j
  0.        +0.j 0.        +0.j]
 [0.        +0.j 0.        +0.j 0.        +0.j 0.        +0.j
  0.        +0.j 0.        +0.j 0.        +0.j 0.        +0.j
  0.        +0.j 0.        +0.j]
 [0.        +0.j 0.        +0.j 0.        +0.j 0.        +0.j
  0.        +0.j 0.        +0.j 0.        +0.j 0.        +0.j
  0.        +0.j 0.        +0.j]], shape=(10, 10), dtype=complex128)
----- break -----
Traceback (most recent call last):
  File "optimize_pulse.py", line 79, in <module>
    optimize_pulse()
  File "optimize_pulse.py", line 71, in optimize_pulse
    evaluate[N_ions+1] = max(segNum,evaluate[N_ions+1])
KeyError: 11
done
