python script
init
alpha0,1: [(9.053514720234344e-08-7.952090035295907e-08j), (9.053514720234344e-08+7.952090035295907e-08j)] [(-9.053514720234344e-08+7.952090035295907e-08j), (9.053514720234344e-08+7.952090035295907e-08j)]
alg1: [[ 4.95724650e-01+7.70120021e-17j  0.00000000e+00+0.00000000e+00j
   0.00000000e+00+0.00000000e+00j -1.55043189e-06+4.95756321e-01j]
 [ 0.00000000e+00+0.00000000e+00j  4.22416708e-03+1.53119904e-17j
   1.55043189e-06-2.50606871e-17j  0.00000000e+00+0.00000000e+00j]
 [ 0.00000000e+00+0.00000000e+00j  1.55043189e-06-8.39657311e-18j
   4.22416708e-03-5.06156162e-17j  0.00000000e+00+0.00000000e+00j]
 [-1.55043189e-06-4.95756321e-01j  0.00000000e+00+0.00000000e+00j
   0.00000000e+00+0.00000000e+00j  4.95827016e-01-3.79008238e-17j]]
with lind N_ions = 2 time alg1 = 24.288370609283447
alg1: [[ 4.99938740e-01+1.11689592e-16j  0.00000000e+00+0.00000000e+00j
   0.00000000e+00+0.00000000e+00j -8.37459178e-07+5.00000815e-01j]
 [ 0.00000000e+00+0.00000000e+00j -3.84606503e-06-6.88537339e-17j
   8.37459178e-07-6.88537339e-17j  0.00000000e+00+0.00000000e+00j]
 [ 0.00000000e+00+0.00000000e+00j  8.37459178e-07-6.88537339e-17j
  -3.84606503e-06-6.88537339e-17j  0.00000000e+00+0.00000000e+00j]
 [-8.37459178e-07-5.00000815e-01j  0.00000000e+00+0.00000000e+00j
   0.00000000e+00+0.00000000e+00j  5.00068952e-01+2.64227118e-17j]]
no lind N_ions = 2 time alg1 = 21.30488133430481
--------
N_ions 2 cut_off 10 (infid,tracedist) (0.004232915894083478, 0.008472530450191227)
(-2.33052447229376e-06, 6.896285844637466e-05)
init
alpha0,1: [(7.665116498486569e-07+5.3681702875088e-07j), (-1.3276371281413135e-06+9.297943691300352e-07j), (-1.643534821556379e-06-4.0480913292590327e-07j)] [(-1.5330232996973077e-06-1.0736340575017558e-06j), (-2.09919328387063e-21+1.4701442537924778e-21j), (-1.643534821556382e-06-4.04809132925904e-07j)]
alg1: [[ 0.49445823+1.36349004e-16j  0.        +0.00000000e+00j
   0.        +0.00000000e+00j -0.00387873+4.94087579e-01j]
 [ 0.        +0.00000000e+00j  0.00584347-1.25242858e-16j
   0.00387873+6.72579155e-07j  0.        +0.00000000e+00j]
 [ 0.        +0.00000000e+00j  0.00387873-6.72579155e-07j
   0.00584291+4.50787805e-17j  0.        +0.00000000e+00j]
 [-0.00387873-4.94087579e-01j  0.        +0.00000000e+00j
   0.        +0.00000000e+00j  0.49385539-5.70150524e-17j]]
with lind N_ions = 3 time alg1 = 37.40285110473633
alg1: [[ 5.00050056e-01+5.42419405e-17j  0.00000000e+00+0.00000000e+00j
   0.00000000e+00+0.00000000e+00j  1.75085886e-07+5.00000050e-01j]
 [ 0.00000000e+00+0.00000000e+00j -4.16851312e-06+5.15686310e-17j
  -1.75085886e-07+9.42269145e-07j  0.00000000e+00+0.00000000e+00j]
 [ 0.00000000e+00+0.00000000e+00j -1.75085886e-07-9.42269145e-07j
  -4.52270654e-06-2.67233283e-17j  0.00000000e+00+0.00000000e+00j]
 [ 1.75085886e-07-5.00000050e-01j  0.00000000e+00+0.00000000e+00j
   0.00000000e+00+0.00000000e+00j  4.99958635e-01-7.73954090e-17j]]
no lind N_ions = 3 time alg1 = 37.133275508880615
--------
N_ions 3 cut_off 10 (infid,tracedist) (0.005877769262314314, 0.012923451790800762)
(-2.1975779276317553e-06, 5.0056701219081115e-05)
init
/gpfs/share/home/1900011306/alg1_alg2/examples/all_optimizedjmm_mid_mu/../../trap_config.py:227: IntegrationWarning: The occurrence of roundoff error is detected, which prevents 
  the requested tolerance from being achieved.  The error may be 
  underestimated.
  real0 = integrate.quad(lambda t:(amp0(t)*np.exp(1j*omega[k_mod]*t)).real,0,tau,limit = 1000)[0]
/gpfs/share/home/1900011306/alg1_alg2/examples/all_optimizedjmm_mid_mu/../../trap_config.py:231: IntegrationWarning: The occurrence of roundoff error is detected, which prevents 
  the requested tolerance from being achieved.  The error may be 
  underestimated.
  real1 = integrate.quad(lambda t:(amp1(t)*np.exp(1j*omega[k_mod]*t)).real,0,tau,limit = 1000)[0]
alpha0,1: [(-2.229115049838423e-06+5.604893770739835e-07j), (-5.958206333105068e-07+9.270314245874591e-07j), (-3.037510455889617e-07-4.7260327388316065e-07j), (-7.407131465936571e-07+5.682786031746179e-07j)] [(2.229115049838421e-06-5.60489377073983e-07j), (-5.958206333105081e-07+9.270314245874612e-07j), (3.037510455889564e-07+4.7260327388315244e-07j), (-7.407131465936593e-07+5.682786031746195e-07j)]
alg1: [[ 0.47923075+6.67800272e-17j  0.        +0.00000000e+00j
   0.        +0.00000000e+00j -0.00850371+4.78447574e-01j]
 [ 0.        +0.00000000e+00j  0.02091864-3.50504919e-17j
   0.00850371+7.69562196e-18j  0.        +0.00000000e+00j]
 [ 0.        +0.00000000e+00j  0.00850371-1.56815322e-17j
   0.02091864+1.74644025e-17j  0.        +0.00000000e+00j]
 [-0.00850371-4.78447574e-01j  0.        +0.00000000e+00j
   0.        +0.00000000e+00j  0.47893197-5.07904731e-17j]]
with lind N_ions = 4 time alg1 = 49.56180238723755
alg1: [[ 4.99918749e-01+6.01943741e-18j  0.00000000e+00+0.00000000e+00j
   0.00000000e+00+0.00000000e+00j -9.47648448e-06+4.99992520e-01j]
 [ 0.00000000e+00+0.00000000e+00j  4.31737671e-06-2.79626390e-17j
   9.47648448e-06-1.81054863e-17j  0.00000000e+00+0.00000000e+00j]
 [ 0.00000000e+00+0.00000000e+00j  9.47648448e-06-5.83228464e-17j
   4.31737671e-06-4.29403459e-17j  0.00000000e+00+0.00000000e+00j]
 [-9.47648448e-06-4.99992520e-01j  0.00000000e+00+0.00000000e+00j
   0.00000000e+00+0.00000000e+00j  5.00072616e-01+6.63491573e-17j]]
no lind N_ions = 4 time alg1 = 48.112812519073486
--------
N_ions 4 cut_off 10 (infid,tracedist) (0.020792588456250427, 0.04407437388612813)
(5.892326983558682e-06, 8.735128897241537e-05)
init
alpha0,1: [(-3.0398883793360234e-07-5.418661226939386e-07j), (-8.143204129078391e-07-1.2244851270119637e-06j), (-2.907262041914247e-07+4.371619641899076e-07j), (-5.534627304374674e-07-4.842880563486631e-07j), (1.3851758075488061e-07-5.487985185570132e-07j)] [(-3.0398883793360403e-07-5.418661226939416e-07j), (8.143204129078385e-07+1.2244851270119629e-06j), (-2.9072620419142326e-07+4.3716196418990543e-07j), (5.534627304374683e-07+4.842880563486638e-07j), (1.3851758075488e-07-5.487985185570108e-07j)]
alg1: [[ 0.4804809 -3.15897363e-17j  0.        +0.00000000e+00j
   0.        +0.00000000e+00j -0.00842076+4.79553463e-01j]
 [ 0.        +0.00000000e+00j  0.01987739-1.11826060e-18j
   0.00842076+4.04347210e-17j  0.        +0.00000000e+00j]
 [ 0.        +0.00000000e+00j  0.00842076+4.53326074e-17j
   0.01987739+8.53125493e-17j  0.        +0.00000000e+00j]
 [-0.00842076-4.79553463e-01j  0.        +0.00000000e+00j
   0.        +0.00000000e+00j  0.47976431-6.36474239e-17j]]
with lind N_ions = 5 time alg1 = 71.72806429862976
alg1: [[ 4.99699944e-01+5.19539374e-17j  0.00000000e+00+0.00000000e+00j
   0.00000000e+00+0.00000000e+00j -1.44393648e-06+4.99999043e-01j]
 [ 0.00000000e+00+0.00000000e+00j -7.18282635e-06+9.50257795e-17j
   1.44393648e-06-3.28280269e-17j  0.00000000e+00+0.00000000e+00j]
 [ 0.00000000e+00+0.00000000e+00j  1.44393648e-06-9.01341411e-18j
  -7.18282635e-06-1.35739341e-16j  0.00000000e+00+0.00000000e+00j]
 [-1.44393648e-06-4.99999043e-01j  0.00000000e+00+0.00000000e+00j
   0.00000000e+00+0.00000000e+00j  5.00314422e-01-1.49898910e-17j]]
no lind N_ions = 5 time alg1 = 70.59996438026428
--------
N_ions 5 cut_off 10 (infid,tracedist) (0.020303356964164077, 0.04200582048213081)
(-3.1130227906572827e-06, 0.0003144263970890514)
init
alpha0,1: [(-9.268070627582106e-06+1.8495281501626702e-06j), (-2.9380522855394357e-07+5.069425443944498e-06j), (6.55885748761208e-07-4.536508834181737e-06j), (4.450703702775001e-08+3.078380145337643e-07j), (1.038028494337729e-06-3.7542927364805075e-06j), (1.8079260285584514e-06+3.2851475584525253e-06j)] [(9.268070627582406e-06-1.84952815016273e-06j), (-2.9380522855393907e-07+5.069425443944419e-06j), (-6.558857487612075e-07+4.536508834181734e-06j), (4.4507037027746084e-08+3.0783801453373714e-07j), (-1.0380284943377208e-06+3.754292736480478e-06j), (1.8079260285584715e-06+3.2851475584525617e-06j)]
alg1: [[ 0.48733179+6.14683543e-17j  0.        +0.00000000e+00j
   0.        +0.00000000e+00j  0.00309751+4.87066130e-01j]
 [ 0.        +0.00000000e+00j  0.01274378+2.66343689e-17j
  -0.00309751+6.23819711e-17j  0.        +0.00000000e+00j]
 [ 0.        +0.00000000e+00j -0.00309751-5.06789934e-17j
   0.01274378-1.74342059e-17j  0.        +0.00000000e+00j]
 [ 0.00309751-4.87066130e-01j  0.        +0.00000000e+00j
   0.        +0.00000000e+00j  0.48718064-7.03539012e-17j]]
with lind N_ions = 6 time alg1 = 92.07109332084656
alg1: [[ 5.00054893e-01-8.11554034e-17j  0.00000000e+00+0.00000000e+00j
   0.00000000e+00+0.00000000e+00j -2.01633211e-07+5.00009884e-01j]
 [ 0.00000000e+00+0.00000000e+00j -1.09654927e-05-7.78101115e-18j
   2.01633211e-07+1.98366792e-17j  0.00000000e+00+0.00000000e+00j]
 [ 0.00000000e+00+0.00000000e+00j  2.01633211e-07-2.79725254e-18j
  -1.09654927e-05+2.68176862e-17j  0.00000000e+00+0.00000000e+00j]
 [-2.01633211e-07-5.00009884e-01j  0.00000000e+00+0.00000000e+00j
   0.00000000e+00+0.00000000e+00j  4.99967038e-01+6.02959414e-17j]]
no lind N_ions = 6 time alg1 = 88.34704923629761
--------
N_ions 6 cut_off 10 (infid,tracedist) (0.012898078570745763, 0.02606405263025258)
(-1.0432159562645538e-05, 5.599145607866294e-05)
init
alpha0,1: [(3.96950817901485e-08-1.5029724872666585e-07j), (-1.2615950002706381e-09+1.4977959950663707e-07j), (-1.9606487266198424e-09-1.5894182737689486e-07j), (-1.0718137619169795e-09+8.688758756928507e-08j), (-1.0269236793458017e-09-5.7854929821537194e-08j), (-4.484306523292693e-09+3.7214563216407244e-07j), (3.083255297282999e-08+5.854755577275257e-08j)] [(-6.48192665244153e-08+2.4542479782767175e-07j), (-1.1289721163999505e-09+1.340342910460728e-07j), (-2.6412497278622666e-10-2.1411538569119345e-08j), (1.913430116507875e-09-1.5511400647481418e-07j), (3.800764628980438e-09+2.141278610090345e-07j), (2.4298665545859436e-09-2.0165085065744982e-07j), (3.0832552972830083e-08+5.854755577275275e-08j)]
alg1: [[ 0.4834319 -9.05763569e-18j  0.        +0.00000000e+00j
   0.        +0.00000000e+00j  0.00406825+4.83143351e-01j]
 [ 0.        +0.00000000e+00j  0.01654111+6.08646954e-18j
  -0.00406825-2.00938505e-03j  0.        +0.00000000e+00j]
 [ 0.        +0.00000000e+00j -0.00406825+2.00938505e-03j
   0.01654096-4.29937766e-18j  0.        +0.00000000e+00j]
 [ 0.00406825-4.83143351e-01j  0.        +0.00000000e+00j
   0.        +0.00000000e+00j  0.48348603+7.50775953e-18j]]
with lind N_ions = 7 time alg1 = 93.82711172103882
alg1: [[ 4.99684424e-01-9.76262473e-18j  0.00000000e+00+0.00000000e+00j
   0.00000000e+00+0.00000000e+00j  2.67673380e-08+5.00004333e-01j]
 [ 0.00000000e+00+0.00000000e+00j -4.29930109e-06+1.29697236e-18j
  -2.67673380e-08+2.07732706e-07j  0.00000000e+00+0.00000000e+00j]
 [ 0.00000000e+00+0.00000000e+00j -2.67673380e-08-2.07732706e-07j
  -4.14663427e-06-7.53240271e-19j  0.00000000e+00+0.00000000e+00j]
 [ 2.67673379e-08-5.00004333e-01j  0.00000000e+00+0.00000000e+00j
   0.00000000e+00+0.00000000e+00j  5.00324022e-01+9.36027280e-18j]]
no lind N_ions = 7 time alg1 = 91.47103476524353
--------
N_ions 7 cut_off 10 (infid,tracedist) (0.016836430223481802, 0.03389255860132446)
(-4.277940167662919e-06, 0.00032405117238703624)
init
alpha0,1: [(1.539106585152901e-07+1.7376644953158285e-07j), (-3.771200503551316e-08-2.7920733758432875e-07j), (-1.4388550352764204e-07-2.6364859890953802e-08j), (5.0492251078652466e-08+1.0886415222891344e-07j), (8.006722308636456e-08-1.7262949368167961e-07j), (-1.9542797438865136e-09+1.1047971509423983e-07j), (4.467460407120101e-09+2.494457308795175e-07j), (-2.852918552659094e-07+1.4836057759874558e-07j)] [(-1.539106585152956e-07-1.7376644953158907e-07j), (-3.771200503551282e-08-2.7920733758432626e-07j), (1.438855035276279e-07+2.636485989095121e-08j), (5.049225107865251e-08+1.0886415222891355e-07j), (-8.006722308636466e-08+1.7262949368167983e-07j), (-1.9542797438864916e-09+1.1047971509423859e-07j), (-4.4674604071200505e-09-2.494457308795147e-07j), (-2.852918552659076e-07+1.4836057759874466e-07j)]
alg1: [[ 0.48596556+2.83525515e-18j  0.        +0.00000000e+00j
   0.        +0.00000000e+00j  0.00534801+4.85626111e-01j]
 [ 0.        +0.00000000e+00j  0.01410665+3.15473636e-18j
  -0.00534801+8.12480267e-19j  0.        +0.00000000e+00j]
 [ 0.        +0.00000000e+00j -0.00534801+1.39154231e-18j
   0.01410665-1.08132909e-18j  0.        +0.00000000e+00j]
 [ 0.00534801-4.85626111e-01j  0.        +0.00000000e+00j
   0.        +0.00000000e+00j  0.48582115-4.93148626e-18j]]
with lind N_ions = 8 time alg1 = 118.44611287117004
alg1: [[ 5.00094718e-01-8.66116706e-19j  0.00000000e+00+0.00000000e+00j
   0.00000000e+00+0.00000000e+00j -1.65010850e-07+5.00003716e-01j]
 [ 0.00000000e+00+0.00000000e+00j -3.58429431e-06-4.90637065e-18j
   1.65010850e-07-3.48105932e-18j  0.00000000e+00+0.00000000e+00j]
 [ 0.00000000e+00+0.00000000e+00j  1.65010850e-07+2.38591444e-18j
  -3.58429431e-06+4.02903758e-18j  0.00000000e+00+0.00000000e+00j]
 [-1.65010850e-07-5.00003716e-01j  0.00000000e+00+0.00000000e+00j
   0.00000000e+00+0.00000000e+00j  4.99912450e-01+1.78163433e-18j]]
no lind N_ions = 8 time alg1 = 116.57015204429626
--------
N_ions 8 cut_off 10 (infid,tracedist) (0.014339527037733779, 0.029450336741139064)
(-3.650291039214437e-06, 9.479407068889522e-05)
init
k =  0
median 1.6208155155181885
end 3.422369956970215
k =  1
median 1.423043966293335
end 0.016312599182128906
---------------N = 2 my bound 0.0170468801094519
k =  0
median 1.898169755935669
end 5.243855953216553
k =  1
median 2.113295793533325
end 5.228259563446045
k =  2
median 2.0618011951446533
end 5.292026042938232
---------------N = 3 my bound 0.0237996754839670
k =  0
median 2.3801000118255615
end 6.717532157897949
k =  1
median 2.545133113861084
end 6.776868104934692
k =  2
median 2.8314368724823
end 6.7174458503723145
k =  3
median 3.190668821334839
end 6.601862668991089
---------------N = 4 my bound 0.0881242961726146
k =  0
median 2.950007200241089
end 10.516005754470825
k =  1
median 2.5766544342041016
end 7.654325246810913
k =  2
median 2.815000057220459
end 7.55722713470459
k =  3
median 2.8495209217071533
end 7.320836544036865
k =  4
median 3.3160390853881836
end 7.327021837234497
---------------N = 5 my bound 0.0835666006371316
k =  0
median 3.1412835121154785
end 9.49887990951538
k =  1
median 3.899836778640747
end 9.182732343673706
k =  2
median 3.303145170211792
end 9.578994274139404
k =  3
median 3.3958520889282227
end 0.04264521598815918
k =  4
median 3.8567848205566406
end 9.208998203277588
k =  5
median 3.3960070610046387
end 9.664217472076416
---------------N = 6 my bound 0.0524658013502629
k =  0
median 3.247978925704956
end 9.683216094970703
k =  1
median 3.0887160301208496
end 9.73916482925415
k =  2
median 2.9211227893829346
end 9.168314695358276
k =  3
median 2.601921319961548
end 0.03917384147644043
k =  4
median 4.384947299957275
end 9.219189643859863
k =  5
median 3.671450614929199
end 9.82892107963562
k =  6
median 3.6997909545898438
end 9.1758713722229
---------------N = 7 my bound 0.0727754282597537
k =  0
median 3.613260507583618
end 10.966202735900879
k =  1
median 4.005637168884277
end 11.016457557678223
k =  2
median 3.514580011367798
end 10.3043851852417
k =  3
median 3.5813403129577637
end 11.103106498718262
k =  4
median 3.5992894172668457
end 10.263967514038086
k =  5
median 3.589383125305176
end 11.122805118560791
k =  6
median 4.145111083984375
end 10.56348466873169
k =  7
median 5.2700841426849365
end 14.583521127700806
---------------N = 8 my bound 0.0583471735285017
Traceback (most recent call last):
  File "simu_heating.py", line 209, in <module>
    bound_eq26()
  File "simu_heating.py", line 65, in bound_eq26
    delta_t = eval(config['amplitude']['delta_t'])/us
  File "/gpfs/share/home/1900011306/anaconda3/envs/alg1_alg2/lib/python3.8/configparser.py", line 1254, in __getitem__
    raise KeyError(key)
KeyError: 'delta_t'
done
