python script
init
alpha0,1: [(9.053514720234344e-08-7.952090035295907e-08j), (9.053514720234344e-08+7.952090035295907e-08j)] [(-9.053514720234344e-08+7.952090035295907e-08j), (9.053514720234344e-08+7.952090035295907e-08j)]
alg1: [[ 4.95724650e-01+7.70120021e-17j  0.00000000e+00+0.00000000e+00j
   0.00000000e+00+0.00000000e+00j -1.55043189e-06+4.95756321e-01j]
 [ 0.00000000e+00+0.00000000e+00j  4.22416708e-03+1.53119904e-17j
   1.55043189e-06-2.50606871e-17j  0.00000000e+00+0.00000000e+00j]
 [ 0.00000000e+00+0.00000000e+00j  1.55043189e-06-8.39657311e-18j
   4.22416708e-03-5.06156162e-17j  0.00000000e+00+0.00000000e+00j]
 [-1.55043189e-06-4.95756321e-01j  0.00000000e+00+0.00000000e+00j
   0.00000000e+00+0.00000000e+00j  4.95827016e-01-3.79008238e-17j]]
with lind N_ions = 2 time alg1 = 21.890085220336914
alg1: [[ 4.99938740e-01+1.11689592e-16j  0.00000000e+00+0.00000000e+00j
   0.00000000e+00+0.00000000e+00j -8.37459178e-07+5.00000815e-01j]
 [ 0.00000000e+00+0.00000000e+00j -3.84606503e-06-6.88537339e-17j
   8.37459178e-07-6.88537339e-17j  0.00000000e+00+0.00000000e+00j]
 [ 0.00000000e+00+0.00000000e+00j  8.37459178e-07-6.88537339e-17j
  -3.84606503e-06-6.88537339e-17j  0.00000000e+00+0.00000000e+00j]
 [-8.37459178e-07-5.00000815e-01j  0.00000000e+00+0.00000000e+00j
   0.00000000e+00+0.00000000e+00j  5.00068952e-01+2.64227118e-17j]]
no lind N_ions = 2 time alg1 = 19.021422624588013
--------
N_ions 2 cut_off 10 (infid,tracedist) (0.004232915894083478, 0.008472530450191227)
(-2.33052447229376e-06, 6.896285844637466e-05)
init
alpha0,1: [(7.665116498486569e-07+5.3681702875088e-07j), (-1.3276371281413135e-06+9.297943691300352e-07j), (-1.643534821556379e-06-4.0480913292590327e-07j)] [(-1.5330232996973077e-06-1.0736340575017558e-06j), (-2.09919328387063e-21+1.4701442537924778e-21j), (-1.643534821556382e-06-4.04809132925904e-07j)]
alg1: [[ 0.49445823+1.36349004e-16j  0.        +0.00000000e+00j
   0.        +0.00000000e+00j -0.00387873+4.94087579e-01j]
 [ 0.        +0.00000000e+00j  0.00584347-1.25242858e-16j
   0.00387873+6.72579155e-07j  0.        +0.00000000e+00j]
 [ 0.        +0.00000000e+00j  0.00387873-6.72579155e-07j
   0.00584291+4.50787805e-17j  0.        +0.00000000e+00j]
 [-0.00387873-4.94087579e-01j  0.        +0.00000000e+00j
   0.        +0.00000000e+00j  0.49385539-5.70150524e-17j]]
with lind N_ions = 3 time alg1 = 33.82302737236023
alg1: [[ 5.00050056e-01+5.42419405e-17j  0.00000000e+00+0.00000000e+00j
   0.00000000e+00+0.00000000e+00j  1.75085886e-07+5.00000050e-01j]
 [ 0.00000000e+00+0.00000000e+00j -4.16851312e-06+5.15686310e-17j
  -1.75085886e-07+9.42269145e-07j  0.00000000e+00+0.00000000e+00j]
 [ 0.00000000e+00+0.00000000e+00j -1.75085886e-07-9.42269145e-07j
  -4.52270654e-06-2.67233283e-17j  0.00000000e+00+0.00000000e+00j]
 [ 1.75085886e-07-5.00000050e-01j  0.00000000e+00+0.00000000e+00j
   0.00000000e+00+0.00000000e+00j  4.99958635e-01-7.73954090e-17j]]
no lind N_ions = 3 time alg1 = 33.33572793006897
--------
N_ions 3 cut_off 10 (infid,tracedist) (0.005877769262314314, 0.012923451790800762)
(-2.1975779276317553e-06, 5.0056701219081115e-05)
init
/gpfs/share/home/1900011306/alg1_alg2/examples/all_optimizedjmm_mid_mu/../../trap_config.py:227: IntegrationWarning: The occurrence of roundoff error is detected, which prevents 
  the requested tolerance from being achieved.  The error may be 
  underestimated.
  real0 = integrate.quad(lambda t:(amp0(t)*np.exp(1j*omega[k_mod]*t)).real,0,tau,limit = 1000)[0]
/gpfs/share/home/1900011306/alg1_alg2/examples/all_optimizedjmm_mid_mu/../../trap_config.py:231: IntegrationWarning: The occurrence of roundoff error is detected, which prevents 
  the requested tolerance from being achieved.  The error may be 
  underestimated.
  real1 = integrate.quad(lambda t:(amp1(t)*np.exp(1j*omega[k_mod]*t)).real,0,tau,limit = 1000)[0]
alpha0,1: [(-2.229115049838423e-06+5.604893770739835e-07j), (-5.958206333105068e-07+9.270314245874591e-07j), (-3.037510455889617e-07-4.7260327388316065e-07j), (-7.407131465936571e-07+5.682786031746179e-07j)] [(2.229115049838421e-06-5.60489377073983e-07j), (-5.958206333105081e-07+9.270314245874612e-07j), (3.037510455889564e-07+4.7260327388315244e-07j), (-7.407131465936593e-07+5.682786031746195e-07j)]
alg1: [[ 0.47923075+6.67800272e-17j  0.        +0.00000000e+00j
   0.        +0.00000000e+00j -0.00850371+4.78447574e-01j]
 [ 0.        +0.00000000e+00j  0.02091864-3.50504919e-17j
   0.00850371+7.69562196e-18j  0.        +0.00000000e+00j]
 [ 0.        +0.00000000e+00j  0.00850371-1.56815322e-17j
   0.02091864+1.74644025e-17j  0.        +0.00000000e+00j]
 [-0.00850371-4.78447574e-01j  0.        +0.00000000e+00j
   0.        +0.00000000e+00j  0.47893197-5.07904731e-17j]]
with lind N_ions = 4 time alg1 = 44.80856537818909
alg1: [[ 4.99918749e-01+6.01943741e-18j  0.00000000e+00+0.00000000e+00j
   0.00000000e+00+0.00000000e+00j -9.47648448e-06+4.99992520e-01j]
 [ 0.00000000e+00+0.00000000e+00j  4.31737671e-06-2.79626390e-17j
   9.47648448e-06-1.81054863e-17j  0.00000000e+00+0.00000000e+00j]
 [ 0.00000000e+00+0.00000000e+00j  9.47648448e-06-5.83228464e-17j
   4.31737671e-06-4.29403459e-17j  0.00000000e+00+0.00000000e+00j]
 [-9.47648448e-06-4.99992520e-01j  0.00000000e+00+0.00000000e+00j
   0.00000000e+00+0.00000000e+00j  5.00072616e-01+6.63491573e-17j]]
no lind N_ions = 4 time alg1 = 43.96089816093445
--------
N_ions 4 cut_off 10 (infid,tracedist) (0.020792588456250427, 0.04407437388612813)
(5.892326983558682e-06, 8.735128897241537e-05)
init
alpha0,1: [(-3.0398883793360234e-07-5.418661226939386e-07j), (-8.143204129078391e-07-1.2244851270119637e-06j), (-2.907262041914247e-07+4.371619641899076e-07j), (-5.534627304374674e-07-4.842880563486631e-07j), (1.3851758075488061e-07-5.487985185570132e-07j)] [(-3.0398883793360403e-07-5.418661226939416e-07j), (8.143204129078385e-07+1.2244851270119629e-06j), (-2.9072620419142326e-07+4.3716196418990543e-07j), (5.534627304374683e-07+4.842880563486638e-07j), (1.3851758075488e-07-5.487985185570108e-07j)]
alg1: [[ 0.4804809 -3.15897363e-17j  0.        +0.00000000e+00j
   0.        +0.00000000e+00j -0.00842076+4.79553463e-01j]
 [ 0.        +0.00000000e+00j  0.01987739-1.11826060e-18j
   0.00842076+4.04347210e-17j  0.        +0.00000000e+00j]
 [ 0.        +0.00000000e+00j  0.00842076+4.53326074e-17j
   0.01987739+8.53125493e-17j  0.        +0.00000000e+00j]
 [-0.00842076-4.79553463e-01j  0.        +0.00000000e+00j
   0.        +0.00000000e+00j  0.47976431-6.36474239e-17j]]
with lind N_ions = 5 time alg1 = 65.00847625732422
alg1: [[ 4.99699944e-01+5.19539374e-17j  0.00000000e+00+0.00000000e+00j
   0.00000000e+00+0.00000000e+00j -1.44393648e-06+4.99999043e-01j]
 [ 0.00000000e+00+0.00000000e+00j -7.18282635e-06+9.50257795e-17j
   1.44393648e-06-3.28280269e-17j  0.00000000e+00+0.00000000e+00j]
 [ 0.00000000e+00+0.00000000e+00j  1.44393648e-06-9.01341411e-18j
  -7.18282635e-06-1.35739341e-16j  0.00000000e+00+0.00000000e+00j]
 [-1.44393648e-06-4.99999043e-01j  0.00000000e+00+0.00000000e+00j
   0.00000000e+00+0.00000000e+00j  5.00314422e-01-1.49898910e-17j]]
no lind N_ions = 5 time alg1 = 63.90724849700928
--------
N_ions 5 cut_off 10 (infid,tracedist) (0.020303356964164077, 0.04200582048213081)
(-3.1130227906572827e-06, 0.0003144263970890514)
init
alpha0,1: [(-9.268070627582106e-06+1.8495281501626702e-06j), (-2.9380522855394357e-07+5.069425443944498e-06j), (6.55885748761208e-07-4.536508834181737e-06j), (4.450703702775001e-08+3.078380145337643e-07j), (1.038028494337729e-06-3.7542927364805075e-06j), (1.8079260285584514e-06+3.2851475584525253e-06j)] [(9.268070627582406e-06-1.84952815016273e-06j), (-2.9380522855393907e-07+5.069425443944419e-06j), (-6.558857487612075e-07+4.536508834181734e-06j), (4.4507037027746084e-08+3.0783801453373714e-07j), (-1.0380284943377208e-06+3.754292736480478e-06j), (1.8079260285584715e-06+3.2851475584525617e-06j)]
alg1: [[ 0.48733179+6.14683543e-17j  0.        +0.00000000e+00j
   0.        +0.00000000e+00j  0.00309751+4.87066130e-01j]
 [ 0.        +0.00000000e+00j  0.01274378+2.66343689e-17j
  -0.00309751+6.23819711e-17j  0.        +0.00000000e+00j]
 [ 0.        +0.00000000e+00j -0.00309751-5.06789934e-17j
   0.01274378-1.74342059e-17j  0.        +0.00000000e+00j]
 [ 0.00309751-4.87066130e-01j  0.        +0.00000000e+00j
   0.        +0.00000000e+00j  0.48718064-7.03539012e-17j]]
with lind N_ions = 6 time alg1 = 83.46900177001953
alg1: [[ 5.00054893e-01-8.11554034e-17j  0.00000000e+00+0.00000000e+00j
   0.00000000e+00+0.00000000e+00j -2.01633211e-07+5.00009884e-01j]
 [ 0.00000000e+00+0.00000000e+00j -1.09654927e-05-7.78101115e-18j
   2.01633211e-07+1.98366792e-17j  0.00000000e+00+0.00000000e+00j]
 [ 0.00000000e+00+0.00000000e+00j  2.01633211e-07-2.79725254e-18j
  -1.09654927e-05+2.68176862e-17j  0.00000000e+00+0.00000000e+00j]
 [-2.01633211e-07-5.00009884e-01j  0.00000000e+00+0.00000000e+00j
   0.00000000e+00+0.00000000e+00j  4.99967038e-01+6.02959414e-17j]]
no lind N_ions = 6 time alg1 = 80.3891088962555
--------
N_ions 6 cut_off 10 (infid,tracedist) (0.012898078570745763, 0.02606405263025258)
(-1.0432159562645538e-05, 5.599145607866294e-05)
init
alpha0,1: [(3.96950817901485e-08-1.5029724872666585e-07j), (-1.2615950002706381e-09+1.4977959950663707e-07j), (-1.9606487266198424e-09-1.5894182737689486e-07j), (-1.0718137619169795e-09+8.688758756928507e-08j), (-1.0269236793458017e-09-5.7854929821537194e-08j), (-4.484306523292693e-09+3.7214563216407244e-07j), (3.083255297282999e-08+5.854755577275257e-08j)] [(-6.48192665244153e-08+2.4542479782767175e-07j), (-1.1289721163999505e-09+1.340342910460728e-07j), (-2.6412497278622666e-10-2.1411538569119345e-08j), (1.913430116507875e-09-1.5511400647481418e-07j), (3.800764628980438e-09+2.141278610090345e-07j), (2.4298665545859436e-09-2.0165085065744982e-07j), (3.0832552972830083e-08+5.854755577275275e-08j)]
alg1: [[ 0.4834319 -9.05763569e-18j  0.        +0.00000000e+00j
   0.        +0.00000000e+00j  0.00406825+4.83143351e-01j]
 [ 0.        +0.00000000e+00j  0.01654111+6.08646954e-18j
  -0.00406825-2.00938505e-03j  0.        +0.00000000e+00j]
 [ 0.        +0.00000000e+00j -0.00406825+2.00938505e-03j
   0.01654096-4.29937766e-18j  0.        +0.00000000e+00j]
 [ 0.00406825-4.83143351e-01j  0.        +0.00000000e+00j
   0.        +0.00000000e+00j  0.48348603+7.50775953e-18j]]
with lind N_ions = 7 time alg1 = 85.11214995384216
alg1: [[ 4.99684424e-01-9.76262473e-18j  0.00000000e+00+0.00000000e+00j
   0.00000000e+00+0.00000000e+00j  2.67673380e-08+5.00004333e-01j]
 [ 0.00000000e+00+0.00000000e+00j -4.29930109e-06+1.29697236e-18j
  -2.67673380e-08+2.07732706e-07j  0.00000000e+00+0.00000000e+00j]
 [ 0.00000000e+00+0.00000000e+00j -2.67673380e-08-2.07732706e-07j
  -4.14663427e-06-7.53240271e-19j  0.00000000e+00+0.00000000e+00j]
 [ 2.67673379e-08-5.00004333e-01j  0.00000000e+00+0.00000000e+00j
   0.00000000e+00+0.00000000e+00j  5.00324022e-01+9.36027280e-18j]]
no lind N_ions = 7 time alg1 = 82.91642093658447
--------
N_ions 7 cut_off 10 (infid,tracedist) (0.016836430223481802, 0.03389255860132446)
(-4.277940167662919e-06, 0.00032405117238703624)
init
alpha0,1: [(1.539106585152901e-07+1.7376644953158285e-07j), (-3.771200503551316e-08-2.7920733758432875e-07j), (-1.4388550352764204e-07-2.6364859890953802e-08j), (5.0492251078652466e-08+1.0886415222891344e-07j), (8.006722308636456e-08-1.7262949368167961e-07j), (-1.9542797438865136e-09+1.1047971509423983e-07j), (4.467460407120101e-09+2.494457308795175e-07j), (-2.852918552659094e-07+1.4836057759874558e-07j)] [(-1.539106585152956e-07-1.7376644953158907e-07j), (-3.771200503551282e-08-2.7920733758432626e-07j), (1.438855035276279e-07+2.636485989095121e-08j), (5.049225107865251e-08+1.0886415222891355e-07j), (-8.006722308636466e-08+1.7262949368167983e-07j), (-1.9542797438864916e-09+1.1047971509423859e-07j), (-4.4674604071200505e-09-2.494457308795147e-07j), (-2.852918552659076e-07+1.4836057759874466e-07j)]
alg1: [[ 0.48596556+2.83525515e-18j  0.        +0.00000000e+00j
   0.        +0.00000000e+00j  0.00534801+4.85626111e-01j]
 [ 0.        +0.00000000e+00j  0.01410665+3.15473636e-18j
  -0.00534801+8.12480267e-19j  0.        +0.00000000e+00j]
 [ 0.        +0.00000000e+00j -0.00534801+1.39154231e-18j
   0.01410665-1.08132909e-18j  0.        +0.00000000e+00j]
 [ 0.00534801-4.85626111e-01j  0.        +0.00000000e+00j
   0.        +0.00000000e+00j  0.48582115-4.93148626e-18j]]
with lind N_ions = 8 time alg1 = 107.10485315322876
alg1: [[ 5.00094718e-01-8.66116706e-19j  0.00000000e+00+0.00000000e+00j
   0.00000000e+00+0.00000000e+00j -1.65010850e-07+5.00003716e-01j]
 [ 0.00000000e+00+0.00000000e+00j -3.58429431e-06-4.90637065e-18j
   1.65010850e-07-3.48105932e-18j  0.00000000e+00+0.00000000e+00j]
 [ 0.00000000e+00+0.00000000e+00j  1.65010850e-07+2.38591444e-18j
  -3.58429431e-06+4.02903758e-18j  0.00000000e+00+0.00000000e+00j]
 [-1.65010850e-07-5.00003716e-01j  0.00000000e+00+0.00000000e+00j
   0.00000000e+00+0.00000000e+00j  4.99912450e-01+1.78163433e-18j]]
no lind N_ions = 8 time alg1 = 105.55576038360596
--------
N_ions 8 cut_off 10 (infid,tracedist) (0.014339527037733779, 0.029450336741139064)
(-3.650291039214437e-06, 9.479407068889522e-05)
init
alpha0,1: [(9.695133664107239e-08-2.5543151099512234e-06j), (-8.054878126929836e-07-1.0300709658076668e-06j), (-2.1205672043514523e-06-6.580159529262588e-07j), (2.688724044998178e-08+4.502477027870238e-08j), (1.2238326096530546e-07-2.0494026604076793e-07j), (2.6443629939351552e-06-3.1380819554363502e-06j), (5.428543120545749e-07-1.1019626951027153e-06j), (-8.963344152135564e-07-3.5174330058559808e-06j), (1.2798940176792412e-06+1.0768091476146406e-06j)] [(9.695133664106898e-08-2.554315109951133e-06j), (8.054878126930003e-07+1.030070965807688e-06j), (-2.1205672043514133e-06-6.580159529262468e-07j), (-2.6887240449984147e-08-4.5024770278706345e-08j), (1.2238326096530676e-07-2.0494026604077007e-07j), (-2.6443629939351404e-06+3.138081955436333e-06j), (5.428543120545756e-07-1.1019626951027168e-06j), (8.963344152135519e-07+3.5174330058559634e-06j), (1.2798940176792383e-06+1.0768091476146383e-06j)]
alg1: [[ 0.46341949+1.40896555e-17j  0.        +0.00000000e+00j
   0.        +0.00000000e+00j -0.01585484+4.61016097e-01j]
 [ 0.        +0.00000000e+00j  0.03687533-2.70526469e-17j
   0.01585484+4.95793841e-18j  0.        +0.00000000e+00j]
 [ 0.        +0.00000000e+00j  0.01585484+1.68898568e-17j
   0.03687533+4.54264793e-17j  0.        +0.00000000e+00j]
 [-0.01585484-4.61016097e-01j  0.        +0.00000000e+00j
   0.        +0.00000000e+00j  0.46282986-3.07643892e-17j]]
with lind N_ions = 9 time alg1 = 145.63732194900513
alg1: [[ 5.00292886e-01+7.43490826e-17j  0.00000000e+00+0.00000000e+00j
   0.00000000e+00+0.00000000e+00j  8.15608522e-07+5.00015885e-01j]
 [ 0.00000000e+00+0.00000000e+00j -1.86818463e-05-7.91132007e-17j
  -8.15608521e-07-9.12796743e-17j  0.00000000e+00+0.00000000e+00j]
 [ 0.00000000e+00+0.00000000e+00j -8.15608521e-07+4.75819133e-17j
  -1.86818463e-05+2.71144451e-17j  0.00000000e+00+0.00000000e+00j]
 [ 8.15608522e-07-5.00015885e-01j  0.00000000e+00+0.00000000e+00j
   0.00000000e+00+0.00000000e+00j  4.99744478e-01-2.42181892e-17j]]
no lind N_ions = 9 time alg1 = 141.555002450943
--------
N_ions 9 cut_off 10 (infid,tracedist) (0.038590202094412995, 0.07899371754962552)
(-1.728304407233594e-05, 0.00029334662844730157)
init
alpha0,1: [(2.314178754843466e-06-1.4830752615843906e-07j), (5.530837473241444e-08-2.797437084261177e-07j), (1.6168377312453428e-06-5.988911696082313e-07j), (-1.6976170515610869e-06-4.916868160247721e-07j), (-3.4278791444016323e-07-6.662229744314637e-07j), (-5.793698953933697e-07+1.126030168621116e-06j), (8.475415336097955e-07-6.390508361631097e-07j), (-2.797300076069658e-06+1.3146371863793897e-07j), (-7.774498882831988e-07-2.5444898624186844e-07j), (-1.3530737558343495e-06+2.1107951330251694e-06j)] [(-2.3141787548437003e-06+1.483075261584541e-07j), (5.530837473241233e-08-2.79743708426107e-07j), (-1.6168377312453385e-06+5.988911696082297e-07j), (-1.6976170515611246e-06-4.91686816024783e-07j), (3.427879144401603e-07+6.662229744314581e-07j), (-5.793698953933694e-07+1.1260301686211153e-06j), (-8.475415336097996e-07+6.390508361631127e-07j), (-2.7973000760693095e-06+1.3146371863792262e-07j), (7.774498882832036e-07+2.5444898624187e-07j), (-1.3530737558343412e-06+2.1107951330251562e-06j)]
alg1: [[ 0.47358347+2.53884411e-17j  0.        +0.00000000e+00j
   0.        +0.00000000e+00j -0.0059691 +4.73082696e-01j]
 [ 0.        +0.00000000e+00j  0.02610732-5.67173331e-17j
   0.0059691 -9.93477745e-18j  0.        +0.00000000e+00j]
 [ 0.        +0.00000000e+00j  0.0059691 +2.22855638e-17j
   0.02610732+7.07880547e-17j  0.        +0.00000000e+00j]
 [-0.0059691 -4.73082696e-01j  0.        +0.00000000e+00j
   0.        +0.00000000e+00j  0.47420189-4.36971282e-17j]]
with lind N_ions = 10 time alg1 = 179.39898872375488
alg1: [[ 5.00247830e-01+1.10423984e-16j  0.00000000e+00+0.00000000e+00j
   0.00000000e+00+0.00000000e+00j  1.33356359e-06+5.00015022e-01j]
 [ 0.00000000e+00+0.00000000e+00j -2.08720296e-05+4.01642456e-17j
  -1.33356359e-06-1.54495097e-16j  0.00000000e+00+0.00000000e+00j]
 [ 0.00000000e+00+0.00000000e+00j -1.33356359e-06+8.20744867e-17j
  -2.08720296e-05-1.16577993e-16j  0.00000000e+00+0.00000000e+00j]
 [ 1.33356359e-06-5.00015022e-01j  0.00000000e+00+0.00000000e+00j
   0.00000000e+00+0.00000000e+00j  4.99793914e-01-3.42876305e-17j]]
no lind N_ions = 10 time alg1 = 175.05495977401733
--------
N_ions 10 cut_off 10 (infid,tracedist) (0.0267890985989232, 0.05371956094580786)
(-1.7946760992870736e-05, 0.00024833074509712414)
init
k =  0
median 1.4560070037841797
end 3.0437119007110596
k =  1
median 1.396655559539795
end 0.014065742492675781
---------------N = 2 my bound 0.0170468801094519
k =  0
median 1.625347375869751
end 4.6422107219696045
k =  1
median 1.9550602436065674
end 4.642757892608643
k =  2
median 1.7453136444091797
end 4.682478189468384
---------------N = 3 my bound 0.0237996754839670
k =  0
median 2.110018730163574
end 5.9813268184661865
k =  1
median 2.258190393447876
end 5.995800018310547
k =  2
median 2.522353172302246
end 6.030345439910889
k =  3
median 2.8793256282806396
end 6.03352952003479
---------------N = 4 my bound 0.0881242961726146
k =  0
median 2.417433977127075
end 9.302313566207886
k =  1
median 2.2719249725341797
end 6.776520013809204
k =  2
median 2.753068447113037
end 6.45563268661499
k =  3
median 2.545886754989624
end 6.486202001571655
k =  4
median 2.9460673332214355
end 6.5382080078125
---------------N = 5 my bound 0.0835666006371316
k =  0
median 3.1143126487731934
end 8.116519451141357
k =  1
median 3.5208966732025146
end 8.132611274719238
k =  2
median 3.315368890762329
end 8.139950275421143
k =  3
median 3.0228371620178223
end 0.03775596618652344
k =  4
median 3.4500224590301514
end 8.165233850479126
k =  5
median 3.4584479331970215
end 8.150280237197876
---------------N = 6 my bound 0.0524658013502629
k =  0
median 2.8688580989837646
end 8.63088083267212
k =  1
median 2.7374215126037598
end 8.634480476379395
k =  2
median 2.590648651123047
end 8.15451955795288
k =  3
median 2.3067941665649414
end 0.035024404525756836
k =  4
median 3.9666907787323
end 8.143585920333862
k =  5
median 3.2659752368927
end 8.720975637435913
k =  6
median 3.314785957336426
end 8.116819858551025
---------------N = 7 my bound 0.0727754282597537
k =  0
median 3.8630897998809814
end 9.080511331558228
k =  1
median 3.565459966659546
end 9.7639741897583
k =  2
median 3.1123363971710205
end 9.100516557693481
k =  3
median 3.174825668334961
end 9.905793905258179
k =  4
median 3.1905853748321533
end 9.069007873535156
k =  5
median 3.9357998371124268
end 9.132415056228638
k =  6
median 3.6869990825653076
end 9.158427715301514
k =  7
median 4.528774976730347
end 12.787211418151855
---------------N = 8 my bound 0.0583471735285017
k =  0
median 4.0042266845703125
end 12.959224224090576
k =  1
median 4.023594379425049
end 12.061129331588745
k =  2
median 4.199648380279541
end 13.046454906463623
k =  3
median 4.584814548492432
end 13.19802713394165
k =  4
median 4.900662422180176
end 0.06029367446899414
k =  5
median 4.825976371765137
end 12.146050214767456
k =  6
median 4.66386342048645
end 13.235827207565308
k =  7
median 4.844991445541382
end 12.098158597946167
k =  8
median 4.931967735290527
end 13.268875122070312
---------------N = 9 my bound 0.162462267912515
k =  0
median 4.657914161682129
end 13.361440658569336
k =  1
median 4.536956548690796
end 14.659275531768799
k =  2
median 4.74529242515564
end 13.377314567565918
k =  3
median 4.758429050445557
end 14.749324083328247
k =  4
median 4.9149487018585205
end 13.371347188949585
k =  5
median 5.490941762924194
end 14.898991107940674
k =  6
median 5.600958824157715
end 13.48811411857605
k =  7
median 5.320126533508301
end 15.034132242202759
k =  8
median 5.230999231338501
end 13.51069688796997
k =  9
median 5.285406112670898
end 15.164611577987671
---------------N = 10 my bound 0.110752833590915
Traceback (most recent call last):
  File "simu_heating.py", line 209, in <module>
    bound_eq26()
  File "simu_heating.py", line 65, in bound_eq26
    delta_t = eval(config['amplitude']['delta_t'])/us
  File "/gpfs/share/home/1900011306/anaconda3/envs/alg1_alg2/lib/python3.8/configparser.py", line 1254, in __getitem__
    raise KeyError(key)
KeyError: 'delta_t'
done
