python script
init
alpha0,1: [(-1.138524117619864e-07-6.920919236993733e-08j), (7.526094908486125e-08+6.306270305115122e-08j), (-5.373782181718334e-08-3.5619093547999244e-08j), (9.302036250002077e-08+1.5350874280592185e-07j), (-9.83376413419583e-08+2.003579385282924e-07j), (1.1962311602361378e-07+2.4372600922978013e-07j), (8.343318638715259e-07+1.4967995163721504e-06j), (2.413926115492522e-07+2.9619409573255654e-07j), (-3.456116770816371e-07+3.5512864171713936e-07j), (-1.7571339612973515e-07+7.623179575172913e-09j), (-0.1890270479978497+0.43803435262687634j)] [(3.9581089502684355e-07+2.40607572137319e-07j), (-2.3713691119261572e-07-1.9870191373942213e-07j), (1.4481876390480664e-07+9.599036441371892e-08j), (-1.993043921172593e-07-3.2890612170654704e-07j), (1.5075512321429224e-07-3.0715588962277226e-07j), (-1.0879074620236491e-07-2.2165560716373693e-07j), (-2.627528979447154e-07-4.7138126637530803e-07j), (5.0286599393254865e-08+6.170277432750444e-08j), (-2.1550994360477348e-07+2.2144435105652532e-07j), (-1.5747066152685035e-07+6.83173370432233e-09j), (-0.1890270479978507+0.4380343526268787j)]
alg1: [[ 0.39224499+5.41263497e-17j  0.        +0.00000000e+00j
   0.        +0.00000000e+00j -0.10648322+3.05972019e-01j]
 [ 0.        +0.00000000e+00j  0.10821602-4.73681424e-17j
   0.10648322-2.92686317e-04j  0.        +0.00000000e+00j]
 [ 0.        +0.00000000e+00j  0.10648322+2.92686317e-04j
   0.10821691-3.23431408e-17j  0.        +0.00000000e+00j]
 [-0.10648322-3.05972019e-01j  0.        +0.00000000e+00j
   0.        +0.00000000e+00j  0.39132207+2.73538934e-17j]]
with lind N_ions = 11 time alg1 = 182.03106045722961
alg1: [[ 0.39581529+1.20643534e-17j  0.        +0.00000000e+00j
   0.        +0.00000000e+00j -0.10476608+3.17163646e-01j]
 [ 0.        +0.00000000e+00j  0.10476002-3.00187923e-17j
   0.10476608+2.66770783e-08j  0.        +0.00000000e+00j]
 [ 0.        +0.00000000e+00j  0.10476608-2.66770783e-08j
   0.10476005+1.11057692e-17j  0.        +0.00000000e+00j]
 [-0.10476608-3.17163646e-01j  0.        +0.00000000e+00j
   0.        +0.00000000e+00j  0.39466463+6.83119778e-18j]]
no lind N_ions = 11 time alg1 = 174.0799684524536
--------
N_ions 11 cut_off 10 (infid,tracedist) (0.0010124703123275403, 0.014779594705253538)
(0.15595994012299452, 0.315491961866638)
init
alpha0,1: [(-1.4231453910324851e-08-3.316952573080072e-08j), (3.7235303816379225e-08-1.6325578262714388e-07j), (3.481985609108111e-08-3.518442556706497e-08j), (-5.3898234622702345e-08+4.178250399421938e-08j), (1.893588235818642e-07+3.7776100899010706e-08j), (5.7212561485157794e-08+5.643287920481541e-08j), (6.703017169980828e-08-6.611669481971799e-08j), (-2.534033941330953e-07-2.4556965708397316e-08j), (-3.4696114253488674e-07+1.8580419416388778e-07j), (1.5948449390338384e-07-8.2256986445356e-09j), (0.03342512616513331+0.05258865217632687j), (-0.24537146701369836+0.11329547858798385j)] [(4.985340340408541e-08+1.1619429451126638e-07j), (-1.2010584462896905e-07+5.26596311921893e-07j), (-9.864955700368075e-08+9.968243368211377e-08j), (1.2667287039575313e-07-9.819820167246183e-08j), (-3.420605207990575e-07-6.823929565493414e-08j), (-7.06007119383483e-08-6.963857840247842e-08j), (-4.472287308646918e-08+4.4113396644149114e-08j), (3.527163939938167e-08+3.4181248525607163e-09j), (-1.1035765182110685e-07+5.9098590743134596e-08j), (1.0797490017527651e-07-5.568999018510815e-09j), (0.03045751570322289+0.04791963062633407j), (-0.24537146701369864+0.11329547858798397j)]
alg1: [[ 0.43652475-4.44409796e-17j  0.        +0.00000000e+00j
   0.        +0.00000000e+00j -0.0616641 +4.20083598e-01j]
 [ 0.        +0.00000000e+00j  0.06306791+3.01147476e-17j
   0.0616641 -4.47976499e-04j  0.        +0.00000000e+00j]
 [ 0.        +0.00000000e+00j  0.0616641 +4.47976499e-04j
   0.06306705+1.35396098e-17j  0.        +0.00000000e+00j]
 [-0.0616641 -4.20083598e-01j  0.        +0.00000000e+00j
   0.        +0.00000000e+00j  0.4373403 -1.07073198e-19j]]
with lind N_ions = 12 time alg1 = 190.57108807563782
alg1: [[ 0.44268671+1.85719530e-17j  0.        +0.00000000e+00j
   0.        +0.00000000e+00j -0.05724593+4.29011518e-01j]
 [ 0.        +0.00000000e+00j  0.05725239-1.67800590e-17j
   0.05724593-2.82450386e-04j  0.        +0.00000000e+00j]
 [ 0.        +0.00000000e+00j  0.05724593+2.82450386e-04j
   0.05725231-2.18420676e-17j  0.        +0.00000000e+00j]
 [-0.05724593-4.29011518e-01j  0.        +0.00000000e+00j
   0.        +0.00000000e+00j  0.44280859+2.20042274e-17j]]
no lind N_ions = 12 time alg1 = 190.5715970993042
--------
N_ions 12 cut_off 10 (infid,tracedist) (0.0008356683764713102, 0.015782490636086513)
(0.0663195485601149, 0.14844700301160293)
init
alpha0,1: [(1.5370405365129194e-08-2.8597179856753466e-08j), (-2.04798909996482e-08-4.246441786132074e-08j), (-7.289246304890111e-09-2.845043180034805e-08j), (3.903037761724092e-10-1.6406752434265844e-08j), (-3.153568652541318e-08-3.814662663819781e-08j), (4.3118802063130415e-09+4.238092133584011e-09j), (5.105502989315833e-09-5.018133908056111e-09j), (-1.1447743522120029e-07+8.141930345482302e-08j), (5.8262422294419757e-08-1.5507862466255573e-07j), (-6.425016590134639e-08+4.640088709586627e-08j), (-0.09594691202506198-0.0668276898388187j), (0.5939168715732508+0.5284125617513983j), (-0.4241411062339738+0.5514142503147312j)] [(-5.416266865891483e-08+1.0077155028550624e-07j), (6.727513029254491e-08+1.3949289302694518e-07j), (2.1459273864109897e-08+8.375702809579488e-08j), (-9.834050417770493e-10+4.133827046530498e-08j), (6.414122665854329e-08+7.758738416833669e-08j), (-6.520229910122816e-09-6.4086509293075e-09j), (-5.006991161452983e-09+4.92130788625617e-09j), (5.343538786485455e-08-3.8004625552521555e-08j), (2.2008605452986747e-10-5.858088507104355e-10j), (-2.610542768132704e-08+1.885310310778784e-08j), (-0.06905111516925475-0.0480945807442991j), (0.5482734180178053+0.48780321829812134j), (-0.4241411062339762+0.5514142503147345j)]
alg1: [[ 0.37321252+2.56535814e-17j  0.        +0.00000000e+00j
   0.        +0.00000000e+00j -0.12316159+5.24280377e-02j]
 [ 0.        +0.00000000e+00j  0.12680653-4.73783754e-18j
   0.12316159-5.54200400e-03j  0.        +0.00000000e+00j]
 [ 0.        +0.00000000e+00j  0.12316159+5.54200400e-03j
   0.12681119-2.18407374e-17j  0.        +0.00000000e+00j]
 [-0.12316159-5.24280377e-02j  0.        +0.00000000e+00j
   0.        +0.00000000e+00j  0.37316976+3.85352617e-18j]]
with lind N_ions = 13 time alg1 = 205.20705342292786
alg1: [[ 0.37382372+1.85241363e-17j  0.        +0.00000000e+00j
   0.        +0.00000000e+00j -0.12378472+5.80105931e-02j]
 [ 0.        +0.00000000e+00j  0.12617117-2.45817103e-17j
   0.12378472-5.78115836e-03j  0.        +0.00000000e+00j]
 [ 0.        +0.00000000e+00j  0.12378472+5.78115836e-03j
   0.12617013+9.32138045e-18j  0.        +0.00000000e+00j]
 [-0.12378472-5.80105931e-02j  0.        +0.00000000e+00j
   0.        +0.00000000e+00j  0.37383497-3.42888231e-18j]]
no lind N_ions = 13 time alg1 = 197.9641842842102
--------
N_ions 13 cut_off 10 (infid,tracedist) (9.221578837659283e-05, 0.006284739589506826)
(0.34285469136708724, 0.5851666129836659)
init
alpha0,1: [(1.259658061133325e-08+5.053021758880072e-09j), (8.052137200894304e-09+2.8265406129412248e-09j), (-3.5069080777470636e-09-1.596923349398362e-08j), (1.2388633840681788e-08+9.902349922936644e-09j), (1.6537038297656073e-08+1.4951306076270507e-08j), (7.483454742080697e-09-5.4546121096485324e-08j), (1.3171235853832234e-08+7.523220975758041e-09j), (1.5161626689878825e-08-8.660103783065692e-09j), (5.885987011653348e-08-1.247708878568094e-07j), (4.351953899867631e-08+4.3249241391503406e-08j), (6.0398500348967004e-05+0.0008943855492757911j), (0.0013312542017491695-0.0019223809511951051j), (0.09017583180163076-0.22259169846824092j), (-0.38866365926385255-0.056428562984849044j)] [(-4.459847514598882e-08-1.7890336455497924e-08j), (-2.6835237231443565e-08-9.419969630443374e-09j), (1.0640426975742801e-08+4.845278492742239e-08j), (-3.2940625137436045e-08-2.6329747168734095e-08j), (-3.6784231226785857e-08-3.325700103929339e-08j), (-1.3094211166130508e-08+9.544233947382949e-08j), (-1.654742966230214e-08-9.45165444699643e-09j), (-1.160911676354786e-08+6.630961047811928e-09j), (-1.76356493942507e-08+3.738397024144937e-08j), (5.2869806956037204e-09+5.2541435317901405e-09j), (2.888850586255543e-05+0.0004277831739920087j), (0.0010041296996977879-0.0014500009124418097j), (0.08411448050415926-0.207629746320299j), (-0.3886636592638518-0.05642856298484893j)]
alg1: [[ 0.39503772-9.90762155e-18j  0.        +0.00000000e+00j
   0.        +0.00000000e+00j -0.10357052+3.19085324e-01j]
 [ 0.        +0.00000000e+00j  0.10477316+2.14971641e-18j
   0.10357052-2.71805229e-03j  0.        +0.00000000e+00j]
 [ 0.        +0.00000000e+00j  0.10357052+2.71805229e-03j
   0.10477007-3.01025296e-18j  0.        +0.00000000e+00j]
 [-0.10357052-3.19085324e-01j  0.        +0.00000000e+00j
   0.        +0.00000000e+00j  0.39541905+1.19929843e-17j]]
with lind N_ions = 14 time alg1 = 224.68729710578918
alg1: [[ 0.39850666+1.41728091e-17j  0.        +0.00000000e+00j
   0.        +0.00000000e+00j -0.10127678+3.29774055e-01j]
 [ 0.        +0.00000000e+00j  0.10140071+1.42495274e-17j
   0.10127678-2.46918977e-03j  0.        +0.00000000e+00j]
 [ 0.        +0.00000000e+00j  0.10127678+2.46918977e-03j
   0.10139941-3.29226022e-17j  0.        +0.00000000e+00j]
 [-0.10127678-3.29774055e-01j  0.        +0.00000000e+00j
   0.        +0.00000000e+00j  0.39869322+2.37863033e-18j]]
no lind N_ions = 14 time alg1 = 218.4390869140625
--------
N_ions 14 cut_off 10 (infid,tracedist) (0.00044885937031802214, 0.014304062387539528)
(0.14655169609478702, 0.29947546930180263)
init
alpha0,1: [(8.835882665213533e-09+5.8258860533804345e-09j), (1.590349570760012e-09-6.156384014842932e-10j), (-2.5107201639459142e-09+7.100946931658728e-09j), (-1.627008010859296e-08+5.577508783782197e-09j), (-2.527586074986523e-08+1.1171662967643956e-08j), (1.54043029325977e-08-2.6901208553247577e-08j), (-1.2718685889595456e-08+4.1282107801555334e-09j), (-1.475386865759968e-08-4.788787156944177e-09j), (9.19709843603182e-09+7.127764615340857e-08j), (-5.038584389170314e-08-8.497499167487222e-08j), (3.2025809331496046e-05+2.146007007476902e-05j), (-0.001062179389419751-0.0063693320742605995j), (-0.05010103379881113+0.3061263038160527j), (0.29214429089832944+0.8115367585495109j), (-0.4979153589673962+0.4432419827190885j)] [(-3.140312349019615e-08-2.0705460462301864e-08j), (-5.362231843053605e-09+2.075767429338248e-09j), (7.804039252503257e-09-2.207178218440478e-08j), (4.5146203722609725e-08-1.54764663810283e-08j), (6.027248513341841e-08-2.663980059062762e-08j), (-3.008637445927625e-08+5.254115278578239e-08j), (1.904114108548573e-08-6.180343203527675e-09j), (1.5259845954085765e-08+4.953016460820337e-09j), (-5.3565665871030685e-09-4.1513468671477745e-08j), (8.014915552796146e-09+1.3517038314124683e-08j), (7.02854900407006e-06+4.709737467991274e-06j), (-0.0005712329634886561-0.0034253841417604684j), (-0.039215457587710965+0.23961348047205377j), (0.2748141327989455+0.7633959570097022j), (-0.4979153589673968+0.443241982719089j)]
alg1: [[ 0.37252305-2.66607568e-19j  0.        +0.00000000e+00j
   0.        +0.00000000e+00j -0.12249867+3.89111209e-02j]
 [ 0.        +0.00000000e+00j  0.12748819-1.80915729e-17j
   0.12249867-5.04722731e-03j  0.        +0.00000000e+00j]
 [ 0.        +0.00000000e+00j  0.12249867+5.04722731e-03j
   0.12749162+3.00236042e-17j  0.        +0.00000000e+00j]
 [-0.12249867-3.89111209e-02j  0.        +0.00000000e+00j
   0.        +0.00000000e+00j  0.37249715-5.56198977e-18j]]
with lind N_ions = 15 time alg1 = 236.56840348243713
alg1: [[ 0.37323249-7.66159397e-18j  0.        +0.00000000e+00j
   0.        +0.00000000e+00j -0.12321331+4.36427395e-02j]
 [ 0.        +0.00000000e+00j  0.12676507-1.40177690e-17j
   0.12321331-5.33767566e-03j  0.        +0.00000000e+00j]
 [ 0.        +0.00000000e+00j  0.12321331+5.33767566e-03j
   0.12676441+9.28553994e-18j  0.        +0.00000000e+00j]
 [-0.12321331-4.36427395e-02j  0.        +0.00000000e+00j
   0.        +0.00000000e+00j  0.37323803+1.17612575e-17j]]
no lind N_ions = 15 time alg1 = 229.44947624206543
--------
N_ions 15 cut_off 10 (infid,tracedist) (7.925182830992306e-05, 0.005556714256008846)
(0.35433908908717326, 0.5994628153034977)
init
alpha0,1: [(3.52785861374649e-08+2.9167329300925635e-08j), (-3.582599086250832e-09+3.373949506995791e-10j), (3.2604989983149083e-08-1.2484951280100412e-08j), (-2.1688139911225432e-08-2.4230602144663526e-09j), (-1.8648725318395068e-08-1.7425789083559164e-08j), (-1.2953703178882479e-08-2.706875498809499e-09j), (-6.94584828681856e-08+3.848387471141887e-08j), (1.9378284875198935e-09-1.535221086950956e-08j), (2.1990718034198356e-09+1.7421879315285588e-08j), (-6.01281381561674e-08-4.698517431626224e-08j), (0.00021211587473864659-0.00036075632180027756j), (0.000413048212422914-0.00011493168319658301j), (0.0004156688042009863+9.737889228126435e-05j), (0.016399579312305807+0.004321060768062554j), (0.22139908124158328-0.11967221755086895j), (0.2707264945394577+0.17523493818346614j)] [(-1.2577561854840996e-07-1.0398769582019034e-07j), (1.2195110610018022e-08-1.1484870743236902e-09j), (-1.0335822575907762e-07+3.957745160070958e-08j), (6.22866084771087e-08+6.958835728314755e-09j), (4.700193861628326e-08+4.3919670372207234e-08j), (2.756038754036838e-08+5.759166837506134e-09j), (1.1858024293773911e-07-6.57000703733449e-08j), (-2.4678376553658157e-09+1.9551144139376843e-08j), (-1.8502319726059434e-09-1.4658238117507017e-08j), (2.5578593327401633e-08+1.998755828978677e-08j), (-8.472524905833484e-06+1.4409656632987718e-05j), (0.00012467727976541115-3.46917604019028e-05j), (0.00024421768075164556+5.721297096809718e-05j), (0.013225011367694006+0.0034846063237270347j), (0.20971718155931404-0.1133578334425695j), (0.2707264945394584+0.1752349381834666j)]
alg1: [[ 0.40448409+1.24912207e-17j  0.        +0.00000000e+00j
   0.        +0.00000000e+00j -0.09412053+3.50322490e-01j]
 [ 0.        +0.00000000e+00j  0.09534551-1.20019119e-17j
   0.09412053-2.64142057e-03j  0.        +0.00000000e+00j]
 [ 0.        +0.00000000e+00j  0.09412053+2.64142057e-03j
   0.09534306-1.77312788e-17j  0.        +0.00000000e+00j]
 [-0.09412053-3.50322490e-01j  0.        +0.00000000e+00j
   0.        +0.00000000e+00j  0.40482734+1.82797821e-17j]]
with lind N_ions = 16 time alg1 = 257.1270706653595
alg1: [[ 0.40842879-6.79107504e-17j  0.        +0.00000000e+00j
   0.        +0.00000000e+00j -0.0913713 +3.59967351e-01j]
 [ 0.        +0.00000000e+00j  0.09145432+2.23028548e-17j
   0.0913713 -2.37822493e-03j  0.        +0.00000000e+00j]
 [ 0.        +0.00000000e+00j  0.0913713 +2.37822493e-03j
   0.09145273+5.86224382e-17j  0.        +0.00000000e+00j]
 [-0.0913713 -3.59967351e-01j  0.        +0.00000000e+00j
   0.        +0.00000000e+00j  0.40866416-1.35233298e-17j]]
no lind N_ions = 16 time alg1 = 249.33881306648254
--------
N_ions 16 cut_off 10 (infid,tracedist) (0.0005146731634851909, 0.0139199451213283)
(0.12335079030539009, 0.25865959493931295)
init
alpha0,1: [(9.179183713735896e-09+1.7885378424134823e-08j), (-1.9008100030278836e-08-7.51256906445312e-09j), (-1.9966769983252972e-09+2.8472261815992534e-08j), (1.1360073848856175e-08+2.702050090840431e-08j), (-4.064720910913081e-09+4.895228159940956e-09j), (-1.6213946253299646e-08-4.90796757303702e-09j), (-4.716155306964016e-09-2.3999023968781665e-09j), (-1.5516697612595825e-08+1.491516363169354e-08j), (-1.7713468006501826e-08-1.7026772087591427e-08j), (-1.0427183153425242e-08+4.5273306006788264e-08j), (-1.3423987591671042e-05-9.683704551544727e-05j), (-1.3293456988360607e-05+2.478425615722551e-05j), (-2.8513053646578783e-05+1.8686778771396356e-05j), (-0.05685378203832902+0.021023678071044567j), (-0.486264388869728+0.32353362314783907j), (-0.020194091961505487+1.0327397350836103j), (-0.5915264580034345+0.3897872902536309j)] [(-3.281087508227817e-08-6.393105700623582e-08j), (6.52162580456638e-08+2.5775413740079034e-08j), (6.432982403588202e-09-9.1733194405636e-08j), (-3.355864568391965e-08-7.982090858313132e-08j), (1.0715263102141033e-08-1.2904614813269947e-08j), (3.6935671406719286e-08+1.118044149897422e-08j), (8.916441471226642e-09+4.537295289411463e-09j), (2.3055279955885475e-08-2.2161498645007667e-08j), (1.9057914252476166e-08+1.8319098344980464e-08j), (7.020580659066652e-09-3.0482335626650465e-08j), (3.89472798661169e-06+2.8095522938639255e-05j), (-8.215473330637307e-07+1.531688827500995e-06j), (-1.0599743064743777e-05+6.946820082466906e-06j), (-0.03579146024541896+0.013235146562193309j), (-0.4018366167018577+0.26736001955070376j), (-0.019239766419744023+0.9839348713115241j), (-0.5915264580034311+0.3897872902536287j)]
alg1: [[ 0.3707472 +1.02088927e-17j  0.        +0.00000000e+00j
   0.        +0.00000000e+00j -0.12075625+1.16581702e-02j]
 [ 0.        +0.00000000e+00j  0.12924724+2.77386541e-17j
   0.12075625-2.53380710e-03j  0.        +0.00000000e+00j]
 [ 0.        +0.00000000e+00j  0.12075625+2.53380710e-03j
   0.12924414-6.09079712e-18j  0.        +0.00000000e+00j]
 [-0.12075625-1.16581702e-02j  0.        +0.00000000e+00j
   0.        +0.00000000e+00j  0.37076141-3.34907771e-17j]]
with lind N_ions = 17 time alg1 = 265.63930916786194
alg1: [[ 0.37175704+1.70845805e-18j  0.        +0.00000000e+00j
   0.        +0.00000000e+00j -0.12176221+1.37243316e-02j]
 [ 0.        +0.00000000e+00j  0.12824434-1.36226868e-17j
   0.12176221-2.82338458e-03j  0.        +0.00000000e+00j]
 [ 0.        +0.00000000e+00j  0.12176221+2.82338458e-03j
   0.12824516-1.24482403e-19j  0.        +0.00000000e+00j]
 [-0.12176221-1.37243316e-02j  0.        +0.00000000e+00j
   0.        +0.00000000e+00j  0.37175346+1.30734370e-17j]]
no lind N_ions = 17 time alg1 = 257.2595946788788
--------
N_ions 17 cut_off 10 (infid,tracedist) (7.221518686184591e-05, 0.0033448587512666856)
(0.3791299694303579, 0.6295331522838151)
init
Traceback (most recent call last):
  File "simu_heating.py", line 205, in <module>
    num_heating_error()
  File "simu_heating.py", line 139, in num_heating_error
    para.delta_t = eval(config['amplitude']['delta_t'])
  File "/gpfs/share/home/1900011306/anaconda3/envs/alg1_alg2/lib/python3.8/configparser.py", line 1254, in __getitem__
    raise KeyError(key)
KeyError: 'delta_t'
done
