python script
init
alpha0,1: [(1.1528180364339574e-06-8.82649684612382e-07j), (1.1528180364339574e-06+8.82649684612382e-07j)] [(-1.1528180364339574e-06+8.82649684612382e-07j), (1.1528180364339574e-06+8.82649684612382e-07j)]
alg1: [[ 4.95257219e-01+1.87037082e-17j  0.00000000e+00+0.00000000e+00j
   0.00000000e+00+0.00000000e+00j  2.10975804e-06+4.95296663e-01j]
 [ 0.00000000e+00+0.00000000e+00j  4.67927483e-03+2.09201800e-17j
  -2.10975804e-06+1.85294640e-17j  0.00000000e+00+0.00000000e+00j]
 [ 0.00000000e+00+0.00000000e+00j -2.10975804e-06+1.21900266e-17j
   4.67927483e-03+9.71342225e-18j  0.00000000e+00+0.00000000e+00j]
 [ 2.10975804e-06-4.95296663e-01j  0.00000000e+00+0.00000000e+00j
   0.00000000e+00+0.00000000e+00j  4.95384232e-01-4.60719544e-17j]]
with lind N_ions = 2 time alg1 = 23.59715700149536
alg1: [[ 4.99855376e-01+1.38395401e-17j  0.00000000e+00+0.00000000e+00j
   0.00000000e+00+0.00000000e+00j  6.55826096e-07+5.00000796e-01j]
 [ 0.00000000e+00+0.00000000e+00j -2.52207517e-06-2.18087081e-17j
  -6.55826096e-07-2.18087081e-17j  0.00000000e+00+0.00000000e+00j]
 [ 0.00000000e+00+0.00000000e+00j -6.55826096e-07-2.18087081e-17j
  -2.52207517e-06-2.18087081e-17j  0.00000000e+00+0.00000000e+00j]
 [ 6.55826096e-07-5.00000796e-01j  0.00000000e+00+0.00000000e+00j
   0.00000000e+00+0.00000000e+00j  5.00149669e-01+2.71508922e-17j]]
no lind N_ions = 2 time alg1 = 20.770225763320923
--------
N_ions 2 cut_off 10 (infid,tracedist) (0.004694297185596108, 0.009386672801220521)
(-1.6663005406591935e-06, 0.00014967211341634573)
init
alpha0,1: [(4.0582421137522246e-07+1.8261335380666986e-06j), (2.9438820596347645e-06+2.1138277550930758e-06j), (-1.8094582999228284e-06+5.910819518829332e-07j)] [(4.058242113752203e-07+1.826133538066689e-06j), (-2.943882059634769e-06-2.113827755093079e-06j), (-1.8094582999228284e-06+5.910819518829332e-07j)]
alg1: [[ 0.39518197-2.02974601e-17j  0.        +0.00000000e+00j
   0.        +0.00000000e+00j  0.10037982-2.07789739e-02j]
 [ 0.        +0.00000000e+00j  0.12144251-3.12562722e-17j
  -0.10037982+1.88376319e-17j  0.        +0.00000000e+00j]
 [ 0.        +0.00000000e+00j -0.10037982-1.21760605e-17j
   0.12144251+3.51731931e-17j  0.        +0.00000000e+00j]
 [ 0.10037982+2.07789739e-02j  0.        +0.00000000e+00j
   0.        +0.00000000e+00j  0.361933  +1.62654323e-17j]]
with lind N_ions = 3 time alg1 = 50.42042875289917
alg1: [[ 0.4156763 -5.24640190e-17j  0.        +0.00000000e+00j
   0.        +0.00000000e+00j  0.10636613-2.76605095e-02j]
 [ 0.        +0.00000000e+00j  0.10635181+2.51203225e-17j
  -0.10636613-2.39990342e-17j  0.        +0.00000000e+00j]
 [ 0.        +0.00000000e+00j -0.10636613+9.72090467e-18j
   0.10635181-3.93984521e-17j  0.        +0.00000000e+00j]
 [ 0.10636613+2.76605095e-02j  0.        +0.00000000e+00j
   0.        +0.00000000e+00j  0.37162009+7.39117516e-17j]]
no lind N_ions = 3 time alg1 = 49.70121669769287
--------
N_ions 3 cut_off 10 (infid,tracedist) (0.010759502142826838, 0.03018141605987759)
(0.39503082592257965, 0.64509111569527)
init
alpha0,1: [(-8.645003535523334e-07-1.6697990700367565e-06j), (2.6397097843671526e-07-4.1320778497345784e-07j), (1.7873808666896156e-06+1.4682721333045859e-06j), (1.3918005754749636e-06+2.1228209951500738e-06j)] [(8.645003535523302e-07+1.6697990700367503e-06j), (2.639709784367149e-07-4.1320778497345726e-07j), (-1.7873808666896164e-06-1.4682721333045865e-06j), (1.3918005754749657e-06+2.1228209951500767e-06j)]
alg1: [[ 4.87633798e-01+2.42579624e-17j  0.00000000e+00+0.00000000e+00j
   0.00000000e+00+0.00000000e+00j  3.13750314e-04+4.87347358e-01j]
 [ 0.00000000e+00+0.00000000e+00j  1.24926715e-02+1.55592048e-17j
  -3.13750314e-04+3.41904805e-18j  0.00000000e+00+0.00000000e+00j]
 [ 0.00000000e+00+0.00000000e+00j -3.13750314e-04-3.48784422e-19j
   1.24926715e-02-1.12710273e-17j  0.00000000e+00+0.00000000e+00j]
 [ 3.13750314e-04-4.87347358e-01j  0.00000000e+00+0.00000000e+00j
   0.00000000e+00+0.00000000e+00j  4.87380859e-01-2.85671215e-17j]]
with lind N_ions = 4 time alg1 = 60.82868218421936
alg1: [[ 4.99991959e-01+1.26764372e-17j  0.00000000e+00+0.00000000e+00j
   0.00000000e+00+0.00000000e+00j  2.79177027e-08+5.00004541e-01j]
 [ 0.00000000e+00+0.00000000e+00j -3.89830877e-06+2.54086057e-17j
  -2.79177029e-08-6.62186486e-19j  0.00000000e+00+0.00000000e+00j]
 [ 0.00000000e+00+0.00000000e+00j -2.79177028e-08+2.15887552e-18j
  -3.89830877e-06-2.20809889e-17j  0.00000000e+00+0.00000000e+00j]
 [ 2.79177028e-08-5.00004541e-01j  0.00000000e+00+0.00000000e+00j
   0.00000000e+00+0.00000000e+00j  5.00015838e-01-1.36185297e-17j]]
no lind N_ions = 4 time alg1 = 60.07378101348877
--------
N_ions 4 cut_off 10 (infid,tracedist) (0.012648537357444867, 0.025158397135258404)
(-4.219802297589226e-06, 1.6672350369090256e-05)
init
alpha0,1: [(4.1134044895013655e-08+5.216561565188403e-08j), (3.302559990740515e-07+1.8428426409140204e-07j), (-8.768602418030535e-08+1.0885049931180283e-07j), (3.4969262828258814e-07+5.442574916716062e-07j), (2.847751439809969e-07+3.603316835161031e-07j)] [(4.113404489501341e-08+5.2165615651883715e-08j), (-3.3025599907405375e-07-1.8428426409140326e-07j), (-8.768602418030526e-08+1.0885049931180271e-07j), (-3.496926282825846e-07-5.442574916716007e-07j), (2.8477514398100174e-07+3.603316835161092e-07j)]
alg1: [[ 0.46848247+5.05765952e-17j  0.        +0.00000000e+00j
   0.        +0.00000000e+00j -0.0170398 +4.66798804e-01j]
 [ 0.        +0.00000000e+00j  0.0314261 -1.58408834e-17j
   0.0170398 -2.39756338e-17j  0.        +0.00000000e+00j]
 [ 0.        +0.00000000e+00j  0.0170398 +7.14137890e-18j
   0.0314261 -1.41572427e-18j  0.        +0.00000000e+00j]
 [-0.0170398 -4.66798804e-01j  0.        +0.00000000e+00j
   0.        +0.00000000e+00j  0.46866532-3.34912547e-17j]]
with lind N_ions = 5 time alg1 = 76.28179454803467
alg1: [[ 5.00034881e-01-5.21962073e-17j  0.00000000e+00+0.00000000e+00j
   0.00000000e+00+0.00000000e+00j  4.16677879e-06+5.00005985e-01j]
 [ 0.00000000e+00+0.00000000e+00j -8.68209084e-06-6.16122773e-17j
  -4.16677879e-06-2.88154882e-17j  0.00000000e+00+0.00000000e+00j]
 [ 0.00000000e+00+0.00000000e+00j -4.16677879e-06+1.15948267e-17j
  -8.68209084e-06+4.21190569e-17j  0.00000000e+00+0.00000000e+00j]
 [ 4.16677879e-06-5.00005985e-01j  0.00000000e+00+0.00000000e+00j
   0.00000000e+00+0.00000000e+00j  4.99982483e-01+7.46532744e-17j]]
no lind N_ions = 5 time alg1 = 75.20151829719543
--------
N_ions 5 cut_off 10 (infid,tracedist) (0.03278346326869985, 0.06876074824480458)
(-7.341174460329114e-06, 3.587753834492459e-05)
init
alpha0,1: [(-1.373645077467647e-07-1.1926239410263012e-06j), (1.0961984733935686e-06-3.2846134197319863e-06j), (6.597733118396292e-07-2.6858849555018972e-06j), (1.4595120081394194e-06+1.77600232037946e-06j), (3.375381810331334e-06-2.558988217027872e-06j), (1.3006301725676358e-06+1.1613718998465049e-06j)] [(1.37364507746766e-07+1.1926239410263124e-06j), (1.0961984733935618e-06-3.284613419731966e-06j), (-6.597733118396372e-07+2.6858849555019294e-06j), (1.4595120081394298e-06+1.7760023203794726e-06j), (-3.3753818103312714e-06+2.558988217027824e-06j), (1.3006301725676582e-06+1.161371899846525e-06j)]
alg1: [[ 0.48322836-2.17024547e-17j  0.        +0.00000000e+00j
   0.        +0.00000000e+00j -0.00088056+4.83044032e-01j]
 [ 0.        +0.00000000e+00j  0.01666714-1.13862268e-17j
   0.00088056+1.53320248e-17j  0.        +0.00000000e+00j]
 [ 0.        +0.00000000e+00j  0.00088056-2.28027099e-17j
   0.01666714+2.73511740e-18j  0.        +0.00000000e+00j]
 [-0.00088056-4.83044032e-01j  0.        +0.00000000e+00j
   0.        +0.00000000e+00j  0.48343736+3.02142099e-17j]]
with lind N_ions = 6 time alg1 = 96.01492214202881
alg1: [[ 4.99559037e-01+1.51666965e-17j  0.00000000e+00+0.00000000e+00j
   0.00000000e+00+0.00000000e+00j  3.74040583e-07+5.00006379e-01j]
 [ 0.00000000e+00+0.00000000e+00j -5.64528853e-06-6.20928376e-18j
  -3.74040583e-07+1.70020642e-17j  0.00000000e+00+0.00000000e+00j]
 [ 0.00000000e+00+0.00000000e+00j -3.74040583e-07-3.65419525e-17j
  -5.64528853e-06-1.09846715e-17j  0.00000000e+00+0.00000000e+00j]
 [ 3.74040583e-07-5.00006379e-01j  0.00000000e+00+0.00000000e+00j
   0.00000000e+00+0.00000000e+00j  5.00452254e-01+4.49960223e-18j]]
no lind N_ions = 6 time alg1 = 93.20881271362305
--------
N_ions 6 cut_off 10 (infid,tracedist) (0.016949337885346027, 0.03366143708137015)
(-6.01943393019333e-06, 0.0004522992357511022)
init
alpha0,1: [(1.611257149195351e-07-9.485566080450703e-08j), (-1.6761162993024285e-07-8.868741288610841e-09j), (-2.290197768596217e-08-2.3523250520010688e-07j), (-6.728131742964672e-08+6.85073639995558e-08j), (-3.3568788891796335e-08+8.77720736519739e-08j), (1.1222456899427387e-07-1.2216170486552494e-07j), (9.010564823976114e-08+1.5092526875634087e-07j)] [(1.611257149195343e-07-9.485566080450656e-08j), (1.6761162993024029e-07+8.868741288610706e-09j), (-2.290197768596242e-08-2.3523250520010947e-07j), (6.728131742964591e-08-6.850736399955498e-08j), (-3.356878889179649e-08+8.777207365197431e-08j), (-1.1222456899427366e-07+1.221617048655247e-07j), (9.010564823976171e-08+1.5092526875634185e-07j)]
alg1: [[ 0.47217153-1.61957960e-18j  0.        +0.00000000e+00j
   0.        +0.00000000e+00j -0.00100591+4.71114020e-01j]
 [ 0.        +0.00000000e+00j  0.02804842+1.16950915e-17j
   0.00100591+1.03586956e-17j  0.        +0.00000000e+00j]
 [ 0.        +0.00000000e+00j  0.00100591-2.23242632e-18j
   0.02804842-4.71621272e-19j  0.        +0.00000000e+00j]
 [-0.00100591-4.71114020e-01j  0.        +0.00000000e+00j
   0.        +0.00000000e+00j  0.47173162-8.11545625e-18j]]
with lind N_ions = 7 time alg1 = 117.6735270023346
alg1: [[ 5.00284616e-01-4.17799859e-17j  0.00000000e+00+0.00000000e+00j
   0.00000000e+00+0.00000000e+00j -2.14077568e-07+5.00010757e-01j]
 [ 0.00000000e+00+0.00000000e+00j -9.20420311e-06-1.78928281e-17j
   2.14077568e-07+3.18917636e-17j  0.00000000e+00+0.00000000e+00j]
 [ 0.00000000e+00+0.00000000e+00j  2.14077568e-07-3.39331054e-17j
  -9.20420311e-06+1.23223694e-17j  0.00000000e+00+0.00000000e+00j]
 [-2.14077569e-07-5.00010757e-01j  0.00000000e+00+0.00000000e+00j
   0.00000000e+00+0.00000000e+00j  4.99733792e-01+4.62500037e-17j]]
no lind N_ions = 7 time alg1 = 117.28139019012451
--------
N_ions 7 cut_off 10 (infid,tracedist) (0.028874599235560017, 0.05697191228260349)
(-9.9806089706167e-06, 0.0002848260643175769)
init
/gpfs/share/home/1900011306/alg1_alg2/examples/all_optimizedj1-1/../../trap_config.py:226: IntegrationWarning: The occurrence of roundoff error is detected, which prevents 
  the requested tolerance from being achieved.  The error may be 
  underestimated.
  real0 = integrate.quad(lambda t:(amp0(t)*np.exp(1j*omega[k_mod]*t)).real,0,tau,limit = 1000)[0]
/gpfs/share/home/1900011306/alg1_alg2/examples/all_optimizedj1-1/../../trap_config.py:230: IntegrationWarning: The occurrence of roundoff error is detected, which prevents 
  the requested tolerance from being achieved.  The error may be 
  underestimated.
  real1 = integrate.quad(lambda t:(amp1(t)*np.exp(1j*omega[k_mod]*t)).real,0,tau,limit = 1000)[0]
alpha0,1: [(-6.353455022052031e-07+2.981102916140272e-07j), (-3.275679520077301e-09-1.1222653484638609e-07j), (-8.388511123993922e-07-2.8155406816339013e-07j), (-4.0379659290623555e-07-1.380054394362157e-06j), (-5.470784924051152e-07+5.508115136915978e-07j), (-5.914398883010032e-07+5.976089278332276e-07j), (-1.837463690681376e-06-8.870755903119105e-07j), (-8.311021213920567e-07+7.295406568855422e-07j)] [(6.353455022052668e-07-2.981102916140571e-07j), (-3.2756795200774046e-09-1.1222653484638963e-07j), (8.388511123993717e-07+2.815540681633833e-07j), (-4.037965929062375e-07-1.3800543943621636e-06j), (5.470784924051211e-07-5.508115136916036e-07j), (-5.91439888300998e-07+5.976089278332223e-07j), (1.8374636906813814e-06+8.87075590311913e-07j), (-8.311021213920482e-07+7.295406568855348e-07j)]
alg1: [[ 0.48514527-1.12408770e-17j  0.        +0.00000000e+00j
   0.        +0.00000000e+00j  0.00334152+4.84748601e-01j]
 [ 0.        +0.00000000e+00j  0.01499469+2.89241942e-19j
  -0.00334152+8.36493547e-18j  0.        +0.00000000e+00j]
 [ 0.        +0.00000000e+00j -0.00334152-2.80808090e-18j
   0.01499469+5.00455638e-18j  0.        +0.00000000e+00j]
 [ 0.00334152-4.84748601e-01j  0.        +0.00000000e+00j
   0.        +0.00000000e+00j  0.48486534+4.96502070e-18j]]
with lind N_ions = 8 time alg1 = 130.744460105896
alg1: [[ 5.00150516e-01+5.06482471e-18j  0.00000000e+00+0.00000000e+00j
   0.00000000e+00+0.00000000e+00j  2.46265634e-07+5.00004985e-01j]
 [ 0.00000000e+00+0.00000000e+00j -4.73529802e-06-1.88524523e-18j
  -2.46265634e-07+1.06634398e-18j  0.00000000e+00+0.00000000e+00j]
 [ 0.00000000e+00+0.00000000e+00j -2.46265634e-07-2.19565013e-18j
  -4.73529802e-06+7.26319341e-19j  0.00000000e+00+0.00000000e+00j]
 [ 2.46265634e-07-5.00004985e-01j  0.00000000e+00+0.00000000e+00j
   0.00000000e+00+0.00000000e+00j  4.99858955e-01-3.61068462e-18j]]
no lind N_ions = 8 time alg1 = 127.1443989276886
--------
N_ions 8 cut_off 10 (infid,tracedist) (0.015234355269191702, 0.030617411885880654)
(-4.8675069190817766e-06, 0.00015060145610092964)
init
/gpfs/share/home/1900011306/alg1_alg2/examples/all_optimizedj1-1/../../trap_config.py:226: IntegrationWarning: The maximum number of subdivisions (1000) has been achieved.
  If increasing the limit yields no improvement it is advised to analyze 
  the integrand in order to determine the difficulties.  If the position of a 
  local difficulty can be determined (singularity, discontinuity) one will 
  probably gain from splitting up the interval and calling the integrator 
  on the subranges.  Perhaps a special-purpose integrator should be used.
  real0 = integrate.quad(lambda t:(amp0(t)*np.exp(1j*omega[k_mod]*t)).real,0,tau,limit = 1000)[0]
/gpfs/share/home/1900011306/alg1_alg2/examples/all_optimizedj1-1/../../trap_config.py:227: IntegrationWarning: The maximum number of subdivisions (1000) has been achieved.
  If increasing the limit yields no improvement it is advised to analyze 
  the integrand in order to determine the difficulties.  If the position of a 
  local difficulty can be determined (singularity, discontinuity) one will 
  probably gain from splitting up the interval and calling the integrator 
  on the subranges.  Perhaps a special-purpose integrator should be used.
  img0 = integrate.quad(lambda t:(amp0(t)*np.exp(1j*omega[k_mod]*t)).imag,0,tau,limit = 1000)[0]
/gpfs/share/home/1900011306/alg1_alg2/examples/all_optimizedj1-1/../../trap_config.py:230: IntegrationWarning: The maximum number of subdivisions (1000) has been achieved.
  If increasing the limit yields no improvement it is advised to analyze 
  the integrand in order to determine the difficulties.  If the position of a 
  local difficulty can be determined (singularity, discontinuity) one will 
  probably gain from splitting up the interval and calling the integrator 
  on the subranges.  Perhaps a special-purpose integrator should be used.
  real1 = integrate.quad(lambda t:(amp1(t)*np.exp(1j*omega[k_mod]*t)).real,0,tau,limit = 1000)[0]
/gpfs/share/home/1900011306/alg1_alg2/examples/all_optimizedj1-1/../../trap_config.py:231: IntegrationWarning: The maximum number of subdivisions (1000) has been achieved.
  If increasing the limit yields no improvement it is advised to analyze 
  the integrand in order to determine the difficulties.  If the position of a 
  local difficulty can be determined (singularity, discontinuity) one will 
  probably gain from splitting up the interval and calling the integrator 
  on the subranges.  Perhaps a special-purpose integrator should be used.
  img1 = integrate.quad(lambda t:(amp1(t)*np.exp(1j*omega[k_mod]*t)).imag,0,tau,limit = 1000)[0]
alpha0,1: [(7.759247930683756e-07-1.7658365831637649e-07j), (-3.51918517240839e-07-1.6664676963548555e-07j), (-1.1192071298227468e-06+3.989633106631655e-07j), (1.1987698785843786e-07-4.501187621837131e-07j), (7.65398461360617e-07+3.582628321357743e-07j), (4.1569219804513486e-07-3.0887696012218544e-07j), (7.780561989140374e-07+2.0454867985019012e-08j), (7.751542189716319e-07+4.3653135065884956e-08j), (4.40905097290294e-07+3.207371558901192e-07j)] [(7.759247930683773e-07-1.7658365831637686e-07j), (3.5191851724084414e-07+1.6664676963548798e-07j), (-1.119207129822769e-06+3.9896331066317334e-07j), (-1.1987698785843575e-07+4.5011876218370516e-07j), (7.653984613606216e-07+3.5826283213577645e-07j), (-4.156921980451334e-07+3.088769601221843e-07j), (7.78056198914043e-07+2.0454867985019158e-08j), (-7.751542189716304e-07-4.365313506588488e-08j), (4.4090509729029036e-07+3.2073715589011654e-07j)]
alg1: [[ 0.42591511+7.57492805e-19j  0.        +0.00000000e+00j
   0.        +0.00000000e+00j -0.00329293+4.19256939e-01j]
 [ 0.        +0.00000000e+00j  0.07417042-3.88621632e-17j
   0.00329293-5.94648148e-18j  0.        +0.00000000e+00j]
 [ 0.        +0.00000000e+00j  0.00329293+2.73083363e-18j
   0.07417042+3.35711278e-17j  0.        +0.00000000e+00j]
 [-0.00329293-4.19256939e-01j  0.        +0.00000000e+00j
   0.        +0.00000000e+00j  0.42574406+4.17475972e-18j]]
with lind N_ions = 9 time alg1 = 179.49489164352417
alg1: [[ 5.00104368e-01+1.82782103e-17j  0.00000000e+00+0.00000000e+00j
   0.00000000e+00+0.00000000e+00j  2.96582444e-06+5.00011255e-01j]
 [ 0.00000000e+00+0.00000000e+00j -1.56048615e-05-2.45966614e-17j
  -2.96582444e-06+3.42950762e-17j  0.00000000e+00+0.00000000e+00j]
 [ 0.00000000e+00+0.00000000e+00j -2.96582444e-06-4.88777443e-17j
  -1.56048615e-05+4.76788702e-18j  0.00000000e+00+0.00000000e+00j]
 [ 2.96582444e-06-5.00011255e-01j  0.00000000e+00+0.00000000e+00j
   0.00000000e+00+0.00000000e+00j  4.99926842e-01-1.31252507e-19j]]
no lind N_ions = 9 time alg1 = 177.3646900653839
--------
N_ions 9 cut_off 10 (infid,tracedist) (0.08053301059649565, 0.15500756928096177)
(-1.3429776739126709e-05, 0.0001051274743457237)
init
alpha0,1: [(-8.923315417168373e-07-1.9189919775775665e-06j), (1.79522348930706e-06-1.8654025981133608e-06j), (1.284838833438451e-07-1.0970260903410445e-06j), (5.538188757352073e-07+2.282628530779543e-07j), (3.4164892325378415e-07+1.3372588831668864e-06j), (-1.6342926068943927e-06+1.6352559682511635e-06j), (-1.519673718919172e-07+6.730166292546209e-07j), (-6.332633975452439e-07-2.012668817157251e-06j), (1.6728648675558546e-06+4.2291148645563624e-07j), (-1.7282094625046775e-06-5.3494426209759893e-08j)] [(8.923315417168087e-07+1.918991977577505e-06j), (1.7952234893071434e-06-1.8654025981134476e-06j), (-1.284838833438464e-07+1.0970260903410557e-06j), (5.538188757351961e-07+2.2826285307794972e-07j), (-3.416489232537833e-07-1.337258883166883e-06j), (-1.6342926068944027e-06+1.6352559682511734e-06j), (1.519673718919154e-07-6.730166292546129e-07j), (-6.33263397545256e-07-2.0126688171572894e-06j), (-1.6728648675558455e-06-4.229114864556339e-07j), (-1.728209462504661e-06-5.349442620975938e-08j)]
alg1: [[ 0.44705179+7.18040428e-18j  0.        +0.00000000e+00j
   0.        +0.00000000e+00j  0.00704233+4.43333481e-01j]
 [ 0.        +0.00000000e+00j  0.05332931-1.41965060e-18j
  -0.00704233-4.57655864e-17j  0.        +0.00000000e+00j]
 [ 0.        +0.00000000e+00j -0.00704233+2.68845299e-17j
   0.05332931-1.50500213e-17j  0.        +0.00000000e+00j]
 [ 0.00704233-4.43333481e-01j  0.        +0.00000000e+00j
   0.        +0.00000000e+00j  0.4462896 +1.10972741e-17j]]
with lind N_ions = 10 time alg1 = 196.098571062088
alg1: [[ 5.00454086e-01+8.26850656e-18j  0.00000000e+00+0.00000000e+00j
   0.00000000e+00+0.00000000e+00j  1.86387583e-06+5.00015569e-01j]
 [ 0.00000000e+00+0.00000000e+00j -1.55825033e-05-1.10199188e-17j
  -1.86387583e-06-4.61310509e-17j  0.00000000e+00+0.00000000e+00j]
 [ 0.00000000e+00+0.00000000e+00j -1.86387583e-06-6.13252648e-18j
  -1.55825033e-05-3.96292885e-17j  0.00000000e+00+0.00000000e+00j]
 [ 1.86387583e-06-5.00015569e-01j  0.00000000e+00+0.00000000e+00j
   0.00000000e+00+0.00000000e+00j  4.99577079e-01+4.29537725e-17j]]
no lind N_ions = 10 time alg1 = 190.09798121452332
--------
N_ions 10 cut_off 10 (infid,tracedist) (0.056584789340277, 0.11046257968586337)
(-1.558285470992793e-05, 0.00045436610485639515)
k =  0
median 1.5075421333312988
end 3.1504929065704346
k =  1
median 1.372121810913086
end 0.014700889587402344
---------------N = 2 my bound 0.0189071690076797
k =  0
median 4.6732337474823
end 13.006604194641113
k =  1
median 5.126411199569702
end 12.972639083862305
k =  2
median 5.76761794090271
end 13.094892263412476
---------------N = 3 my bound 1.45497875201744
k =  0
median 4.269671678543091
end 13.243808269500732
k =  1
median 4.565123081207275
end 13.249048709869385
k =  2
median 5.0084710121154785
end 13.367498397827148
k =  3
median 4.382391929626465
end 13.091544389724731
---------------N = 4 my bound 0.0512925964595202
k =  0
median 4.23167872428894
end 13.084012508392334
k =  1
median 4.936956882476807
end 13.19605565071106
k =  2
median 4.782520532608032
end 13.239245653152466
k =  3
median 5.011883020401001
end 13.35736083984375
k =  4
median 4.5994274616241455
end 13.366490602493286
---------------N = 5 my bound 0.137442235572471
k =  0
median 4.975211143493652
end 14.505832195281982
k =  1
median 4.770478010177612
end 14.475329875946045
k =  2
median 4.71961236000061
end 14.444925308227539
k =  3
median 5.201841115951538
end 14.57199764251709
k =  4
median 5.391403913497925
end 14.668229579925537
k =  5
median 5.164425373077393
end 13.817832708358765
---------------N = 6 my bound 0.0690154097274136
k =  0
median 5.626959562301636
end 13.805781364440918
k =  1
median 5.19677209854126
end 14.752135753631592
k =  2
median 4.698586463928223
end 13.768545150756836
k =  3
median 5.773438215255737
end 13.808404207229614
k =  4
median 5.03232479095459
end 14.891237735748291
k =  5
median 5.410361289978027
end 13.749074697494507
k =  6
median 5.176297426223755
end 14.897985696792603
---------------N = 7 my bound 0.119051641941165
k =  0
median 4.8321146965026855
end 13.719113111495972
k =  1
median 6.221330404281616
end 13.741470336914062
k =  2
median 4.615678071975708
end 13.832175731658936
k =  3
median 6.294137716293335
end 13.94837737083435
k =  4
median 6.048736095428467
end 15.338602066040039
k =  5
median 5.0124688148498535
end 13.819551944732666
k =  6
median 4.777202606201172
end 13.823203325271606
k =  7
median 6.976380348205566
end 13.795045614242554
---------------N = 8 my bound 0.0619749611850841
k =  0
median 5.778254747390747
end 16.835304498672485
k =  1
median 7.324178695678711
end 16.895164966583252
k =  2
median 6.4312005043029785
end 16.97002649307251
k =  3
median 8.10343337059021
end 16.885091543197632
k =  4
median 6.245428800582886
end 25.483450651168823
k =  5
median 6.685096263885498
end 16.92496371269226
k =  6
median 7.070978403091431
end 25.66327714920044
k =  7
median 5.69710111618042
end 16.958266019821167
k =  8
median 6.71298623085022
end 16.951322078704834
---------------N = 9 my bound 0.352369425803145
k =  0
median 8.147949457168579
end 16.941094398498535
k =  1
median 6.354036092758179
end 16.93173623085022
k =  2
median 5.777742862701416
end 18.98293113708496
k =  3
median 5.723201274871826
end 16.86970281600952
k =  4
median 6.09657621383667
end 16.938297271728516
k =  5
median 6.394697189331055
end 19.20127582550049
k =  6
median 5.966568946838379
end 17.01448369026184
k =  7
median 6.166791677474976
end 16.980135679244995
k =  8
median 8.340156316757202
end 16.9389169216156
k =  9
median 5.983059883117676
end 16.96976399421692
---------------N = 10 my bound 0.240643632605899
done
