python script
init
alpha0,1: [(1.1528180364339574e-06-8.82649684612382e-07j), (1.1528180364339574e-06+8.82649684612382e-07j)] [(-1.1528180364339574e-06+8.82649684612382e-07j), (1.1528180364339574e-06+8.82649684612382e-07j)]
alg1: [[ 4.95257219e-01+1.87037082e-17j  0.00000000e+00+0.00000000e+00j
   0.00000000e+00+0.00000000e+00j  2.10975804e-06+4.95296663e-01j]
 [ 0.00000000e+00+0.00000000e+00j  4.67927483e-03+2.09201800e-17j
  -2.10975804e-06+1.85294640e-17j  0.00000000e+00+0.00000000e+00j]
 [ 0.00000000e+00+0.00000000e+00j -2.10975804e-06+1.21900266e-17j
   4.67927483e-03+9.71342225e-18j  0.00000000e+00+0.00000000e+00j]
 [ 2.10975804e-06-4.95296663e-01j  0.00000000e+00+0.00000000e+00j
   0.00000000e+00+0.00000000e+00j  4.95384232e-01-4.60719544e-17j]]
with lind N_ions = 2 time alg1 = 26.129850149154663
alg1: [[ 4.99855376e-01+1.38395401e-17j  0.00000000e+00+0.00000000e+00j
   0.00000000e+00+0.00000000e+00j  6.55826096e-07+5.00000796e-01j]
 [ 0.00000000e+00+0.00000000e+00j -2.52207517e-06-2.18087081e-17j
  -6.55826096e-07-2.18087081e-17j  0.00000000e+00+0.00000000e+00j]
 [ 0.00000000e+00+0.00000000e+00j -6.55826096e-07-2.18087081e-17j
  -2.52207517e-06-2.18087081e-17j  0.00000000e+00+0.00000000e+00j]
 [ 6.55826096e-07-5.00000796e-01j  0.00000000e+00+0.00000000e+00j
   0.00000000e+00+0.00000000e+00j  5.00149669e-01+2.71508922e-17j]]
no lind N_ions = 2 time alg1 = 23.01055359840393
--------
N_ions 2 cut_off 10 (infid,tracedist) (0.004694297185596108, 0.009386672801220521)
(-1.6663005406591935e-06, 0.00014967211341634573)
init
alpha0,1: [(3.5079400411371686e-09-1.477223505461043e-07j), (-1.7305787655776568e-07+5.331874277547187e-07j), (-1.3335777616858766e-06-1.7397460053722053e-07j)] [(-7.015880082274324e-09+2.9544470109220807e-07j), (-2.9291329865161216e-22+9.024592891677578e-22j), (-1.3335777616858747e-06-1.7397460053722032e-07j)]
alg1: [[ 0.49283076-1.53587652e-17j  0.        +0.00000000e+00j
   0.        +0.00000000e+00j  0.00077702+4.92877998e-01j]
 [ 0.        +0.00000000e+00j  0.0070713 -5.81238175e-19j
  -0.00077702+1.23198679e-03j  0.        +0.00000000e+00j]
 [ 0.        +0.00000000e+00j -0.00077702-1.23198679e-03j
   0.00706988+4.41542992e-17j  0.        +0.00000000e+00j]
 [ 0.00077702-4.92877998e-01j  0.        +0.00000000e+00j
   0.        +0.00000000e+00j  0.49302806-2.20287001e-17j]]
with lind N_ions = 3 time alg1 = 38.155227184295654
alg1: [[ 5.00061140e-01+3.14613179e-17j  0.00000000e+00+0.00000000e+00j
   0.00000000e+00+0.00000000e+00j  3.71277749e-07+5.00002727e-01j]
 [ 0.00000000e+00+0.00000000e+00j -4.62591326e-06-3.67798976e-17j
  -3.71277749e-07+7.62861284e-07j  0.00000000e+00+0.00000000e+00j]
 [ 0.00000000e+00+0.00000000e+00j -3.71277749e-07-7.62861284e-07j
  -5.96294496e-06-4.77441411e-17j  0.00000000e+00+0.00000000e+00j]
 [ 3.71277749e-07-5.00002727e-01j  0.00000000e+00+0.00000000e+00j
   0.00000000e+00+0.00000000e+00j  4.99949449e-01+4.71151183e-17j]]
no lind N_ions = 3 time alg1 = 37.110530853271484
--------
N_ions 3 cut_off 10 (infid,tracedist) (0.007106265892318331, 0.014244484909977225)
(-4.010498202422497e-06, 6.120734288014928e-05)
init
/gpfs/share/home/1900011306/alg1_alg2/examples/all_optimizedj1m/../../trap_config.py:226: IntegrationWarning: The maximum number of subdivisions (1000) has been achieved.
  If increasing the limit yields no improvement it is advised to analyze 
  the integrand in order to determine the difficulties.  If the position of a 
  local difficulty can be determined (singularity, discontinuity) one will 
  probably gain from splitting up the interval and calling the integrator 
  on the subranges.  Perhaps a special-purpose integrator should be used.
  real0 = integrate.quad(lambda t:(amp0(t)*np.exp(1j*omega[k_mod]*t)).real,0,tau,limit = 1000)[0]
/gpfs/share/home/1900011306/alg1_alg2/examples/all_optimizedj1m/../../trap_config.py:227: IntegrationWarning: The maximum number of subdivisions (1000) has been achieved.
  If increasing the limit yields no improvement it is advised to analyze 
  the integrand in order to determine the difficulties.  If the position of a 
  local difficulty can be determined (singularity, discontinuity) one will 
  probably gain from splitting up the interval and calling the integrator 
  on the subranges.  Perhaps a special-purpose integrator should be used.
  img0 = integrate.quad(lambda t:(amp0(t)*np.exp(1j*omega[k_mod]*t)).imag,0,tau,limit = 1000)[0]
/gpfs/share/home/1900011306/alg1_alg2/examples/all_optimizedj1m/../../trap_config.py:230: IntegrationWarning: The maximum number of subdivisions (1000) has been achieved.
  If increasing the limit yields no improvement it is advised to analyze 
  the integrand in order to determine the difficulties.  If the position of a 
  local difficulty can be determined (singularity, discontinuity) one will 
  probably gain from splitting up the interval and calling the integrator 
  on the subranges.  Perhaps a special-purpose integrator should be used.
  real1 = integrate.quad(lambda t:(amp1(t)*np.exp(1j*omega[k_mod]*t)).real,0,tau,limit = 1000)[0]
/gpfs/share/home/1900011306/alg1_alg2/examples/all_optimizedj1m/../../trap_config.py:231: IntegrationWarning: The maximum number of subdivisions (1000) has been achieved.
  If increasing the limit yields no improvement it is advised to analyze 
  the integrand in order to determine the difficulties.  If the position of a 
  local difficulty can be determined (singularity, discontinuity) one will 
  probably gain from splitting up the interval and calling the integrator 
  on the subranges.  Perhaps a special-purpose integrator should be used.
  img1 = integrate.quad(lambda t:(amp1(t)*np.exp(1j*omega[k_mod]*t)).imag,0,tau,limit = 1000)[0]
/gpfs/share/home/1900011306/alg1_alg2/examples/all_optimizedj1m/../../trap_config.py:226: IntegrationWarning: The occurrence of roundoff error is detected, which prevents 
  the requested tolerance from being achieved.  The error may be 
  underestimated.
  real0 = integrate.quad(lambda t:(amp0(t)*np.exp(1j*omega[k_mod]*t)).real,0,tau,limit = 1000)[0]
/gpfs/share/home/1900011306/alg1_alg2/examples/all_optimizedj1m/../../trap_config.py:227: IntegrationWarning: The occurrence of roundoff error is detected, which prevents 
  the requested tolerance from being achieved.  The error may be 
  underestimated.
  img0 = integrate.quad(lambda t:(amp0(t)*np.exp(1j*omega[k_mod]*t)).imag,0,tau,limit = 1000)[0]
/gpfs/share/home/1900011306/alg1_alg2/examples/all_optimizedj1m/../../trap_config.py:230: IntegrationWarning: The occurrence of roundoff error is detected, which prevents 
  the requested tolerance from being achieved.  The error may be 
  underestimated.
  real1 = integrate.quad(lambda t:(amp1(t)*np.exp(1j*omega[k_mod]*t)).real,0,tau,limit = 1000)[0]
/gpfs/share/home/1900011306/alg1_alg2/examples/all_optimizedj1m/../../trap_config.py:231: IntegrationWarning: The occurrence of roundoff error is detected, which prevents 
  the requested tolerance from being achieved.  The error may be 
  underestimated.
  img1 = integrate.quad(lambda t:(amp1(t)*np.exp(1j*omega[k_mod]*t)).imag,0,tau,limit = 1000)[0]
alpha0,1: [(-1.1666724585934184e-06+8.997726356028487e-08j), (2.113878074678688e-06+6.448325343882265e-07j), (-2.2498210303109592e-06+3.5148638302614287e-07j), (1.2748505744737696e-06+3.3340594751971427e-06j)] [(-3.0187970940651475e-06+2.3281864568501105e-07j), (-2.1138780746786975e-06-6.448325343882293e-07j), (8.694868025374498e-07-1.358387032548158e-07j), (1.2748505744737664e-06+3.3340594751971347e-06j)]
alg1: [[ 0.34188196+4.25280591e-17j  0.        +0.00000000e+00j
   0.        +0.00000000e+00j -0.07008305+2.57894267e-01j]
 [ 0.        +0.00000000e+00j  0.15459201-3.00525769e-17j
   0.07008305+6.46100506e-02j  0.        +0.00000000e+00j]
 [ 0.        +0.00000000e+00j  0.07008305-6.46100506e-02j
   0.15593515+3.06372385e-17j  0.        +0.00000000e+00j]
 [-0.07008305-2.57894267e-01j  0.        +0.00000000e+00j
   0.        +0.00000000e+00j  0.34759088-3.59518573e-17j]]
with lind N_ions = 4 time alg1 = 100.08234906196594
alg1: [[ 0.49084836+9.23387468e-17j  0.        +0.00000000e+00j
   0.        +0.00000000e+00j -0.00514248+4.89331302e-01j]
 [ 0.        +0.00000000e+00j  0.00513219-1.47667895e-17j
   0.00514248+3.64606991e-06j  0.        +0.00000000e+00j]
 [ 0.        +0.00000000e+00j  0.00514248-3.64606991e-06j
   0.00513663+4.52474961e-17j  0.        +0.00000000e+00j]
 [-0.00514248-4.89331302e-01j  0.        +0.00000000e+00j
   0.        +0.00000000e+00j  0.49888282-1.24234332e-16j]]
no lind N_ions = 4 time alg1 = 96.44702219963074
--------
N_ions 4 cut_off 10 (infid,tracedist) (0.16045273305405838, 0.39050748029476534)
(0.007933012166411846, 0.01764865507844583)
init
alpha0,1: [(1.699430435232165e-05-2.509083376786269e-07j), (1.422962720048702e-05-1.1102283469276835e-05j), (-9.241564309943975e-06-1.5646468938681209e-06j), (9.159624341373677e-05+2.393409217209864e-06j), (4.966790763989127e-05-0.00010812254840393677j)] [(6.511035942147455e-05-9.61306312362723e-07j), (-1.585914886235968e-19+1.2373673868655545e-19j), (1.0726836551996453e-05+1.8161115293060189e-06j), (6.435860895918072e-19+1.681690014228329e-20j), (4.966790763989176e-05-0.00010812254840393783j)]
alg1: [[ 0.28118227-9.99527104e-17j  0.        +0.00000000e+00j
   0.        +0.00000000e+00j -0.06572402+1.58356140e-01j]
 [ 0.        +0.00000000e+00j  0.17069796+2.79413811e-17j
   0.06572402+6.93024371e-02j  0.        +0.00000000e+00j]
 [ 0.        +0.00000000e+00j  0.06572402-6.93024371e-02j
   0.19404556-3.96768851e-17j  0.        +0.00000000e+00j]
 [-0.06572402-1.58356140e-01j  0.        +0.00000000e+00j
   0.        +0.00000000e+00j  0.3540742 +8.80684467e-17j]]
with lind N_ions = 5 time alg1 = 173.6114857196808
alg1: [[ 0.32085878+5.83554739e-17j  0.        +0.00000000e+00j
   0.        +0.00000000e+00j -0.10003642+3.34647341e-01j]
 [ 0.        +0.00000000e+00j  0.10114147-3.68194771e-17j
   0.10003642-2.00891256e-04j  0.        +0.00000000e+00j]
 [ 0.        +0.00000000e+00j  0.10003642+2.00891256e-04j
   0.0992256 +4.28929921e-17j  0.        +0.00000000e+00j]
 [-0.10003642-3.34647341e-01j  0.        +0.00000000e+00j
   0.        +0.00000000e+00j  0.47877414-6.98275332e-17j]]
no lind N_ions = 5 time alg1 = 169.08677005767822
--------
N_ions 5 cut_off 10 (infid,tracedist) (0.08570469867116381, 0.26675033627103095)
(0.1429913589334162, 0.30894919987058667)
init
alpha0,1: [(-2.870504052186921e-07+5.327338840363405e-07j), (2.678942150197009e-07-7.382092871957292e-06j), (9.025205090909937e-07+2.32525907646056e-07j), (-9.452488556943502e-07+9.256931097633104e-07j), (-6.952504691161684e-05-1.7172201845906179e-06j), (-1.0985102063519434e-06+2.663979853668767e-06j)] [(1.348333589669877e-06-2.502358391217908e-06j), (3.2093031772188715e-07-8.84355569483091e-06j), (8.510273616667822e-07+2.1925918326499293e-07j), (8.90143554124159e-07-8.717278521830888e-07j), (1.729938956639946e-05+4.272828608412461e-07j), (-1.0985102063519637e-06+2.6639798536688163e-06j)]
alg1: [[ 4.85553209e-01-9.10552429e-18j  0.00000000e+00+0.00000000e+00j
   0.00000000e+00+0.00000000e+00j  2.64172664e-04+4.86166918e-01j]
 [ 0.00000000e+00+0.00000000e+00j  1.36413350e-02+1.53016084e-17j
  -2.64172664e-04-6.53015089e-04j  0.00000000e+00+0.00000000e+00j]
 [ 0.00000000e+00+0.00000000e+00j -2.64172664e-04+6.53015089e-04j
   1.36392935e-02+1.24095487e-17j  0.00000000e+00+0.00000000e+00j]
 [ 2.64172664e-04-4.86166918e-01j  0.00000000e+00+0.00000000e+00j
   0.00000000e+00+0.00000000e+00j  4.87166162e-01-1.75344697e-17j]]
with lind N_ions = 6 time alg1 = 161.81634640693665
alg1: [[ 4.99207672e-01+3.84580922e-18j  0.00000000e+00+0.00000000e+00j
   0.00000000e+00+0.00000000e+00j  5.04866300e-07+5.00007504e-01j]
 [ 0.00000000e+00+0.00000000e+00j -8.74939286e-06+2.41993408e-17j
  -5.04866300e-07-4.15518660e-07j  0.00000000e+00+0.00000000e+00j]
 [ 0.00000000e+00+0.00000000e+00j -5.04866300e-07+4.15518660e-07j
  -8.61875195e-06-1.35454685e-17j  0.00000000e+00+0.00000000e+00j]
 [ 5.04866300e-07-5.00007504e-01j  0.00000000e+00+0.00000000e+00j
   0.00000000e+00+0.00000000e+00j  5.00809696e-01-1.48784207e-17j]]
no lind N_ions = 6 time alg1 = 155.6421012878418
--------
N_ions 6 cut_off 10 (infid,tracedist) (0.013813561671298547, 0.027492097348012726)
(-8.094114781753703e-06, 0.0008097316640399754)
init
alpha0,1: [(-1.811768100783317e-08+1.4340336408517917e-07j), (-7.249054163245698e-07-5.850523280249217e-07j), (5.413505439255558e-07+3.581494229293063e-06j), (8.848943013349365e-08+8.026027537353745e-07j), (-5.167498192703996e-06+5.2816475377564855e-06j), (-2.6168252850425323e-07-1.147821141238741e-06j), (4.4897536571438034e-07+9.802238688755131e-08j)] [(1.106862337151336e-07-8.760932630288584e-07j), (-1.5796923675441945e-20-1.2749286684611116e-20j), (9.022692842847855e-07+5.969278633215374e-06j), (3.4727713303398313e-22+3.149817812838439e-21j), (5.2936864724256754e-06-5.4106232997270925e-06j), (3.4037665868720265e-22+1.4929981266174762e-21j), (4.489753657143842e-07+9.802238688755216e-08j)]
alg1: [[ 0.47782341-5.60402924e-18j  0.        +0.00000000e+00j
   0.        +0.00000000e+00j  0.00139836+4.77707915e-01j]
 [ 0.        +0.00000000e+00j  0.02179445+4.66767070e-18j
  -0.00139836+2.16767789e-03j  0.        +0.00000000e+00j]
 [ 0.        +0.00000000e+00j -0.00139836-2.16767789e-03j
   0.02179768-1.34115332e-18j  0.        +0.00000000e+00j]
 [ 0.00139836-4.77707915e-01j  0.        +0.00000000e+00j
   0.        +0.00000000e+00j  0.47858446+3.10291001e-18j]]
with lind N_ions = 7 time alg1 = 187.32831692695618
alg1: [[ 4.99936119e-01-7.05632031e-18j  0.00000000e+00+0.00000000e+00j
   0.00000000e+00+0.00000000e+00j  7.17072350e-07+5.00009667e-01j]
 [ 0.00000000e+00+0.00000000e+00j -8.69838734e-06+8.08905723e-18j
  -7.17072350e-07-1.52967299e-06j  0.00000000e+00+0.00000000e+00j]
 [ 0.00000000e+00+0.00000000e+00j -7.17072350e-07+1.52967299e-06j
  -8.80702910e-06+1.05554584e-18j  0.00000000e+00+0.00000000e+00j]
 [ 7.17072350e-07-5.00009667e-01j  0.00000000e+00+0.00000000e+00j
   0.00000000e+00+0.00000000e+00j  5.00081387e-01-2.42212925e-18j]]
no lind N_ions = 7 time alg1 = 181.70632362365723
--------
N_ions 7 cut_off 10 (infid,tracedist) (0.022283520648236133, 0.044152443402378325)
(-9.209787971586891e-06, 8.203048852987305e-05)
init
alpha0,1: [(-4.109796856331611e-06+2.8824437016574366e-07j), (-1.1929217195602318e-08+0.0011566010204905044j), (1.479047365770946e-07+1.6652394505634771e-06j), (5.190250164950902e-07-1.5073138350136381e-06j), (2.0259149486594634e-06-1.0210469960963465e-06j), (6.189208718500288e-07-3.0861370231777254e-06j), (-3.4781230593734086e-06-1.8891775390171937e-06j), (5.392326537594117e-07-3.2682222215101827e-07j)] [(-2.9573878135203634e-05+2.0741910547980634e-06j), (1.6389817728219088e-08-0.001589079953804498j), (-2.337277890714492e-07-2.631509605859588e-06j), (5.42850993665413e-07-1.5765074651474305e-06j), (1.2287441635875463e-06-6.192784835474694e-07j), (-5.73309108649717e-07+2.858702212837372e-06j), (6.441864959415401e-07+3.4989637752788143e-07j), (5.39232653759414e-07-3.2682222215101965e-07j)]
alg1: [[ 0.42258386+5.75246059e-17j  0.        +0.00000000e+00j
   0.        +0.00000000e+00j -0.043422  +4.09131841e-01j]
 [ 0.        +0.00000000e+00j  0.07733228-7.08981582e-17j
   0.043422  -1.63444190e-02j  0.        +0.00000000e+00j]
 [ 0.        +0.00000000e+00j  0.043422  +1.63444190e-02j
   0.07732258+6.39524573e-17j  0.        +0.00000000e+00j]
 [-0.043422  -4.09131841e-01j  0.        +0.00000000e+00j
   0.        +0.00000000e+00j  0.42276127-4.86660121e-17j]]
with lind N_ions = 8 time alg1 = 226.99923586845398
alg1: [[ 4.99887102e-01+5.54860500e-17j  0.00000000e+00+0.00000000e+00j
   0.00000000e+00+0.00000000e+00j  5.02791090e-07+5.00042540e-01j]
 [ 0.00000000e+00+0.00000000e+00j -3.11361108e-05+5.37582779e-17j
  -5.02791090e-07-1.92758758e-07j  0.00000000e+00+0.00000000e+00j]
 [ 0.00000000e+00+0.00000000e+00j -5.02791090e-07+1.92758759e-07j
  -3.20218470e-05-4.13328870e-17j  0.00000000e+00+0.00000000e+00j]
 [ 5.02791090e-07-5.00042540e-01j  0.00000000e+00+0.00000000e+00j
   0.00000000e+00+0.00000000e+00j  5.00176056e-01-7.21652606e-17j]]
no lind N_ions = 8 time alg1 = 220.5505211353302
--------
N_ions 8 cut_off 10 (infid,tracedist) (0.08793310604624671, 0.17810757218972686)
(-3.70664869442372e-05, 0.0001821891531046621)
init
alpha0,1: [(3.2245855540513243e-08-5.728744842467787e-07j), (-4.23873639439761e-06+2.303946905998461e-06j), (5.084893179988247e-08-2.1246072796648725e-07j), (-7.186594860842148e-07-3.1856614749241596e-06j), (-1.161887625604537e-05-4.681012960950088e-06j), (2.2301198077161325e-06+1.5332520079200106e-06j), (1.26949643420837e-06-1.8327047552633906e-06j), (-4.453081242101766e-06+2.875395018510016e-06j), (-1.0546980185201393e-07+1.4151018425473249e-06j)] [(2.8247979653772174e-07-5.018488889164906e-06j), (1.5684552640185968e-19-8.525271015930206e-20j), (-1.1631356015655167e-07+4.859898288618895e-07j), (-2.4870567756739533e-21-1.1024582726074499e-20j), (-1.4918437528146742e-05-6.010340233208384e-06j), (-5.174491308750221e-21-3.557566352110441e-21j), (-1.241502801236206e-06+1.792291830198993e-06j), (1.4305999525581965e-20-9.237513877301268e-21j), (-1.0546980185201252e-07+1.415101842547306e-06j)]
alg1: [[ 0.37440129+1.27334002e-17j  0.        +0.00000000e+00j
   0.        +0.00000000e+00j  0.03986124+3.42919837e-01j]
 [ 0.        +0.00000000e+00j  0.1261515 -5.59911450e-17j
  -0.03986124+2.28818029e-02j  0.        +0.00000000e+00j]
 [ 0.        +0.00000000e+00j -0.03986124-2.28818029e-02j
   0.12608291+3.86390002e-17j  0.        +0.00000000e+00j]
 [ 0.03986124-3.42919837e-01j  0.        +0.00000000e+00j
   0.        +0.00000000e+00j  0.37336429+8.47714104e-18j]]
with lind N_ions = 9 time alg1 = 270.1134490966797
alg1: [[ 5.00458799e-01-3.02929280e-17j  0.00000000e+00+0.00000000e+00j
   0.00000000e+00+0.00000000e+00j  8.47155718e-05+4.99875345e-01j]
 [ 0.00000000e+00+0.00000000e+00j  5.46373951e-05-1.15886390e-16j
  -8.47155718e-05+9.15684287e-07j  0.00000000e+00+0.00000000e+00j]
 [ 0.00000000e+00+0.00000000e+00j -8.47155718e-05-9.15684287e-07j
   5.52426629e-05+1.04678945e-16j  0.00000000e+00+0.00000000e+00j]
 [ 8.47155718e-05-4.99875345e-01j  0.00000000e+00+0.00000000e+00j
   0.00000000e+00+0.00000000e+00j  4.99431321e-01+4.44189348e-17j]]
no lind N_ions = 9 time alg1 = 260.20758533477783
--------
N_ions 9 cut_off 10 (infid,tracedist) (0.14720707459534277, 0.2879795398603971)
(8.979639858741617e-05, 0.0006201123730958058)
init
alpha0,1: [(1.5204742490687756e-07-2.7852029936195667e-07j), (-4.001474715894237e-06+4.235182528608258e-06j), (-9.286522811704345e-07+2.6072780526887496e-06j), (2.486329721458997e-06+5.2571390091389214e-06j), (1.1745181518004488e-05-1.287275042858766e-05j), (-4.5093671854140156e-06+4.335096211321901e-06j), (2.6933021694519444e-06+4.371412363823183e-06j), (1.4489767401925572e-06+2.8058041426726304e-06j), (1.954093939108431e-06-1.2343499844021973e-06j), (-9.791347708197358e-07-2.1226963599125586e-06j)] [(-1.525038466241172e-06+2.7935637214252985e-06j), (-6.149653988544723e-06+6.508827114617982e-06j), (-2.129841255490446e-06+5.979728337233406e-06j), (-2.8599848257608177e-06-6.0472018909180424e-06j), (-1.1516704808671774e-05+1.2622339342690309e-05j), (-4.4585410759729425e-06+4.286234349908857e-06j), (1.2295626964738942e-06+1.995663774538706e-06j), (-1.3361107097373432e-06-2.5872499264219465e-06j), (-2.892367369031827e-07+1.827032746685037e-07j), (-9.79134770819739e-07-2.122696359912565e-06j)]
alg1: [[ 0.40311907-7.02061243e-20j  0.        +0.00000000e+00j
   0.        +0.00000000e+00j -0.00055651+3.90765412e-01j]
 [ 0.        +0.00000000e+00j  0.09730391-9.54171502e-18j
   0.00055651-1.97157956e-03j  0.        +0.00000000e+00j]
 [ 0.        +0.00000000e+00j  0.00055651+1.97157956e-03j
   0.09730824+2.18290294e-18j  0.        +0.00000000e+00j]
 [-0.00055651-3.90765412e-01j  0.        +0.00000000e+00j
   0.        +0.00000000e+00j  0.40226878+7.06050816e-18j]]
with lind N_ions = 10 time alg1 = 286.1377069950104
alg1: [[ 4.99786656e-01+2.09117201e-17j  0.00000000e+00+0.00000000e+00j
   0.00000000e+00+0.00000000e+00j  8.14686883e-07+5.00026336e-01j]
 [ 0.00000000e+00+0.00000000e+00j -1.89243922e-05-2.34547996e-17j
  -8.14686883e-07-7.78571770e-07j  0.00000000e+00+0.00000000e+00j]
 [ 0.00000000e+00+0.00000000e+00j -8.14686883e-07+7.78571770e-07j
  -1.87066116e-05+1.42178731e-17j  0.00000000e+00+0.00000000e+00j]
 [ 8.14686883e-07-5.00026336e-01j  0.00000000e+00+0.00000000e+00j
   0.00000000e+00+0.00000000e+00j  5.00250975e-01-1.17333612e-17j]]
no lind N_ions = 10 time alg1 = 278.08080077171326
--------
N_ions 10 cut_off 10 (infid,tracedist) (0.1092166564146968, 0.20658921258867002)
(-2.258281705413978e-05, 0.00025246565656292426)
k =  0
median 1.4822375774383545
end 3.3438844680786133
k =  1
median 1.4015014171600342
end 0.016620397567749023
---------------N = 2 my bound 0.0189071690076797
k =  0
median 2.026278257369995
end 5.418986082077026
k =  1
median 2.04860258102417
end 5.327416658401489
k =  2
median 2.5422122478485107
end 5.411039113998413
---------------N = 3 my bound 0.0262228240571883
k =  0
median 8.056994915008545
end 23.65246295928955
k =  1
median 8.601608991622925
end 24.03441619873047
k =  2
median 9.280371189117432
end 23.955427885055542
k =  3
median 8.167735576629639
end 23.777936935424805
---------------N = 4 my bound 1.07858144242238
k =  0
median 10.320950508117676
end 28.755966186523438
k =  1
median 10.358694553375244
end 28.964115858078003
k =  2
median 11.139899730682373
end 29.514715909957886
k =  3
median 12.122824668884277
end 29.377740621566772
k =  4
median 10.473832368850708
end 28.736008405685425
---------------N = 5 my bound 1.21469042316919
k =  0
median 11.276255130767822
end 31.277766227722168
k =  1
median 12.250275373458862
end 31.075887203216553
k =  2
median 11.04422926902771
end 31.19008231163025
k =  3
median 12.0563805103302
end 31.24954104423523
k =  4
median 12.977741479873657
end 29.76416015625
k =  5
median 13.689350605010986
end 29.84275484085083
---------------N = 6 my bound 0.0574990774834825
k =  0
median 12.265655517578125
end 29.915528297424316
k =  1
median 11.51014494895935
end 31.524017095565796
k =  2
median 10.81049108505249
end 31.756237268447876
k =  3
median 11.034753799438477
end 31.725548267364502
k =  4
median 11.664878606796265
end 32.00476956367493
k =  5
median 11.77158260345459
end 30.04806923866272
k =  6
median 13.918787240982056
end 30.231387853622437
---------------N = 7 my bound 0.0867613912439228
k =  0
median 10.287136793136597
end 31.829880714416504
k =  1
median 11.233838558197021
end 30.166301488876343
k =  2
median 10.696979284286499
end 32.38956952095032
k =  3
median 10.978816270828247
end 32.535136461257935
k =  4
median 12.747801303863525
end 30.128737926483154
k =  5
median 11.941584348678589
end 32.69824981689453
k =  6
median 11.749612092971802
end 30.62757134437561
k =  7
median 12.5806565284729
end 33.229424238204956
---------------N = 8 my bound 0.443018960021612
k =  0
median 10.999439239501953
end 30.538743257522583
k =  1
median 10.56212854385376
end 33.41441535949707
k =  2
median 11.774446487426758
end 30.517026662826538
k =  3
median 12.093840837478638
end 33.53980493545532
k =  4
median 11.918241739273071
end 42.700949907302856
k =  5
median 13.127410650253296
end 33.78321599960327
k =  6
median 12.863065004348755
end 42.687843561172485
k =  7
median 10.861703634262085
end 34.0376398563385
k =  8
median 11.824598789215088
end 30.627710819244385
---------------N = 9 my bound 0.688954884669515
k =  0
median 12.390431880950928
end 32.10925650596619
k =  1
median 15.95624303817749
end 32.05830383300781
k =  2
median 11.425485849380493
end 32.13574981689453
k =  3
median 11.905866861343384
end 35.88758087158203
k =  4
median 11.530419826507568
end 32.080806016922
k =  5
median 12.423479318618774
end 32.026310205459595
k =  6
median 11.413624286651611
end 36.27527689933777
k =  7
median 11.714560270309448
end 32.11903095245361
k =  8
median 11.85196042060852
end 32.03840255737305
k =  9
median 16.9222993850708
end 31.99373960494995
---------------N = 10 my bound 0.498177544419333
done
