python script
init
alpha0,1: [(-2.858927244278261e-16+1.354873170942608e-17j), (-2.858927244278261e-16-1.354873170942608e-17j)] [(2.858927244278261e-16-1.354873170942608e-17j), (-2.858927244278261e-16-1.354873170942608e-17j)]
alg1: [[ 4.96558530e-01+2.55660622e-17j  0.00000000e+00+0.00000000e+00j
   0.00000000e+00+0.00000000e+00j -1.89181446e-06+4.96713452e-01j]
 [ 0.00000000e+00+0.00000000e+00j  3.27337711e-03+1.33442310e-17j
   1.89181446e-06+3.46752786e-17j  0.00000000e+00+0.00000000e+00j]
 [ 0.00000000e+00+0.00000000e+00j  1.89181446e-06-5.55613810e-18j
   3.27337711e-03+1.78807443e-17j  0.00000000e+00+0.00000000e+00j]
 [-1.89181446e-06-4.96713452e-01j  0.00000000e+00+0.00000000e+00j
   0.00000000e+00+0.00000000e+00j  4.96894716e-01-6.07492856e-17j]]
with lind N_ions = 2 time alg1 = 23.42488431930542
alg1: [[ 4.99993849e-01+9.78357685e-17j  0.00000000e+00+0.00000000e+00j
   0.00000000e+00+0.00000000e+00j -1.76332981e-06+5.00001622e-01j]
 [ 0.00000000e+00+0.00000000e+00j -3.55322381e-06-1.85788478e-17j
   1.76332981e-06-1.85788478e-17j  0.00000000e+00+0.00000000e+00j]
 [ 0.00000000e+00+0.00000000e+00j  1.76332981e-06-1.85788478e-17j
  -3.55322381e-06-1.85788478e-17j  0.00000000e+00+0.00000000e+00j]
 [-1.76332981e-06-5.00001622e-01j  0.00000000e+00+0.00000000e+00j
   0.00000000e+00+0.00000000e+00j  5.00013258e-01-5.66966183e-17j]]
no lind N_ions = 2 time alg1 = 21.208269596099854
--------
N_ions 2 cut_off 10 (infid,tracedist) (0.0032777406427961786, 0.006568912558369249)
(-2.5950201889557434e-06, 1.3548892545027392e-05)
init
alpha0,1: [(2.885225405065388e-15-7.56222947532286e-17j), (-5.148767219249762e-15-1.663246520234367e-18j), (-1.629561750569044e-15+1.2949503682373704e-15j)] [(-5.770450810130765e-15+1.512445895064569e-16j), (-8.714670607184569e-30-2.8151681645651288e-33j), (-1.6295617505690417e-15+1.2949503682373686e-15j)]
alg1: [[ 0.49615167-2.94073580e-17j  0.        +0.00000000e+00j
   0.        +0.00000000e+00j -0.00212582+4.96101827e-01j]
 [ 0.        +0.00000000e+00j  0.00387314+5.34686699e-17j
   0.00212582+2.96125361e-07j  0.        +0.00000000e+00j]
 [ 0.        +0.00000000e+00j  0.00212582-2.96125361e-07j
   0.00387301-1.59619260e-17j  0.        +0.00000000e+00j]
 [-0.00212582-4.96101827e-01j  0.        +0.00000000e+00j
   0.        +0.00000000e+00j  0.49610218-8.23670270e-18j]]
with lind N_ions = 3 time alg1 = 35.92511296272278
alg1: [[ 4.99980506e-01-3.31395029e-17j  0.00000000e+00+0.00000000e+00j
   0.00000000e+00+0.00000000e+00j  3.48116976e-06+5.00004398e-01j]
 [ 0.00000000e+00+0.00000000e+00j -5.94950295e-06+2.49578985e-17j
  -3.48116976e-06+2.94725979e-07j  0.00000000e+00+0.00000000e+00j]
 [ 0.00000000e+00+0.00000000e+00j -3.48116976e-06-2.94725979e-07j
  -6.25763102e-06-4.23609890e-17j  0.00000000e+00+0.00000000e+00j]
 [ 3.48116976e-06-5.00004398e-01j  0.00000000e+00+0.00000000e+00j
   0.00000000e+00+0.00000000e+00j  5.00031701e-01+5.29677382e-17j]]
no lind N_ions = 3 time alg1 = 35.152844190597534
--------
N_ions 3 cut_off 10 (infid,tracedist) (0.003882062301410749, 0.008325135774360552)
(-5.250553744229336e-06, 3.2308396650004525e-05)
init
alpha0,1: [(-4.560562449149458e-15+5.822602180008267e-15j), (5.46809908693321e-15-5.392461275792929e-16j), (-2.7536306316517683e-15-3.182542891740655e-16j), (1.6996217618430223e-15-4.005753979466354e-15j)] [(4.560562449149449e-15-5.822602180008256e-15j), (5.46809908693323e-15-5.392461275792949e-16j), (2.7536306316517533e-15+3.182542891740638e-16j), (1.6996217618430245e-15-4.005753979466359e-15j)]
alg1: [[ 0.49698955-4.32087637e-18j  0.        +0.00000000e+00j
   0.        +0.00000000e+00j  0.00095389+4.96994173e-01j]
 [ 0.        +0.00000000e+00j  0.00298936+1.92114896e-17j
  -0.00095389+1.41863357e-17j  0.        +0.00000000e+00j]
 [ 0.        +0.00000000e+00j -0.00095389+1.98830383e-17j
   0.00298936+6.70833505e-18j  0.        +0.00000000e+00j]
 [ 0.00095389-4.96994173e-01j  0.        +0.00000000e+00j
   0.        +0.00000000e+00j  0.49703174-2.03609923e-17j]]
with lind N_ions = 4 time alg1 = 51.443711042404175
alg1: [[ 4.99978554e-01-1.73612850e-17j  0.00000000e+00+0.00000000e+00j
   0.00000000e+00+0.00000000e+00j -3.45281219e-06+5.00002919e-01j]
 [ 0.00000000e+00+0.00000000e+00j -8.36359835e-06-1.40550730e-18j
   3.45281219e-06-5.69666919e-17j  0.00000000e+00+0.00000000e+00j]
 [ 0.00000000e+00+0.00000000e+00j  3.45281219e-06+4.90146948e-17j
  -8.36359835e-06-3.79847309e-18j  0.00000000e+00+0.00000000e+00j]
 [-3.45281219e-06-5.00002919e-01j  0.00000000e+00+0.00000000e+00j
   0.00000000e+00+0.00000000e+00j  5.00038173e-01+2.21857822e-17j]]
no lind N_ions = 4 time alg1 = 50.30285096168518
--------
N_ions 4 cut_off 10 (infid,tracedist) (0.0029872755416360253, 0.006155116144524561)
(-5.641189205762842e-06, 3.851406255417846e-05)
init
alpha0,1: [(2.8532226256559483e-12-2.3698173947348927e-13j), (2.554012157040387e-14-8.330059435718946e-14j), (-8.819405308249053e-15-2.963134657270699e-14j), (2.0037451443867034e-13+2.423214246993637e-13j), (5.822121523898682e-14+5.740499136770427e-14j)] [(2.8532226256559192e-12-2.3698173947348685e-13j), (-2.5540121570403988e-14+8.330059435718983e-14j), (-8.819405308249086e-15-2.96313465727071e-14j), (-2.0037451443866744e-13-2.423214246993602e-13j), (5.822121523898775e-14+5.740499136770517e-14j)]
alg1: [[ 0.4863155 +7.34313975e-17j  0.        +0.00000000e+00j
   0.        +0.00000000e+00j -0.00833662+4.86025866e-01j]
 [ 0.        +0.00000000e+00j  0.01361732-1.48420056e-17j
   0.00833662+1.49717930e-16j  0.        +0.00000000e+00j]
 [ 0.        +0.00000000e+00j  0.00833662-1.81388474e-16j
   0.01361732-1.26231563e-17j  0.        +0.00000000e+00j]
 [-0.00833662-4.86025866e-01j  0.        +0.00000000e+00j
   0.        +0.00000000e+00j  0.48644986-4.86916382e-17j]]
with lind N_ions = 5 time alg1 = 75.91887331008911
alg1: [[ 5.00153900e-01-2.08912985e-18j  0.00000000e+00+0.00000000e+00j
   0.00000000e+00+0.00000000e+00j  2.42926834e-06+4.99998881e-01j]
 [ 0.00000000e+00+0.00000000e+00j -1.15992814e-05-8.23365706e-17j
  -2.42926834e-06-7.25872978e-18j  0.00000000e+00+0.00000000e+00j]
 [ 0.00000000e+00+0.00000000e+00j -2.42926834e-06-3.24719968e-17j
  -1.15992814e-05+5.08992168e-17j  0.00000000e+00+0.00000000e+00j]
 [ 2.42926834e-06-4.99998881e-01j  0.00000000e+00+0.00000000e+00j
   0.00000000e+00+0.00000000e+00j  4.99869299e-01+3.10236594e-17j]]
no lind N_ions = 5 time alg1 = 74.08594465255737
--------
N_ions 5 cut_off 10 (infid,tracedist) (0.013826891946606468, 0.029902479796192188)
(-5.240211640389347e-06, 0.00015392501300224098)
init
alpha0,1: [(6.618786473721923e-14+2.555831377996472e-13j), (-7.854100167886756e-13-6.315032112042656e-13j), (-9.642797793789414e-13-4.012248418173177e-14j), (-6.544383641966238e-14+2.72163980809169e-15j), (-5.593083156978329e-13+3.876653693861532e-13j), (-1.4648831017938778e-14+1.1725258288541367e-14j)] [(-6.618786473721971e-14-2.5558313779964906e-13j), (-7.854100167886664e-13-6.315032112042581e-13j), (9.642797793789452e-13+4.0122484181731936e-14j), (-6.544383641965696e-14+2.7216398080914652e-15j), (5.593083156978262e-13-3.8766536938614855e-13j), (-1.464883101793911e-14+1.1725258288541632e-14j)]
alg1: [[ 0.48502145+2.65666062e-19j  0.        +0.00000000e+00j
   0.        +0.00000000e+00j  0.00080921+4.84704772e-01j]
 [ 0.        +0.00000000e+00j  0.01504231+7.38931650e-17j
  -0.00080921+1.37552858e-17j  0.        +0.00000000e+00j]
 [ 0.        +0.00000000e+00j -0.00080921-7.85692592e-17j
   0.01504231-1.33774071e-16j  0.        +0.00000000e+00j]
 [ 0.00080921-4.84704772e-01j  0.        +0.00000000e+00j
   0.        +0.00000000e+00j  0.48489392+5.27307677e-17j]]
with lind N_ions = 6 time alg1 = 100.37041974067688
alg1: [[ 5.00069780e-01+7.65427803e-17j  0.00000000e+00+0.00000000e+00j
   0.00000000e+00+0.00000000e+00j  4.53462601e-06+5.00006303e-01j]
 [ 0.00000000e+00+0.00000000e+00j -2.31398701e-05-4.17296727e-17j
  -4.53462601e-06+6.46912896e-17j  0.00000000e+00+0.00000000e+00j]
 [ 0.00000000e+00+0.00000000e+00j -4.53462601e-06-6.45044894e-17j
  -2.31398701e-05+3.87682524e-17j  0.00000000e+00+0.00000000e+00j]
 [ 4.53462601e-06-5.00006303e-01j  0.00000000e+00+0.00000000e+00j
   0.00000000e+00+0.00000000e+00j  4.99976500e-01-7.73662493e-17j]]
no lind N_ions = 6 time alg1 = 96.69827270507812
--------
N_ions 6 cut_off 10 (infid,tracedist) (0.015205929137467322, 0.030388137701604753)
(-1.47214085397529e-05, 7.042185930841424e-05)
init
alpha0,1: [(-1.0139959495182467e-12+1.3096526677596428e-12j), (-1.7303350850521351e-12-2.2983029181033082e-12j), (-2.1207089122722696e-12-4.328288993183789e-13j), (1.1589702675742258e-12-2.3659383762453435e-13j), (4.896588266186716e-13-1.90798471677884e-13j), (-1.2362922998393225e-12+1.2391932262523845e-12j), (7.964656679357911e-13+6.890310312904366e-13j)] [(1.6557838085325332e-12-2.13857035928804e-12j), (-1.5484367508061628e-12-2.0566979966016136e-12j), (-2.856871688112413e-13-5.830770178329786e-14j), (-2.0690242026258517e-12+4.2237354135225167e-13j), (-1.8122845795764384e-12+7.061674562600354e-13j), (6.698974067602111e-13-6.71469302889925e-13j), (7.964656679357922e-13+6.890310312904376e-13j)]
alg1: [[ 0.48519276-9.04157953e-17j  0.        +0.00000000e+00j
   0.        +0.00000000e+00j -0.00554741+4.85683825e-01j]
 [ 0.        +0.00000000e+00j  0.01403772-3.31768330e-17j
   0.00554741-3.26894455e-04j  0.        +0.00000000e+00j]
 [ 0.        +0.00000000e+00j  0.00554741+3.26894455e-04j
   0.01403413+7.81400409e-19j  0.        +0.00000000e+00j]
 [-0.00554741-4.85683825e-01j  0.        +0.00000000e+00j
   0.        +0.00000000e+00j  0.4867354 +1.33825325e-16j]]
with lind N_ions = 7 time alg1 = 119.70058822631836
alg1: [[ 5.00169926e-01+2.53201662e-17j  0.00000000e+00+0.00000000e+00j
   0.00000000e+00+0.00000000e+00j  2.04571971e-07+5.00011842e-01j]
 [ 0.00000000e+00+0.00000000e+00j -1.80286468e-05-2.45684935e-17j
  -2.04571971e-07+2.93603686e-07j  0.00000000e+00+0.00000000e+00j]
 [ 0.00000000e+00+0.00000000e+00j -2.04571971e-07-2.93603686e-07j
  -1.91812304e-05+4.21160467e-17j  0.00000000e+00+0.00000000e+00j]
 [ 2.04571971e-07-5.00011842e-01j  0.00000000e+00+0.00000000e+00j
   0.00000000e+00+0.00000000e+00j  4.99867283e-01-4.57604891e-17j]]
no lind N_ions = 7 time alg1 = 117.71343469619751
--------
N_ions 7 cut_off 10 (infid,tracedist) (0.014222210933046653, 0.029446712532478193)
(-1.5223273529763048e-05, 0.00017038923708180252)
init
alpha0,1: [(2.7189474181477842e-11-2.6191380058591507e-11j), (3.361096043224363e-11+4.4934126322633795e-11j), (-2.142697359994033e-11-2.4561561846754263e-12j), (3.895840836139745e-11-4.684221669970492e-12j), (6.177748019298536e-11+7.428110203887137e-12j), (-2.6553550848310197e-11-3.557475987335186e-12j), (2.6137126584907494e-11-1.114333217034094e-11j), (1.9064173958585993e-11+2.5287361985568467e-11j)] [(-2.718947418147916e-11+2.6191380058592777e-11j), (3.361096043224303e-11+4.4934126322632994e-11j), (2.1426973599938037e-11+2.4561561846751634e-12j), (3.895840836139798e-11-4.684221669970555e-12j), (-6.177748019298523e-11-7.428110203887122e-12j), (-2.6553550848309182e-11-3.5574759873350498e-12j), (-2.6137126584907746e-11+1.1143332170341049e-11j), (1.9064173958585757e-11+2.5287361985568154e-11j)]
alg1: [[ 0.48407677-1.06523049e-18j  0.        +0.00000000e+00j
   0.        +0.00000000e+00j -0.00055051+4.83706538e-01j]
 [ 0.        +0.00000000e+00j  0.0160108 -4.42364661e-17j
   0.00055051+5.08225601e-17j  0.        +0.00000000e+00j]
 [ 0.        +0.00000000e+00j  0.00055051-5.38943467e-17j
   0.0160108 +5.02881656e-17j  0.        +0.00000000e+00j]
 [-0.00055051-4.83706538e-01j  0.        +0.00000000e+00j
   0.        +0.00000000e+00j  0.48390163-4.63053971e-18j]]
with lind N_ions = 8 time alg1 = 150.11126351356506
alg1: [[ 5.00031786e-01+5.78975962e-17j  0.00000000e+00+0.00000000e+00j
   0.00000000e+00+0.00000000e+00j  5.62629642e-06+5.00009378e-01j]
 [ 0.00000000e+00+0.00000000e+00j -3.05157685e-05+6.05262757e-17j
  -5.62629642e-06+4.35389852e-17j  0.00000000e+00+0.00000000e+00j]
 [ 0.00000000e+00+0.00000000e+00j -5.62629642e-06-5.67731020e-18j
  -3.05157685e-05-2.14228314e-17j  0.00000000e+00+0.00000000e+00j]
 [ 5.62629642e-06-5.00009378e-01j  0.00000000e+00+0.00000000e+00j
   0.00000000e+00+0.00000000e+00j  5.00029245e-01-1.00849973e-16j]]
no lind N_ions = 8 time alg1 = 148.09037852287292
--------
N_ions 8 cut_off 10 (infid,tracedist) (0.016187856188813243, 0.03235386818603304)
(-1.994676948879892e-05, 6.103153706450283e-05)
init
alpha0,1: [(1.256895454738107e-11+5.976467712633057e-11j), (1.1840007198531854e-10-4.406165516468751e-11j), (-1.3515681069765853e-11-1.0280059039673747e-10j), (4.3112980815430055e-11+1.3734567326348695e-11j), (-1.962384944332315e-10+6.251569306468305e-11j), (-6.664707921622462e-11+1.1747811940021154e-10j), (1.820618211048334e-12-1.7886575397615894e-11j), (-3.2019818941093284e-11+5.475758231060384e-12j), (5.58310508935734e-11+4.297893892631546e-11j)] [(1.2568954547380874e-11+5.976467712632963e-11j), (-1.184000719853184e-10+4.4061655164687466e-11j), (-1.3515681069765741e-11-1.0280059039673663e-10j), (-4.311298081543053e-11-1.3734567326348847e-11j), (-1.962384944332334e-10+6.251569306468366e-11j), (6.664707921622454e-11-1.1747811940021138e-10j), (1.820618211048343e-12-1.788657539761598e-11j), (3.201981894109351e-11-5.4757582310604234e-12j), (5.583105089357339e-11+4.2978938926315453e-11j)]
alg1: [[ 0.47690526+4.20213691e-17j  0.        +0.00000000e+00j
   0.        +0.00000000e+00j -0.00924862+4.76271274e-01j]
 [ 0.        +0.00000000e+00j  0.02296286+2.73507089e-17j
   0.00924862-3.12702265e-18j  0.        +0.00000000e+00j]
 [ 0.        +0.00000000e+00j  0.00924862-3.89985349e-17j
   0.02296286-7.63568220e-17j  0.        +0.00000000e+00j]
 [-0.00924862-4.76271274e-01j  0.        +0.00000000e+00j
   0.        +0.00000000e+00j  0.47716903+1.84613063e-17j]]
with lind N_ions = 9 time alg1 = 178.33510661125183
alg1: [[ 5.00295660e-01+1.81832208e-17j  0.00000000e+00+0.00000000e+00j
   0.00000000e+00+0.00000000e+00j -3.81094711e-06+5.00013679e-01j]
 [ 0.00000000e+00+0.00000000e+00j -3.32658429e-05+1.98338037e-17j
   3.81094711e-06-5.69674748e-17j  0.00000000e+00+0.00000000e+00j]
 [ 0.00000000e+00+0.00000000e+00j  3.81094711e-06+8.52958375e-17j
  -3.32658429e-05+2.16269668e-17j  0.00000000e+00+0.00000000e+00j]
 [-3.81094711e-06-5.00013679e-01j  0.00000000e+00+0.00000000e+00j
   0.00000000e+00+0.00000000e+00j  4.99770871e-01-5.73624683e-17j]]
no lind N_ions = 9 time alg1 = 175.3900649547577
--------
N_ions 9 cut_off 10 (infid,tracedist) (0.02348706442320936, 0.048477956729864026)
(-2.3479667810910598e-05, 0.0002960442327993413)
init
alpha0,1: [(-6.889383381662448e-10+2.1150189262542127e-09j), (2.665782710363546e-09-2.233750522145062e-10j), (-7.521890900919566e-10-1.560738586118519e-09j), (-6.437115324913261e-10+9.761970473533044e-11j), (2.7533965756862474e-09-6.150016404776798e-10j), (-4.653708782183746e-09-1.0394578377234816e-09j), (2.2398454195416685e-09+1.0202482723917404e-09j), (6.349166839466298e-11-5.5432590371981214e-11j), (-1.0149397238302303e-09-1.994197825345675e-09j), (-1.3869395664733081e-09+2.1397536830152963e-09j)] [(6.88938338166218e-10-2.1150189262541304e-09j), (2.6657827103636283e-09-2.2337505221451313e-10j), (7.521890900919437e-10+1.560738586118492e-09j), (-6.437115324912193e-10+9.761970473531425e-11j), (-2.753396575686331e-09+6.150016404776985e-10j), (-4.65370878218378e-09-1.039457837723489e-09j), (-2.2398454195416126e-09-1.020248272391715e-09j), (6.349166839464621e-11-5.543259037196658e-11j), (1.0149397238302387e-09+1.9941978253456917e-09j), (-1.386939566473306e-09+2.139753683015293e-09j)]
alg1: [[ 0.46355459+3.49753773e-17j  0.        +0.00000000e+00j
   0.        +0.00000000e+00j -0.00525005+4.62248788e-01j]
 [ 0.        +0.00000000e+00j  0.03623054+1.13001815e-16j
   0.00525005+4.72879121e-17j  0.        +0.00000000e+00j]
 [ 0.        +0.00000000e+00j  0.00525005-9.11356742e-17j
   0.03623054-1.44968345e-16j  0.        +0.00000000e+00j]
 [-0.00525005-4.62248788e-01j  0.        +0.00000000e+00j
   0.        +0.00000000e+00j  0.46398433-1.65688071e-18j]]
with lind N_ions = 10 time alg1 = 226.96263718605042
alg1: [[ 4.99706616e-01-8.03767500e-17j  0.00000000e+00+0.00000000e+00j
   0.00000000e+00+0.00000000e+00j -3.95503691e-06+5.00026039e-01j]
 [ 0.00000000e+00+0.00000000e+00j -4.58605025e-05+1.97309117e-17j
   3.95503691e-06+1.09903419e-16j  0.00000000e+00+0.00000000e+00j]
 [ 0.00000000e+00+0.00000000e+00j  3.95503691e-06+5.71860882e-17j
  -4.58605025e-05+1.46467105e-16j  0.00000000e+00+0.00000000e+00j]
 [-3.95503691e-06-5.00026039e-01j  0.00000000e+00+0.00000000e+00j
   0.00000000e+00+0.00000000e+00j  5.00385105e-01-9.19406419e-17j]]
no lind N_ions = 10 time alg1 = 218.44154739379883
--------
N_ions 10 cut_off 10 (infid,tracedist) (0.0374954807010075, 0.07441637106958969)
(-3.594886952140719e-05, 0.0003861259727845213)
init
alpha0,1: [(2.3940696257844217e-09+4.193745338794297e-09j), (4.717909263400039e-09+5.594120218599793e-09j), (-1.0133718225305349e-08+1.7376848425562206e-08j), (6.731390110226665e-09+1.4122063691443572e-08j), (6.533492528031256e-09+2.74304794516438e-09j), (2.329783680704664e-08-9.78145809552208e-09j), (2.308433714974153e-08-1.9734848994703423e-08j), (3.1693078699691345e-09-5.9745156949272976e-09j), (1.3381407711025842e-09-4.289838019638975e-10j), (5.219559590506658e-09-1.3800071051234155e-08j), (-1.3305486002153131e-08+7.092124356128721e-10j)] [(-3.4014262407655583e-09-5.9583544642271235e-09j), (4.770841897589458e-09+5.656883511111563e-09j), (3.1954018538964737e-09-5.479332702902975e-09j), (-8.995717612606928e-09-1.8872490673579164e-08j), (-2.795062097243105e-08-1.1734901830154605e-08j), (1.1101608645242242e-08-4.660944303785261e-09j), (1.3504368574813136e-08-1.1544913456427294e-08j), (-5.141320566175258e-09+9.691990073392816e-09j), (-5.766718605001823e-09+1.8487059997366882e-09j), (-3.686397309916569e-09+9.74652054791254e-09j), (-1.330548600215396e-08+7.092124356129163e-10j)]
alg1: [[ 0.47099774+3.06521698e-17j  0.        +0.00000000e+00j
   0.        +0.00000000e+00j -0.01012789+4.69790904e-01j]
 [ 0.        +0.00000000e+00j  0.02905075-7.75211220e-17j
   0.01012789-9.16270465e-04j  0.        +0.00000000e+00j]
 [ 0.        +0.00000000e+00j  0.01012789+9.16270465e-04j
   0.02904994+8.75586463e-17j  0.        +0.00000000e+00j]
 [-0.01012789-4.69790904e-01j  0.        +0.00000000e+00j
   0.        +0.00000000e+00j  0.47090158-4.09295856e-17j]]
with lind N_ions = 11 time alg1 = 240.367604970932
alg1: [[ 5.00072038e-01-2.10293137e-17j  0.00000000e+00+0.00000000e+00j
   0.00000000e+00+0.00000000e+00j  2.51569075e-07+5.00006984e-01j]
 [ 0.00000000e+00+0.00000000e+00j -3.13069066e-05-1.89325357e-16j
  -2.51569075e-07-1.90624595e-06j  0.00000000e+00+0.00000000e+00j]
 [ 0.00000000e+00+0.00000000e+00j -2.51569075e-07+1.90624595e-06j
  -3.21270899e-05+1.58308268e-17j  0.00000000e+00+0.00000000e+00j]
 [ 2.51569075e-07-5.00006984e-01j  0.00000000e+00+0.00000000e+00j
   0.00000000e+00+0.00000000e+00j  4.99991396e-01+1.94849771e-16j]]
no lind N_ions = 11 time alg1 = 226.92452549934387
--------
N_ions 11 cut_off 10 (infid,tracedist) (0.029902295628129072, 0.06095039411529096)
(-1.9350385016769778e-05, 7.263928660584334e-05)
init
alpha0,1: [(-2.411773270393762e-07+1.1017624074975172e-07j), (-2.5019782326056496e-07-1.8321672634343436e-07j), (-7.735319896441825e-08+1.2061502504037272e-07j), (-4.3432390145627205e-08-6.676074930966131e-08j), (-2.1624566718458272e-07-8.417721732461407e-08j), (2.0481449674253772e-07+1.4861166894281216e-08j), (-2.0256452081813797e-10+1.4697910589076476e-11j), (1.9247703013916025e-07-1.514232828238542e-08j), (-2.1965185953145624e-07+4.824837472708778e-08j), (5.6420794332516945e-08-6.201122320299522e-08j), (-8.292091303391347e-08-2.0511736066224583e-07j), (-1.6176105675261377e-07+2.37297705215436e-07j)] [(2.411773270393728e-07-1.1017624074975014e-07j), (-2.501978232605768e-07-1.83216726343443e-07j), (7.735319896441387e-08-1.206150250403659e-07j), (-4.3432390145629574e-08-6.676074930966496e-08j), (2.1624566718457692e-07+8.417721732461182e-08j), (2.0481449674253483e-07+1.4861166894281006e-08j), (2.0256452082228755e-10-1.4697910589377567e-11j), (1.9247703013915768e-07-1.5142328282385217e-08j), (2.1965185953145643e-07-4.8248374727087824e-08j), (5.642079433251529e-08-6.20112232029934e-08j), (8.292091303391473e-08+2.0511736066224893e-07j), (-1.6176105675261525e-07+2.3729770521543817e-07j)]
alg1: [[ 0.46410196+1.15722377e-17j  0.        +0.00000000e+00j
   0.        +0.00000000e+00j -0.00580134+4.62644643e-01j]
 [ 0.        +0.00000000e+00j  0.03585283-6.43322140e-17j
   0.00580134+1.81283775e-16j  0.        +0.00000000e+00j]
 [ 0.        +0.00000000e+00j  0.00580134-2.28116468e-16j
   0.03585283+2.92249626e-17j  0.        +0.00000000e+00j]
 [-0.00580134-4.62644643e-01j  0.        +0.00000000e+00j
   0.        +0.00000000e+00j  0.46419237+2.92116490e-17j]]
with lind N_ions = 12 time alg1 = 275.2533128261566
alg1: [[ 4.99448451e-01-3.71441793e-18j  0.00000000e+00+0.00000000e+00j
   0.00000000e+00+0.00000000e+00j  3.38836366e-06+5.00020742e-01j]
 [ 0.00000000e+00+0.00000000e+00j -5.05135005e-05+3.45497111e-17j
  -3.38836366e-06-1.36226194e-16j  0.00000000e+00+0.00000000e+00j]
 [ 0.00000000e+00+0.00000000e+00j -3.38836366e-06+1.76920701e-16j
  -5.05135005e-05+1.55147510e-18j  0.00000000e+00+0.00000000e+00j]
 [ 3.38836366e-06-5.00020742e-01j  0.00000000e+00+0.00000000e+00j
   0.00000000e+00+0.00000000e+00j  5.00652576e-01-3.67555512e-17j]]
no lind N_ions = 12 time alg1 = 266.6996307373047
--------
N_ions 12 cut_off 10 (infid,tracedist) (0.03705777043296421, 0.07373161250972293)
(-3.56347403085433e-05, 0.0006529431914304452)
init
/gpfs/share/home/1900011306/alg1_alg2/examples/simple/../../trap_config.py:226: IntegrationWarning: The maximum number of subdivisions (1000) has been achieved.
  If increasing the limit yields no improvement it is advised to analyze 
  the integrand in order to determine the difficulties.  If the position of a 
  local difficulty can be determined (singularity, discontinuity) one will 
  probably gain from splitting up the interval and calling the integrator 
  on the subranges.  Perhaps a special-purpose integrator should be used.
  real0 = integrate.quad(lambda t:(amp0(t)*np.exp(1j*omega[k_mod]*t)).real,0,tau,limit = 1000)[0]
/gpfs/share/home/1900011306/alg1_alg2/examples/simple/../../trap_config.py:227: IntegrationWarning: The maximum number of subdivisions (1000) has been achieved.
  If increasing the limit yields no improvement it is advised to analyze 
  the integrand in order to determine the difficulties.  If the position of a 
  local difficulty can be determined (singularity, discontinuity) one will 
  probably gain from splitting up the interval and calling the integrator 
  on the subranges.  Perhaps a special-purpose integrator should be used.
  img0 = integrate.quad(lambda t:(amp0(t)*np.exp(1j*omega[k_mod]*t)).imag,0,tau,limit = 1000)[0]
/gpfs/share/home/1900011306/alg1_alg2/examples/simple/../../trap_config.py:230: IntegrationWarning: The maximum number of subdivisions (1000) has been achieved.
  If increasing the limit yields no improvement it is advised to analyze 
  the integrand in order to determine the difficulties.  If the position of a 
  local difficulty can be determined (singularity, discontinuity) one will 
  probably gain from splitting up the interval and calling the integrator 
  on the subranges.  Perhaps a special-purpose integrator should be used.
  real1 = integrate.quad(lambda t:(amp1(t)*np.exp(1j*omega[k_mod]*t)).real,0,tau,limit = 1000)[0]
/gpfs/share/home/1900011306/alg1_alg2/examples/simple/../../trap_config.py:231: IntegrationWarning: The maximum number of subdivisions (1000) has been achieved.
  If increasing the limit yields no improvement it is advised to analyze 
  the integrand in order to determine the difficulties.  If the position of a 
  local difficulty can be determined (singularity, discontinuity) one will 
  probably gain from splitting up the interval and calling the integrator 
  on the subranges.  Perhaps a special-purpose integrator should be used.
  img1 = integrate.quad(lambda t:(amp1(t)*np.exp(1j*omega[k_mod]*t)).imag,0,tau,limit = 1000)[0]
alpha0,1: [(-1.032097929601427e-06+9.762323875243815e-07j), (2.0450797865931347e-06+8.327606833409965e-07j), (7.373829567561487e-07-1.426371399385456e-06j), (3.792757533815021e-08+6.163781718805869e-08j), (1.7429856458891508e-06+5.954408711921273e-07j), (-2.501618364293825e-06-4.410127656118181e-08j), (-1.2651867981045837e-06+2.2304102843921165e-08j), (7.85631059024292e-07+4.7978172180749965e-08j), (2.01875630177756e-06+3.667594776842491e-07j), (1.6654854470103116e-06+3.9049289686249354e-07j), (-2.4242087352471787e-07-1.577223576823316e-08j), (-6.124173717967202e-07+5.333198718459404e-07j), (6.265863810942466e-07+3.788326343113631e-07j)] [(-1.032097929601535e-06+9.762323875244836e-07j), (-2.045079786593093e-06-8.327606833409797e-07j), (7.373829567561125e-07-1.4263713993853861e-06j), (-3.7927575338164425e-08-6.163781718808178e-08j), (1.7429856458892088e-06+5.954408711921471e-07j), (2.5016183642937667e-06+4.410127656118078e-08j), (-1.2651867981045626e-06+2.230410284392079e-08j), (-7.85631059024291e-07-4.79781721807499e-08j), (2.0187563017775354e-06+3.6675947768424464e-07j), (-1.66548544701032e-06-3.904928968624955e-07j), (-2.424208735247007e-07-1.5772235768232045e-08j), (6.124173717967075e-07-5.333198718459293e-07j), (6.265863810942656e-07+3.788326343113746e-07j)]
alg1: [[ 0.46233938-1.32524417e-16j  0.        +0.00000000e+00j
   0.        +0.00000000e+00j -0.01192635+4.60433490e-01j]
 [ 0.        +0.00000000e+00j  0.03764291-9.51388376e-17j
   0.01192635+6.70152421e-16j  0.        +0.00000000e+00j]
 [ 0.        +0.00000000e+00j  0.01192635-6.93789892e-16j
   0.03764291+6.58214089e-17j  0.        +0.00000000e+00j]
 [-0.01192635-4.60433490e-01j  0.        +0.00000000e+00j
   0.        +0.00000000e+00j  0.46237479+1.57182262e-16j]]
with lind N_ions = 13 time alg1 = 314.09076595306396
alg1: [[ 5.00112168e-01-1.12980178e-16j  0.00000000e+00+0.00000000e+00j
   0.00000000e+00+0.00000000e+00j  3.05630532e-06+5.00014441e-01j]
 [ 0.00000000e+00+0.00000000e+00j -3.70991652e-05+1.84258517e-17j
  -3.05630532e-06-1.37501201e-17j  0.00000000e+00+0.00000000e+00j]
 [ 0.00000000e+00+0.00000000e+00j -3.05630532e-06+4.32122171e-17j
  -3.70991652e-05+1.03704309e-17j  0.00000000e+00+0.00000000e+00j]
 [ 3.05630532e-06-5.00014441e-01j  0.00000000e+00+0.00000000e+00j
   0.00000000e+00+0.00000000e+00j  4.99962030e-01+8.80407474e-17j]]
no lind N_ions = 13 time alg1 = 302.800333738327
--------
N_ions 13 cut_off 10 (infid,tracedist) (0.039155182067897365, 0.0790197125699009)
(-2.5777031858353894e-05, 0.00011360565934662215)
init
alpha0,1: [(-1.1492332289096205e-05-1.5724207326897444e-06j), (5.3002797521531115e-06+1.3605190101054186e-05j), (3.7857757590391787e-06-1.6352421934422703e-06j), (-4.892307637101292e-07+3.1178941027690803e-06j), (-1.0389018849353076e-05-1.63469124140982e-05j), (-4.0635904902319946e-05-2.6368804074404663e-05j), (-3.8049719388042e-05-8.130497312407614e-06j), (-7.54163371689268e-06+1.611502887634875e-06j), (2.7931596689723124e-05-8.332500303442523e-06j), (2.7919035208980874e-05-4.187000835379814e-06j), (1.047532363114197e-06+1.6240049644611896e-07j), (-5.452059606631125e-07+2.1073757096346204e-07j), (-2.1441749596272707e-06+1.2040581905758942e-05j), (9.626150315232779e-06-5.011250228211121e-06j)] [(1.1492332289099483e-05+1.572420732690193e-06j), (5.3002797521525855e-06+1.3605190101052836e-05j), (-3.7857757590391135e-06+1.6352421934422421e-06j), (-4.89230763710164e-07+3.1178941027693014e-06j), (1.038901884935283e-05+1.6346912414097813e-05j), (-4.0635904902320115e-05-2.636880407440477e-05j), (3.804971938804261e-05+8.130497312407745e-06j), (-7.541633716893795e-06+1.6115028876351133e-06j), (-2.7931596689722017e-05+8.332500303442193e-06j), (2.791903520898061e-05-4.187000835379775e-06j), (-1.0475323631142157e-06-1.6240049644612185e-07j), (-5.452059606632561e-07+2.1073757096351755e-07j), (2.144174959627299e-06-1.2040581905759103e-05j), (9.626150315232425e-06-5.0112502282109375e-06j)]
alg1: [[ 0.44520611+4.61438667e-17j  0.        +0.00000000e+00j
   0.        +0.00000000e+00j -0.0100989 +4.41489361e-01j]
 [ 0.        +0.00000000e+00j  0.05480041-8.55037613e-17j
   0.0100989 -7.35742183e-16j  0.        +0.00000000e+00j]
 [ 0.        +0.00000000e+00j  0.0100989 +6.60423786e-16j
   0.05480041+1.47936397e-17j  0.        +0.00000000e+00j]
 [-0.0100989 -4.41489361e-01j  0.        +0.00000000e+00j
   0.        +0.00000000e+00j  0.44519307+3.94609607e-17j]]
with lind N_ions = 14 time alg1 = 369.53999280929565
alg1: [[ 5.00316280e-01-4.50320210e-17j  0.00000000e+00+0.00000000e+00j
   0.00000000e+00+0.00000000e+00j -4.33165374e-06+5.00031459e-01j]
 [ 0.00000000e+00+0.00000000e+00j -5.16860272e-05-1.20659219e-17j
   4.33165374e-06-8.15304642e-17j  0.00000000e+00+0.00000000e+00j]
 [ 0.00000000e+00+0.00000000e+00j  4.33165374e-06+1.41155622e-16j
  -5.16860272e-05+6.92491320e-17j  0.00000000e+00+0.00000000e+00j]
 [-4.33165374e-06-5.00031459e-01j  0.00000000e+00+0.00000000e+00j
   0.00000000e+00+0.00000000e+00j  4.99787092e-01-2.36208288e-17j]]
no lind N_ions = 14 time alg1 = 359.20333337783813
--------
N_ions 14 cut_off 10 (infid,tracedist) (0.05804997997276862, 0.11425869794496372)
(-4.1571606975487896e-05, 0.0003181789772091334)
init
alpha0,1: [(2.9861359615397883e-06+7.539701478030824e-05j), (8.854766645256836e-05-5.98772132011266e-05j), (-3.982396858143933e-05-5.380136693026063e-05j), (-6.607079617132834e-06-6.789499190977998e-06j), (1.1022613822254663e-05+2.3035031016342115e-05j), (0.00015141459753731655+7.854606666708727e-05j), (-0.0002866235220353093-2.234537474595085e-05j), (-0.0001673041888215318+1.3043154201951626e-05j), (-2.6429834001862018e-05+3.552429484041864e-06j), (-3.91080379969231e-05-2.2034378070119554e-06j), (5.630474392416209e-05-4.8993626085175115e-05j), (6.659120292599813e-05-5.15887903112421e-05j), (-5.013320154187727e-06+7.177801576498364e-06j), (2.582715484785159e-05+7.354777740669564e-05j), (-4.151151846305512e-05+5.6282239362525325e-05j)] [(-3.919735317956022e-06-9.896948615508932e-05j), (9.170703084810023e-05-6.20136211164345e-05j), (2.079587240430783e-05+2.8094798226124182e-05j), (6.177701229926088e-06+6.3482657896119755e-06j), (-3.902525386380956e-05-8.15548786947885e-05j), (0.0001273832335348808+6.607983719029483e-05j), (-4.372939321574513e-05-3.409174766537444e-06j), (0.0002612419857548306-2.0366612027025205e-05j), (0.00015918372710058994-2.1395857631643472e-05j), (-5.538658569485804e-06-3.1206090402939554e-07j), (4.264973035188128e-05-3.7111703133009354e-05j), (-9.963623336553023e-05+7.71890658922089e-05j), (2.3804785247473505e-05-3.40824084284329e-05j), (-2.02576967491438e-05-5.768767717758531e-05j), (-4.151151846305255e-05+5.628223936252184e-05j)]
alg1: [[ 0.45349977+1.15515846e-17j  0.        +0.00000000e+00j
   0.        +0.00000000e+00j -0.01240151+4.50513812e-01j]
 [ 0.        +0.00000000e+00j  0.04663582+1.49808149e-16j
   0.01240151-1.30622722e-03j  0.        +0.00000000e+00j]
 [ 0.        +0.00000000e+00j  0.01240151+1.30622722e-03j
   0.04663697-1.66686962e-16j  0.        +0.00000000e+00j]
 [-0.01240151-4.50513812e-01j  0.        +0.00000000e+00j
   0.        +0.00000000e+00j  0.45322744+1.94665727e-17j]]
with lind N_ions = 15 time alg1 = 387.54906463623047
alg1: [[ 5.00033247e-01+5.09356403e-17j  0.00000000e+00+0.00000000e+00j
   0.00000000e+00+0.00000000e+00j -1.08134072e-06+5.00024336e-01j]
 [ 0.00000000e+00+0.00000000e+00j -5.04493595e-05-1.01948058e-16j
   1.08134072e-06-1.53576862e-06j  0.00000000e+00+0.00000000e+00j]
 [ 0.00000000e+00+0.00000000e+00j  1.08134072e-06+1.53576862e-06j
  -5.04992416e-05+2.88441731e-17j  0.00000000e+00+0.00000000e+00j]
 [-1.08134072e-06-5.00024336e-01j  0.00000000e+00+0.00000000e+00j
   0.00000000e+00+0.00000000e+00j  5.00067701e-01+1.14242438e-17j]]
no lind N_ions = 15 time alg1 = 363.32583570480347
--------
N_ions 15 cut_off 10 (infid,tracedist) (0.048975096518259154, 0.09772691499780055)
(-3.7404628605797186e-05, 0.00010094860111507968)
init
alpha0,1: [(0.0002482295234288491+0.0005317203234205609j), (0.00024630562212943905-0.0007473945843911638j), (-0.000483744648631312-1.2404358175131574e-05j), (6.009642327810442e-05-0.00011651199111919806j), (-6.584647367892191e-05-0.0009804290058578373j), (-0.0010455950988717438-0.0014867602242712968j), (0.0007675199239974525+0.00036104114266630763j), (-0.0022191013417708935-0.0001947206930084018j), (0.0038463207051048966-0.0003375051959699917j), (0.0018843699848729632-0.0003484436963948168j), (-0.00028873607632141034+4.477561226088505e-05j), (0.0006608915238953879+0.00023719940705026383j), (-0.0005494104293518382-0.0003722112531114203j), (0.0001745554207875956-7.212049728087346e-05j), (0.00025506542885978635+0.0006354756854351118j), (-0.0003261684388544755+0.0007946256355610179j)] [(-0.00024822952342886783-0.0005317203234206011j), (0.00024630562212944425-0.0007473945843911796j), (0.00048374464863127747+1.2404358175130688e-05j), (6.009642327809679e-05-0.00011651199111918326j), (6.584647367892306e-05+0.0009804290058578545j), (-0.0010455950988717232-0.0014867602242712675j), (-0.0007675199239975629-0.0003610411426663595j), (-0.0022191013417707617-0.00019472069300839024j), (-0.0038463207051048828+0.00033750519596999044j), (0.0018843699848728995-0.000348443696394805j), (0.00028873607632145143-4.4775612260891425e-05j), (0.0006608915238954+0.0002371994070502682j), (0.0005494104293518285+0.0003722112531114137j), (0.00017455542078754818-7.212049728085387e-05j), (-0.0002550654288598174-0.0006354756854351892j), (-0.00032616843885444844+0.0007946256355609519j)]
alg1: [[ 0.44513001+1.49362494e-16j  0.        +0.00000000e+00j
   0.        +0.00000000e+00j -0.00965334+4.41853626e-01j]
 [ 0.        +0.00000000e+00j  0.05448605-2.21461883e-18j
   0.00965334-1.32754147e-15j  0.        +0.00000000e+00j]
 [ 0.        +0.00000000e+00j  0.00965334+1.15649880e-15j
   0.05448605-1.55473521e-16j  0.        +0.00000000e+00j]
 [-0.00965334-4.41853626e-01j  0.        +0.00000000e+00j
   0.        +0.00000000e+00j  0.44589789+2.65790893e-17j]]
with lind N_ions = 16 time alg1 = 434.6705195903778
alg1: [[ 4.99698011e-01+1.66897370e-16j  0.00000000e+00+0.00000000e+00j
   0.00000000e+00+0.00000000e+00j  7.66178851e-06+5.00000018e-01j]
 [ 0.00000000e+00+0.00000000e+00j -3.29883652e-05-5.26994322e-17j
  -7.66178851e-06-4.40742143e-17j  0.00000000e+00+0.00000000e+00j]
 [ 0.00000000e+00+0.00000000e+00j -7.66178851e-06+7.58682705e-17j
  -3.29883652e-05+7.58253214e-17j  0.00000000e+00+0.00000000e+00j]
 [ 7.66178851e-06-5.00000018e-01j  0.00000000e+00+0.00000000e+00j
   0.00000000e+00+0.00000000e+00j  5.00367965e-01-2.03527215e-16j]]
no lind N_ions = 16 time alg1 = 417.42210960388184
--------
N_ions 16 cut_off 10 (infid,tracedist) (0.057640711204522965, 0.11346257082579995)
(-1.651040050187902e-05, 0.00036805298951728816)
init
alpha0,1: [(0.001060428406285129+0.004679879746706191j), (0.003607117326688965-0.0058848204315530535j), (-0.00490423923652764-0.0007025237836547786j), (-3.2426339299955676e-05+0.00029598524418528166j), (-0.00303813894039201-0.0011269584726934147j), (-0.0030560192994941253+0.0027537493871498796j), (0.0008632982525907625-0.002353588247356922j), (-0.0003158660727838534+0.0003352672315865752j), (-0.0015538104302011545-0.001649248736189423j), (-2.364184117203664e-05+0.0038816636379453975j), (3.5800342714649976e-05-0.0016816739394976913j), (-0.0005412915428483209-0.002232825238869615j), (0.0029056109718918165+0.005611585608409684j), (-0.005335151135880336-0.003303727195584341j), (-0.0009920158190124579+0.00023055572513590484j), (-0.00041137424879341154+0.005133391399919316j), (0.004001834505751542-0.002894189742463249j)] [(0.0010604284062849946+0.004679879746705598j), (-0.0036071173266886496+0.005884820431552539j), (-0.0049042392365288975-0.0007025237836549588j), (3.242633930003316e-05-0.00029598524418598894j), (-0.0030381389403917615-0.0011269584726933224j), (0.003056019299494207-0.002753749387149953j), (0.000863298252590786-0.0023535882473569862j), (0.000315866072783762-0.0003352672315864782j), (-0.0015538104302011146-0.0016492487361893808j), (2.3641841172037027e-05-0.003881663637945461j), (3.580034271465233e-05-0.0016816739394978017j), (0.0005412915428483135+0.002232825238869584j), (0.00290561097189183+0.005611585608409711j), (0.0053351511358802955+0.003303727195584316j), (-0.0009920158190125962+0.000230555725135937j), (0.0004113742487933931-0.005133391399919086j), (0.004001834505751654-0.0028941897424633297j)]
alg1: [[ 0.44245977-3.78222718e-17j  0.        +0.00000000e+00j
   0.        +0.00000000e+00j -0.01583359+4.38034149e-01j]
 [ 0.        +0.00000000e+00j  0.05744989-2.25806412e-17j
   0.01583359+3.51483104e-16j  0.        +0.00000000e+00j]
 [ 0.        +0.00000000e+00j  0.01583359-3.45002739e-16j
   0.05744989+4.65241256e-17j  0.        +0.00000000e+00j]
 [-0.01583359-4.38034149e-01j  0.        +0.00000000e+00j
   0.        +0.00000000e+00j  0.44264045+2.64866694e-17j]]
with lind N_ions = 17 time alg1 = 436.4722456932068
alg1: [[ 4.99980174e-01+4.10313556e-17j  0.00000000e+00+0.00000000e+00j
   0.00000000e+00+0.00000000e+00j  1.18913464e-05+4.99741692e-01j]
 [ 0.00000000e+00+0.00000000e+00j  2.29557302e-04-4.37880243e-17j
  -1.18913464e-05+4.38267009e-17j  0.00000000e+00+0.00000000e+00j]
 [ 0.00000000e+00+0.00000000e+00j -1.18913464e-05-3.83016251e-17j
   2.29557302e-04+5.17670548e-17j  0.00000000e+00+0.00000000e+00j]
 [ 1.18913464e-05-4.99741692e-01j  0.00000000e+00+0.00000000e+00j
   0.00000000e+00+0.00000000e+00j  4.99560712e-01-4.98037576e-17j]]
no lind N_ions = 17 time alg1 = 424.6240725517273
--------
N_ions 17 cut_off 10 (infid,tracedist) (0.05432231844401436, 0.12093053788010968)
(0.00024395731830995082, 0.0005625012893505024)
init
alpha0,1: [(0.08814296787250574+0.15140296158320662j), (0.047094260885876066-0.23810264222589825j), (0.17844759076437577-0.048586398259001636j), (-0.011904215930577283-0.044518320898362926j), (0.05921847843749008+0.013010969481413753j), (-0.017777985242904044-0.004478508080810297j), (-0.16000988166885385+0.10414335142445226j), (-0.07829779586691529+0.05099575426035358j), (0.29463131790578884-0.08060519688864347j), (0.5240802719135418+0.14337781130433874j), (0.21834694327183352+0.25944021021251334j), (0.0035929812783257855+0.022467559862916497j), (-0.024584756190921552+0.041930605750043516j), (-0.11574270006679782+0.14515243342955234j), (-0.04212703193806177+0.18286214999113154j), (0.0076537774050018026+0.009570245908255995j), (-0.35664510193837545+0.16192854592901945j), (-0.4029901923900029-0.1752832142740886j)] [(-0.08814296787248799-0.15140296158317612j), (0.04709426088587746-0.23810264222590533j), (-0.17844759076438663+0.0485863982590046j), (-0.011904215930576119-0.044518320898358575j), (-0.05921847843749217-0.013010969481414215j), (-0.017777985242903183-0.00447850808081008j), (0.16000988166885896-0.10414335142445559j), (-0.07829779586689949+0.050995754260343286j), (-0.29463131790580704+0.08060519688864845j), (0.5240802719135372+0.14337781130433752j), (-0.2183469432718435-0.25944021021252517j), (0.003592981278326064+0.022467559862918242j), (0.0245847561909221-0.04193060575004445j), (-0.11574270006679774+0.14515243342955225j), (0.04212703193806213-0.1828621499911331j), (0.007653777405002527+0.0095702459082569j), (0.3566451019383905-0.16192854592902628j), (-0.4029901923899813-0.17528321427407922j)]
alg1: [[ 0.25240399+2.42673178e-18j  0.        +0.00000000e+00j
   0.        +0.00000000e+00j -0.00091755-4.75006236e-02j]
 [ 0.        +0.00000000e+00j  0.24756558+9.06976678e-18j
   0.00091755+1.06302774e-15j  0.        +0.00000000e+00j]
 [ 0.        +0.00000000e+00j  0.00091755-1.07032956e-15j
   0.24756558-1.21095257e-17j  0.        +0.00000000e+00j]
 [-0.00091755+4.75006236e-02j  0.        +0.00000000e+00j
   0.        +0.00000000e+00j  0.25246485+4.00366568e-18j]]
with lind N_ions = 18 time alg1 = 431.5262815952301
alg1: [[ 0.25330008+3.89426089e-17j  0.        +0.00000000e+00j
   0.        +0.00000000e+00j -0.00114497-5.56763639e-02j]
 [ 0.        +0.00000000e+00j  0.24670578-4.01928066e-17j
   0.00114497+9.83688888e-16j  0.        +0.00000000e+00j]
 [ 0.        +0.00000000e+00j  0.00114497-1.07048994e-15j
   0.24670578-4.84802534e-17j  0.        +0.00000000e+00j]
 [-0.00114497+5.56763639e-02j  0.        +0.00000000e+00j
   0.        +0.00000000e+00j  0.25328837+4.70506198e-17j]]
no lind N_ions = 18 time alg1 = 416.9860544204712
--------
N_ions 18 cut_off 10 (infid,tracedist) (6.761977760638693e-05, 0.009038782885601948)
(0.5554576853005527, 0.8023833217776164)
init
alpha0,1: [(-0.11774656407131748-0.012821968775428464j), (0.13009365384760146+0.16180859094540473j), (0.09693402434046965-0.1856872335596311j), (-0.08736018124164135-0.038061034630505995j), (0.03653171724315418-0.050391833087395116j), (-0.0711319341014942-0.12422640428110408j), (0.12237591103063121+0.013803341082920915j), (0.0450622093419756-0.020493372985245492j), (-0.0102975673858727+0.00384359575347213j), (0.043799548821066764+0.01634830378324155j), (0.07059146984589651+0.0633198380202371j), (0.06513575590108941+0.054293805440102524j), (-0.016849966257147516-0.010282344809131153j), (-0.144569187820234-0.08819407056814628j), (-0.1530814638572157-0.0855889956619302j), (0.06110843647052973+0.013945830143090233j), (0.0010664069364353646-0.0006751021650099974j), (-0.003433004961521746+0.013460862417271603j), (-0.019514585557995963+0.012715123643613468j)] [(0.14692639809599523+0.01599949606624597j), (0.1353318192204554+0.16832374470619774j), (-0.06164066505353855+0.11807912285128128j), (0.05582991701505988+0.024323946845426044j), (-0.11037384175313429+0.15224962390402763j), (-0.07011041768152677-0.12244240510591516j), (-0.015300756388956638-0.0017258425901367565j), (-0.060061900420639205+0.02731492630957781j), (0.05310223489384106-0.019820557311220708j), (0.025591582085835667+0.009552129405309568j), (0.029536557476538678+0.026493994800967726j), (-0.1034011450453297-0.08618985952815288j), (0.12557137200975216+0.07662734307329885j), (0.01192070220166884+0.007272194490731535j), (-0.12860985223886606-0.07190673389183778j), (-0.08611746760681888-0.019653253216140757j), (-0.005495947196338164+0.00347927767933588j), (0.002848695822824763-0.011169777780543285j), (-0.019514585557995807+0.012715123643613368j)]
alg1: [[ 0.31949406-3.91165781e-18j  0.        +0.00000000e+00j
   0.        +0.00000000e+00j -0.00695111+2.62215537e-01j]
 [ 0.        +0.00000000e+00j  0.18088695+4.45102349e-17j
   0.00695111-3.58227155e-03j  0.        +0.00000000e+00j]
 [ 0.        +0.00000000e+00j  0.00695111+3.58227155e-03j
   0.18089973-7.09879829e-17j  0.        +0.00000000e+00j]
 [-0.00695111-2.62215537e-01j  0.        +0.00000000e+00j
   0.        +0.00000000e+00j  0.31871926-1.39417282e-19j]]
with lind N_ions = 19 time alg1 = 526.8686337471008
alg1: [[ 0.34967221+5.57593836e-17j  0.        +0.00000000e+00j
   0.        +0.00000000e+00j -0.00211253+3.15389259e-01j]
 [ 0.        +0.00000000e+00j  0.15050244-6.96596481e-18j
   0.00211253-2.90134799e-03j  0.        +0.00000000e+00j]
 [ 0.        +0.00000000e+00j  0.00211253+2.90134799e-03j
   0.15050662-1.86680762e-17j  0.        +0.00000000e+00j]
 [-0.00211253-3.15389259e-01j  0.        +0.00000000e+00j
   0.        +0.00000000e+00j  0.34931873-2.99617248e-17j]]
no lind N_ions = 19 time alg1 = 507.4829993247986
--------
N_ions 19 cut_off 10 (infid,tracedist) (0.004284623800379417, 0.08378263779055126)
(0.18459535791997128, 0.3351274408265326)
k =  0
median 1.0478715896606445
end 1.937110424041748
k =  1
median 0.8595683574676514
end 0.010354995727539062
---------------N = 2 my bound 0.0131891298307166
k =  0
median 1.1743953227996826
end 3.358459234237671
k =  1
median 1.056044340133667
end 3.346238136291504
k =  2
median 1.1603765487670898
end 4.7326390743255615
---------------N = 3 my bound 0.0156692964641070
k =  0
median 1.3697667121887207
end 4.12052321434021
k =  1
median 1.4315381050109863
end 4.159801006317139
k =  2
median 1.87882399559021
end 4.127658843994141
k =  3
median 1.8672456741333008
end 4.156480073928833
---------------N = 4 my bound 0.0120758151660462
k =  0
median 1.959054708480835
end 6.267033815383911
k =  1
median 2.504990339279175
end 6.326641798019409
k =  2
median 2.277843475341797
end 6.265944957733154
k =  3
median 2.3508048057556152
end 6.324542045593262
k =  4
median 2.550459623336792
end 8.893781185150146
---------------N = 5 my bound 0.0566795788389724
k =  0
median 2.56484317779541
end 7.822345733642578
k =  1
median 2.506420373916626
end 7.824850559234619
k =  2
median 2.5338003635406494
end 7.9505767822265625
k =  3
median 2.9730827808380127
end 7.885927200317383
k =  4
median 2.9254579544067383
end 7.930068731307983
k =  5
median 3.091961622238159
end 8.05071234703064
---------------N = 6 my bound 0.0621783781851432
k =  0
median 2.9133670330047607
end 8.744445085525513
k =  1
median 3.139275074005127
end 12.107602834701538
k =  2
median 2.9224963188171387
end 8.352362871170044
k =  3
median 3.1203110218048096
end 8.800463914871216
k =  4
median 3.584251642227173
end 12.309861898422241
k =  5
median 3.032036304473877
end 8.902456283569336
k =  6
median 2.953282356262207
end 8.324817180633545
---------------N = 7 my bound 0.0587818118909526
k =  0
median 3.4912984371185303
end 10.399680137634277
k =  1
median 3.7767419815063477
end 10.458695650100708
k =  2
median 3.4818015098571777
end 13.781729936599731
k =  3
median 3.7102062702178955
end 14.466244459152222
k =  4
median 4.195921421051025
end 14.49714708328247
k =  5
median 3.5629324913024902
end 9.799679040908813
k =  6
median 4.458034992218018
end 9.747957706451416
k =  7
median 3.729670763015747
end 10.689152240753174
---------------N = 8 my bound 0.0663006608175680
k =  0
median 3.9597747325897217
end 11.100921869277954
k =  1
median 3.978193998336792
end 16.478757858276367
k =  2
median 3.7534313201904297
end 11.08180832862854
k =  3
median 5.125097990036011
end 11.163970708847046
k =  4
median 4.824031114578247
end 16.739238500595093
k =  5
median 4.459172964096069
end 11.252970218658447
k =  6
median 3.802584409713745
end 12.35549545288086
k =  7
median 4.370832204818726
end 15.695547342300415
k =  8
median 4.008558511734009
end 12.352930784225464
---------------N = 9 my bound 0.0972518961135070
k =  0
median 4.654618263244629
end 13.27190613746643
k =  1
median 4.8061363697052
end 14.5679612159729
k =  2
median 4.568502902984619
end 13.351256847381592
k =  3
median 4.814911842346191
end 14.734055995941162
k =  4
median 4.54569411277771
end 13.321847915649414
k =  5
median 4.999322175979614
end 13.436537981033325
k =  6
median 6.436916351318359
end 13.358633995056152
k =  7
median 5.884600400924683
end 18.83011221885681
k =  8
median 6.853474140167236
end 13.375600814819336
k =  9
median 4.990400075912476
end 13.398245573043823
---------------N = 10 my bound 0.157063245987192
k =  0
median 4.612934827804565
end 14.9515540599823
k =  1
median 4.3854663372039795
end 13.393235921859741
k =  2
median 4.570107460021973
end 13.247577905654907
k =  3
median 6.898840427398682
end 13.248558044433594
k =  4
median 4.629195690155029
end 13.415106058120728
k =  5
median 4.854082822799683
end 0.09246587753295898
k =  6
median 4.486045598983765
end 15.213754415512085
k =  7
median 5.896670341491699
end 18.81550168991089
k =  8
median 4.705383062362671
end 13.394373893737793
k =  9
median 7.019559383392334
end 13.474583864212036
k =  10
median 5.111611366271973
end 13.349750757217407
---------------N = 11 my bound 0.126679975482360
k =  0
median 5.295952081680298
end 15.573064804077148
k =  1
median 7.640648365020752
end 15.572896957397461
k =  2
median 5.4039013385772705
end 15.48673152923584
k =  3
median 5.84416127204895
end 23.88469696044922
k =  4
median 5.865325927734375
end 15.537225723266602
k =  5
median 5.769436359405518
end 15.487218141555786
k =  6
median 5.8233654499053955
end 17.831774473190308
k =  7
median 6.810736179351807
end 21.656076669692993
k =  8
median 6.715792417526245
end 21.80013132095337
k =  9
median 5.937988042831421
end 18.085400581359863
k =  10
median 6.036825895309448
end 15.597357749938965
k =  11
median 6.490789413452148
end 15.659143447875977
---------------N = 12 my bound 0.155399520699364
k =  0
median 5.645723819732666
end 19.16558337211609
k =  1
median 5.884901762008667
end 16.582401275634766
k =  2
median 5.886202812194824
end 16.570213317871094
k =  3
median 6.062060117721558
end 19.39737343788147
k =  4
median 5.905761480331421
end 16.492072582244873
k =  5
median 5.494373321533203
end 16.558165311813354
k =  6
median 6.913182735443115
end 16.748775005340576
k =  7
median 6.439614772796631
end 26.158393383026123
k =  8
median 6.245493650436401
end 16.601699352264404
k =  9
median 6.948185682296753
end 16.628520250320435
k =  10
median 6.511179447174072
end 19.827345848083496
k =  11
median 6.580733776092529
end 16.7039475440979
k =  12
median 6.913998365402222
end 23.288525104522705
---------------N = 13 my bound 0.164924063314158
k =  0
median 7.151939392089844
end 19.14656949043274
k =  1
median 6.631443977355957
end 22.356933116912842
k =  2
median 6.682467460632324
end 19.080949544906616
k =  3
median 6.761352062225342
end 19.01688504219055
k =  4
median 6.6461310386657715
end 18.944703102111816
k =  5
median 10.58696460723877
end 19.05619168281555
k =  6
median 6.990750074386597
end 19.01464080810547
k =  7
median 6.823006629943848
end 19.181422233581543
k =  8
median 7.913014888763428
end 22.71575164794922
k =  9
median 7.691053152084351
end 26.860573530197144
k =  10
median 7.279891014099121
end 19.23995351791382
k =  11
median 7.770445346832275
end 19.19181180000305
k =  12
median 7.067349433898926
end 22.906025409698486
k =  13
median 7.293863773345947
end 19.13040828704834
---------------N = 14 my bound 0.249040906445674
k =  0
median 6.38391375541687
end 19.095860719680786
k =  1
median 7.453284740447998
end 26.493886947631836
k =  2
median 7.083021402359009
end 30.34199023246765
k =  3
median 7.079748153686523
end 19.15460729598999
k =  4
median 7.152884006500244
end 19.152207136154175
k =  5
median 7.147880554199219
end 19.278855562210083
k =  6
median 6.765187978744507
end 19.13717031478882
k =  7
median 11.773213863372803
end 26.835421562194824
k =  8
median 6.954153776168823
end 19.145930528640747
k =  9
median 8.011038780212402
end 19.140077590942383
k =  10
median 7.674774646759033
end 19.096097230911255
k =  11
median 7.519440412521362
end 23.190807819366455
k =  12
median 7.2516255378723145
end 18.656816482543945
k =  13
median 7.855157852172852
end 18.606351375579834
k =  14
median 7.056683301925659
end 18.64642596244812
---------------N = 15 my bound 0.211468492162592
k =  0
median 7.569495677947998
end 20.741456985473633
k =  1
median 7.680487394332886
end 25.127660751342773
k =  2
median 7.445866584777832
end 20.6978759765625
k =  3
median 7.53773832321167
end 20.685029983520508
k =  4
median 7.417726278305054
end 20.67849898338318
k =  5
median 7.19071888923645
end 20.59118127822876
k =  6
median 7.8130834102630615
end 33.58869671821594
k =  7
median 8.18238353729248
end 28.839841842651367
k =  8
median 8.570536851882935
end 20.618962287902832
k =  9
median 8.580623626708984
end 20.58816933631897
k =  10
median 7.541780233383179
end 20.561372995376587
k =  11
median 8.73417592048645
end 33.88451313972473
k =  12
median 8.036284923553467
end 20.685004711151123
k =  13
median 7.665411710739136
end 20.683509349822998
k =  14
median 7.946761846542358
end 20.71054244041443
k =  15
median 8.314683198928833
end 20.68201994895935
---------------N = 16 my bound 0.247238611978417
k =  0
median 7.206411123275757
end 25.993104934692383
k =  1
median 7.203510761260986
end 20.487828969955444
k =  2
median 6.934486389160156
end 20.506365299224854
k =  3
median 7.4342615604400635
end 20.586541891098022
k =  4
median 7.331598997116089
end 20.571718215942383
k =  5
median 7.350468158721924
end 20.621606588363647
k =  6
median 7.444203615188599
end 26.39537501335144
k =  7
median 7.328404903411865
end 20.63947081565857
k =  8
median 7.451313734054565
end 0.14863157272338867
k =  9
median 7.590836048126221
end 20.678804636001587
k =  10
median 7.529716730117798
end 20.68677830696106
k =  11
median 7.687195301055908
end 20.61249589920044
k =  12
median 7.478603363037109
end 20.562336206436157
k =  13
median 7.442142009735107
end 26.610771417617798
k =  14
median 7.28846549987793
end 20.597095012664795
k =  15
median 7.603584289550781
end 20.579305410385132
k =  16
median 7.391456127166748
end 20.549487352371216
---------------N = 17 my bound 0.264074438637205
k =  0
median 8.449724435806274
end 22.691614866256714
k =  1
median 8.069490671157837
end 22.672847986221313
k =  2
median 7.966555118560791
end 22.737624406814575
k =  3
median 7.988891363143921
end 29.42392635345459
k =  4
median 8.63606858253479
end 31.680386066436768
k =  5
median 8.164441585540771
end 22.644661903381348
k =  6
median 8.859918117523193
end 22.64776039123535
k =  7
median 8.229285717010498
end 22.695597648620605
k =  8
median 8.328272581100464
end 22.640896797180176
k =  9
median 9.450595378875732
end 0.11659049987792969
k =  10
median 15.227933168411255
end 22.74226999282837
k =  11
median 9.01551079750061
end 22.634185791015625
k =  12
median 8.546272277832031
end 22.633442401885986
k =  13
median 9.07321572303772
end 22.5831356048584
k =  14
median 8.942628860473633
end 22.691572189331055
k =  15
median 8.516921281814575
end 22.747804880142212
k =  16
median 8.566226243972778
end 22.614375352859497
k =  17
median 16.169699668884277
end 22.608057498931885
---------------N = 18 my bound 0.909891280854327
k =  0
median 8.119690656661987
end 22.7962167263031
k =  1
median 8.390735864639282
end 22.677971601486206
k =  2
median 9.027000427246094
end 31.912914991378784
k =  3
median 8.850828409194946
end 22.712796211242676
k =  4
median 8.043794393539429
end 22.660401344299316
k =  5
median 7.751888036727905
end 22.621636152267456
k =  6
median 17.11718225479126
end 31.701706886291504
k =  7
median 7.755462884902954
end 22.752909183502197
k =  8
median 8.763280868530273
end 22.74424433708191
k =  9
median 9.549503803253174
end 0.16504597663879395
k =  10
median 9.163787603378296
end 22.61238741874695
k =  11
median 9.98708963394165
end 22.692578554153442
k =  12
median 9.36716604232788
end 22.679664373397827
k =  13
median 9.360814332962036
end 22.828161239624023
k =  14
median 18.154994010925293
end 31.81724452972412
k =  15
median 8.812442779541016
end 22.791512966156006
k =  16
median 8.726804256439209
end 22.849830389022827
k =  17
median 8.328277349472046
end 22.73178195953369
k =  18
median 8.543763399124146
end 22.734492778778076
---------------N = 19 my bound 0.461967551414835
done
